[0.056s] Invoking command in '/home/yuto/kachaka_ws/build/kachaka_description': CMAKE_PREFIX_PATH=${CMAKE_PREFIX_PATH}:/home/yuto/kachaka_ws/install/kachaka_follow:/home/yuto/ros2_ws/install/kachaka_speak:/home/yuto/ros2_ws/install/kachaka_follow:/opt/ros/humble /usr/bin/cmake --build /home/yuto/kachaka_ws/build/kachaka_description -- -j12 -l12
[0.105s] Invoked command in '/home/yuto/kachaka_ws/build/kachaka_description' returned '0': CMAKE_PREFIX_PATH=${CMAKE_PREFIX_PATH}:/home/yuto/kachaka_ws/install/kachaka_follow:/home/yuto/ros2_ws/install/kachaka_speak:/home/yuto/ros2_ws/install/kachaka_follow:/opt/ros/humble /usr/bin/cmake --build /home/yuto/kachaka_ws/build/kachaka_description -- -j12 -l12
[0.128s] Invoking command in '/home/yuto/kachaka_ws/build/kachaka_description': CMAKE_PREFIX_PATH=${CMAKE_PREFIX_PATH}:/home/yuto/kachaka_ws/install/kachaka_follow:/home/yuto/ros2_ws/install/kachaka_speak:/home/yuto/ros2_ws/install/kachaka_follow:/opt/ros/humble /usr/bin/cmake --install /home/yuto/kachaka_ws/build/kachaka_description
[0.135s] -- Install configuration: ""
[0.135s] -- Up-to-date: /home/yuto/kachaka_ws/install/kachaka_description/share/kachaka_description/config
[0.136s] -- Up-to-date: /home/yuto/kachaka_ws/install/kachaka_description/share/kachaka_description/config/kachaka.rviz
[0.136s] -- Up-to-date: /home/yuto/kachaka_ws/install/kachaka_description/share/kachaka_description/launch
[0.137s] -- Up-to-date: /home/yuto/kachaka_ws/install/kachaka_description/share/kachaka_description/launch/robot_description.launch.xml
[0.138s] -- Up-to-date: /home/yuto/kachaka_ws/install/kachaka_description/share/kachaka_description/robot
[0.138s] -- Up-to-date: /home/yuto/kachaka_ws/install/kachaka_description/share/kachaka_description/robot/kachaka.urdf.xacro
[0.138s] -- Up-to-date: /home/yuto/kachaka_ws/install/kachaka_description/share/kachaka_description/robot/kachaka.urdf
[0.138s] -- Up-to-date: /home/yuto/kachaka_ws/install/kachaka_description/share/ament_index/resource_index/package_run_dependencies/kachaka_description
[0.138s] -- Up-to-date: /home/yuto/kachaka_ws/install/kachaka_description/share/ament_index/resource_index/parent_prefix_path/kachaka_description
[0.138s] -- Up-to-date: /home/yuto/kachaka_ws/install/kachaka_description/share/kachaka_description/environment/ament_prefix_path.sh
[0.139s] -- Up-to-date: /home/yuto/kachaka_ws/install/kachaka_description/share/kachaka_description/environment/ament_prefix_path.dsv
[0.139s] -- Up-to-date: /home/yuto/kachaka_ws/install/kachaka_description/share/kachaka_description/environment/path.sh
[0.139s] -- Up-to-date: /home/yuto/kachaka_ws/install/kachaka_description/share/kachaka_description/environment/path.dsv
[0.139s] -- Up-to-date: /home/yuto/kachaka_ws/install/kachaka_description/share/kachaka_description/local_setup.bash
[0.139s] -- Up-to-date: /home/yuto/kachaka_ws/install/kachaka_description/share/kachaka_description/local_setup.sh
[0.139s] -- Up-to-date: /home/yuto/kachaka_ws/install/kachaka_description/share/kachaka_description/local_setup.zsh
[0.140s] -- Up-to-date: /home/yuto/kachaka_ws/install/kachaka_description/share/kachaka_description/local_setup.dsv
[0.140s] -- Installing: /home/yuto/kachaka_ws/install/kachaka_description/share/kachaka_description/package.dsv
[0.140s] -- Up-to-date: /home/yuto/kachaka_ws/install/kachaka_description/share/ament_index/resource_index/packages/kachaka_description
[0.141s] -- Up-to-date: /home/yuto/kachaka_ws/install/kachaka_description/share/kachaka_description/cmake/ament_cmake_export_dependencies-extras.cmake
[0.141s] -- Up-to-date: /home/yuto/kachaka_ws/install/kachaka_description/share/kachaka_description/cmake/kachaka_descriptionConfig.cmake
[0.141s] -- Up-to-date: /home/yuto/kachaka_ws/install/kachaka_description/share/kachaka_description/cmake/kachaka_descriptionConfig-version.cmake
[0.141s] -- Up-to-date: /home/yuto/kachaka_ws/install/kachaka_description/share/kachaka_description/package.xml
[0.211s] Invoked command in '/home/yuto/kachaka_ws/build/kachaka_description' returned '0': CMAKE_PREFIX_PATH=${CMAKE_PREFIX_PATH}:/home/yuto/kachaka_ws/install/kachaka_follow:/home/yuto/ros2_ws/install/kachaka_speak:/home/yuto/ros2_ws/install/kachaka_follow:/opt/ros/humble /usr/bin/cmake --install /home/yuto/kachaka_ws/build/kachaka_description
