[0.235s] Invoking command in '/home/yuto/kachaka_ws/build/kachaka_vision': CMAKE_PREFIX_PATH=/opt/ros/humble /usr/bin/cmake /home/yuto/kachaka_ws/src/kachaka_vision -DCMAKE_INSTALL_PREFIX=/home/yuto/kachaka_ws/install/kachaka_vision
[0.317s] -- The C compiler identification is GNU 11.4.0
[0.401s] -- The CXX compiler identification is GNU 11.4.0
[0.410s] -- Detecting C compiler ABI info
[0.478s] -- Detecting C compiler ABI info - done
[0.487s] -- Check for working C compiler: /usr/bin/cc - skipped
[0.488s] -- Detecting C compile features
[0.488s] -- Detecting C compile features - done
[0.493s] -- Detecting CXX compiler ABI info
[0.564s] -- Detecting CXX compiler ABI info - done
[0.573s] -- Check for working CXX compiler: /usr/bin/c++ - skipped
[0.573s] -- Detecting CXX compile features
[0.573s] -- Detecting CXX compile features - done
[0.576s] -- Found ament_cmake: 1.3.8 (/opt/ros/humble/share/ament_cmake/cmake)
[0.710s] -- Found Python3: /usr/bin/python3 (found version "3.10.12") found components: Interpreter 
[0.790s] -- Found cv_bridge: 3.2.1 (/opt/ros/humble/share/cv_bridge/cmake)
[0.821s] -- Found rosidl_generator_c: 3.1.5 (/opt/ros/humble/share/rosidl_generator_c/cmake)
[0.825s] -- Found rosidl_adapter: 3.1.5 (/opt/ros/humble/share/rosidl_adapter/cmake)
[0.833s] -- Found rosidl_generator_cpp: 3.1.5 (/opt/ros/humble/share/rosidl_generator_cpp/cmake)
[0.845s] -- Using all available rosidl_typesupport_c: rosidl_typesupport_fastrtps_c;rosidl_typesupport_introspection_c
[0.860s] -- Using all available rosidl_typesupport_cpp: rosidl_typesupport_fastrtps_cpp;rosidl_typesupport_introspection_cpp
[1.013s] -- Found rclcpp: 16.0.8 (/opt/ros/humble/share/rclcpp/cmake)
[1.061s] -- Found rmw_implementation_cmake: 6.1.1 (/opt/ros/humble/share/rmw_implementation_cmake/cmake)
[1.064s] -- Found rmw_fastrtps_cpp: 6.2.6 (/opt/ros/humble/share/rmw_fastrtps_cpp/cmake)
[1.130s] -- Found OpenSSL: /usr/lib/x86_64-linux-gnu/libcrypto.so (found version "3.0.2")  
[1.147s] -- Found FastRTPS: /opt/ros/humble/include  
[1.178s] -- Using RMW implementation 'rmw_fastrtps_cpp' as default
[1.186s] -- Looking for pthread.h
[1.235s] -- Looking for pthread.h - found
[1.235s] -- Performing Test CMAKE_HAVE_LIBC_PTHREAD
[1.278s] -- Performing Test CMAKE_HAVE_LIBC_PTHREAD - Success
[1.279s] -- Found Threads: TRUE  
[1.371s] -- Found OpenCV: /usr (found version "4.5.4") 
[1.419s] -- Configuring done
[1.430s] -- Generating done
[1.431s] -- Build files have been written to: /home/yuto/kachaka_ws/build/kachaka_vision
[1.450s] Invoked command in '/home/yuto/kachaka_ws/build/kachaka_vision' returned '0': CMAKE_PREFIX_PATH=/opt/ros/humble /usr/bin/cmake /home/yuto/kachaka_ws/src/kachaka_vision -DCMAKE_INSTALL_PREFIX=/home/yuto/kachaka_ws/install/kachaka_vision
[1.451s] Invoking command in '/home/yuto/kachaka_ws/build/kachaka_vision': CMAKE_PREFIX_PATH=/opt/ros/humble /usr/bin/cmake --build /home/yuto/kachaka_ws/build/kachaka_vision -- -j12 -l12
[1.478s] [ 50%] [32mBuilding CXX object CMakeFiles/hand_recognition_node.dir/src/hand_recognition_node.cpp.o[0m
[6.349s] [100%] [32m[1mLinking CXX executable hand_recognition_node[0m
[6.779s] [100%] Built target hand_recognition_node
[6.790s] Invoked command in '/home/yuto/kachaka_ws/build/kachaka_vision' returned '0': CMAKE_PREFIX_PATH=/opt/ros/humble /usr/bin/cmake --build /home/yuto/kachaka_ws/build/kachaka_vision -- -j12 -l12
[6.802s] Invoking command in '/home/yuto/kachaka_ws/build/kachaka_vision': CMAKE_PREFIX_PATH=/opt/ros/humble /usr/bin/cmake --install /home/yuto/kachaka_ws/build/kachaka_vision
[6.806s] -- Install configuration: ""
[6.806s] -- Installing: /home/yuto/kachaka_ws/install/kachaka_vision/lib/kachaka_vision/hand_recognition_node
[6.808s] -- Set runtime path of "/home/yuto/kachaka_ws/install/kachaka_vision/lib/kachaka_vision/hand_recognition_node" to ""
[6.808s] -- Installing: /home/yuto/kachaka_ws/install/kachaka_vision/share/ament_index/resource_index/package_run_dependencies/kachaka_vision
[6.808s] -- Installing: /home/yuto/kachaka_ws/install/kachaka_vision/share/ament_index/resource_index/parent_prefix_path/kachaka_vision
[6.808s] -- Installing: /home/yuto/kachaka_ws/install/kachaka_vision/share/kachaka_vision/environment/ament_prefix_path.sh
[6.808s] -- Installing: /home/yuto/kachaka_ws/install/kachaka_vision/share/kachaka_vision/environment/ament_prefix_path.dsv
[6.809s] -- Installing: /home/yuto/kachaka_ws/install/kachaka_vision/share/kachaka_vision/environment/path.sh
[6.809s] -- Installing: /home/yuto/kachaka_ws/install/kachaka_vision/share/kachaka_vision/environment/path.dsv
[6.809s] -- Installing: /home/yuto/kachaka_ws/install/kachaka_vision/share/kachaka_vision/local_setup.bash
[6.809s] -- Installing: /home/yuto/kachaka_ws/install/kachaka_vision/share/kachaka_vision/local_setup.sh
[6.809s] -- Installing: /home/yuto/kachaka_ws/install/kachaka_vision/share/kachaka_vision/local_setup.zsh
[6.809s] -- Installing: /home/yuto/kachaka_ws/install/kachaka_vision/share/kachaka_vision/local_setup.dsv
[6.809s] -- Installing: /home/yuto/kachaka_ws/install/kachaka_vision/share/kachaka_vision/package.dsv
[6.809s] -- Installing: /home/yuto/kachaka_ws/install/kachaka_vision/share/ament_index/resource_index/packages/kachaka_vision
[6.809s] -- Installing: /home/yuto/kachaka_ws/install/kachaka_vision/share/kachaka_vision/cmake/kachaka_visionConfig.cmake
[6.809s] -- Installing: /home/yuto/kachaka_ws/install/kachaka_vision/share/kachaka_vision/cmake/kachaka_visionConfig-version.cmake
[6.809s] -- Installing: /home/yuto/kachaka_ws/install/kachaka_vision/share/kachaka_vision/package.xml
[6.809s] -- Installing: /home/yuto/kachaka_ws/install/kachaka_vision/share/kachaka_vision//launch
[6.809s] -- Installing: /home/yuto/kachaka_ws/install/kachaka_vision/share/kachaka_vision//launch/hand_recognition_launch.py
[6.809s] -- Installing: /home/yuto/kachaka_ws/install/kachaka_vision/share/kachaka_vision//config
[6.809s] -- Installing: /home/yuto/kachaka_ws/install/kachaka_vision/share/kachaka_vision//config/.gitignore
[6.809s] -- Installing: /home/yuto/kachaka_ws/install/kachaka_vision/share/kachaka_vision//config/pose_deploy.prototxt
[6.809s] -- Installing: /home/yuto/kachaka_ws/install/kachaka_vision/share/kachaka_vision//config/pose_iter_102000.caffemodel
[6.883s] Invoked command in '/home/yuto/kachaka_ws/build/kachaka_vision' returned '0': CMAKE_PREFIX_PATH=/opt/ros/humble /usr/bin/cmake --install /home/yuto/kachaka_ws/build/kachaka_vision
