[0.442s] DEBUG:colcon:Command line arguments: ['/usr/bin/colcon', 'build']
[0.442s] DEBUG:colcon:Parsed command line arguments: Namespace(log_base=None, log_level=None, verb_name='build', build_base='build', install_base='install', merge_install=False, symlink_install=False, test_result_base=None, continue_on_error=False, executor='parallel', parallel_workers=12, event_handlers=None, ignore_user_meta=False, metas=['./colcon.meta'], base_paths=['.'], packages_ignore=None, packages_ignore_regex=None, paths=None, packages_up_to=None, packages_up_to_regex=None, packages_above=None, packages_above_and_dependencies=None, packages_above_depth=None, packages_select_by_dep=None, packages_skip_by_dep=None, packages_skip_up_to=None, packages_select_build_failed=False, packages_skip_build_finished=False, packages_select_test_failures=False, packages_skip_test_passed=False, packages_select=None, packages_skip=None, packages_select_regex=None, packages_skip_regex=None, packages_start=None, packages_end=None, allow_overriding=[], cmake_args=None, cmake_target=None, cmake_target_skip_unavailable=False, cmake_clean_cache=False, cmake_clean_first=False, cmake_force_configure=False, ament_cmake_args=None, catkin_cmake_args=None, catkin_skip_building_tests=False, verb_parser=<colcon_defaults.argument_parser.defaults.DefaultArgumentsDecorator object at 0x72496ccfc100>, verb_extension=<colcon_core.verb.build.BuildVerb object at 0x72496cf76080>, main=<bound method BuildVerb.main of <colcon_core.verb.build.BuildVerb object at 0x72496cf76080>>)
[0.463s] Level 1:colcon.colcon_core.package_discovery:discover_packages(colcon_meta) check parameters
[0.463s] Level 1:colcon.colcon_core.package_discovery:discover_packages(recursive) check parameters
[0.463s] Level 1:colcon.colcon_core.package_discovery:discover_packages(ignore) check parameters
[0.463s] Level 1:colcon.colcon_core.package_discovery:discover_packages(path) check parameters
[0.463s] Level 1:colcon.colcon_core.package_discovery:discover_packages(colcon_meta) discover
[0.463s] Level 1:colcon.colcon_core.package_discovery:discover_packages(recursive) discover
[0.463s] INFO:colcon.colcon_core.package_discovery:Crawling recursively for packages in '/home/yuto/kachaka_ws'
[0.463s] Level 1:colcon.colcon_core.package_identification:_identify(.) by extensions ['ignore', 'ignore_ament_install']
[0.463s] Level 1:colcon.colcon_core.package_identification:_identify(.) by extension 'ignore'
[0.463s] Level 1:colcon.colcon_core.package_identification:_identify(.) by extension 'ignore_ament_install'
[0.463s] Level 1:colcon.colcon_core.package_identification:_identify(.) by extensions ['colcon_pkg']
[0.463s] Level 1:colcon.colcon_core.package_identification:_identify(.) by extension 'colcon_pkg'
[0.463s] Level 1:colcon.colcon_core.package_identification:_identify(.) by extensions ['colcon_meta']
[0.463s] Level 1:colcon.colcon_core.package_identification:_identify(.) by extension 'colcon_meta'
[0.463s] Level 1:colcon.colcon_core.package_identification:_identify(.) by extensions ['ros']
[0.463s] Level 1:colcon.colcon_core.package_identification:_identify(.) by extension 'ros'
[0.469s] Level 1:colcon.colcon_core.package_identification:_identify(.) by extensions ['cmake', 'python']
[0.469s] Level 1:colcon.colcon_core.package_identification:_identify(.) by extension 'cmake'
[0.470s] Level 1:colcon.colcon_core.package_identification:_identify(.) by extension 'python'
[0.470s] Level 1:colcon.colcon_core.package_identification:_identify(.) by extensions ['python_setup_py']
[0.470s] Level 1:colcon.colcon_core.package_identification:_identify(.) by extension 'python_setup_py'
[0.470s] Level 1:colcon.colcon_core.package_identification:_identify(build) by extensions ['ignore', 'ignore_ament_install']
[0.470s] Level 1:colcon.colcon_core.package_identification:_identify(build) by extension 'ignore'
[0.470s] Level 1:colcon.colcon_core.package_identification:_identify(build) ignored
[0.470s] Level 1:colcon.colcon_core.package_identification:_identify(install) by extensions ['ignore', 'ignore_ament_install']
[0.470s] Level 1:colcon.colcon_core.package_identification:_identify(install) by extension 'ignore'
[0.470s] Level 1:colcon.colcon_core.package_identification:_identify(install) ignored
[0.470s] Level 1:colcon.colcon_core.package_identification:_identify(log) by extensions ['ignore', 'ignore_ament_install']
[0.470s] Level 1:colcon.colcon_core.package_identification:_identify(log) by extension 'ignore'
[0.470s] Level 1:colcon.colcon_core.package_identification:_identify(log) ignored
[0.470s] Level 1:colcon.colcon_core.package_identification:_identify(src) by extensions ['ignore', 'ignore_ament_install']
[0.470s] Level 1:colcon.colcon_core.package_identification:_identify(src) by extension 'ignore'
[0.470s] Level 1:colcon.colcon_core.package_identification:_identify(src) by extension 'ignore_ament_install'
[0.470s] Level 1:colcon.colcon_core.package_identification:_identify(src) by extensions ['colcon_pkg']
[0.470s] Level 1:colcon.colcon_core.package_identification:_identify(src) by extension 'colcon_pkg'
[0.470s] Level 1:colcon.colcon_core.package_identification:_identify(src) by extensions ['colcon_meta']
[0.470s] Level 1:colcon.colcon_core.package_identification:_identify(src) by extension 'colcon_meta'
[0.470s] Level 1:colcon.colcon_core.package_identification:_identify(src) by extensions ['ros']
[0.470s] Level 1:colcon.colcon_core.package_identification:_identify(src) by extension 'ros'
[0.470s] Level 1:colcon.colcon_core.package_identification:_identify(src) by extensions ['cmake', 'python']
[0.470s] Level 1:colcon.colcon_core.package_identification:_identify(src) by extension 'cmake'
[0.470s] Level 1:colcon.colcon_core.package_identification:_identify(src) by extension 'python'
[0.470s] Level 1:colcon.colcon_core.package_identification:_identify(src) by extensions ['python_setup_py']
[0.470s] Level 1:colcon.colcon_core.package_identification:_identify(src) by extension 'python_setup_py'
[0.470s] Level 1:colcon.colcon_core.package_identification:_identify(src/kachaka_bringup) by extensions ['ignore', 'ignore_ament_install']
[0.470s] Level 1:colcon.colcon_core.package_identification:_identify(src/kachaka_bringup) by extension 'ignore'
[0.470s] Level 1:colcon.colcon_core.package_identification:_identify(src/kachaka_bringup) by extension 'ignore_ament_install'
[0.470s] Level 1:colcon.colcon_core.package_identification:_identify(src/kachaka_bringup) by extensions ['colcon_pkg']
[0.470s] Level 1:colcon.colcon_core.package_identification:_identify(src/kachaka_bringup) by extension 'colcon_pkg'
[0.470s] Level 1:colcon.colcon_core.package_identification:_identify(src/kachaka_bringup) by extensions ['colcon_meta']
[0.470s] Level 1:colcon.colcon_core.package_identification:_identify(src/kachaka_bringup) by extension 'colcon_meta'
[0.470s] Level 1:colcon.colcon_core.package_identification:_identify(src/kachaka_bringup) by extensions ['ros']
[0.470s] Level 1:colcon.colcon_core.package_identification:_identify(src/kachaka_bringup) by extension 'ros'
[0.470s] Level 1:colcon.colcon_core.package_identification:_identify(src/kachaka_bringup) by extensions ['cmake', 'python']
[0.470s] Level 1:colcon.colcon_core.package_identification:_identify(src/kachaka_bringup) by extension 'cmake'
[0.470s] Level 1:colcon.colcon_core.package_identification:_identify(src/kachaka_bringup) by extension 'python'
[0.470s] Level 1:colcon.colcon_core.package_identification:_identify(src/kachaka_bringup) by extensions ['python_setup_py']
[0.471s] Level 1:colcon.colcon_core.package_identification:_identify(src/kachaka_bringup) by extension 'python_setup_py'
[0.471s] Level 1:colcon.colcon_core.package_identification:_identify(src/kachaka_bringup/bringup) by extensions ['ignore', 'ignore_ament_install']
[0.471s] Level 1:colcon.colcon_core.package_identification:_identify(src/kachaka_bringup/bringup) by extension 'ignore'
[0.471s] Level 1:colcon.colcon_core.package_identification:_identify(src/kachaka_bringup/bringup) by extension 'ignore_ament_install'
[0.471s] Level 1:colcon.colcon_core.package_identification:_identify(src/kachaka_bringup/bringup) by extensions ['colcon_pkg']
[0.471s] Level 1:colcon.colcon_core.package_identification:_identify(src/kachaka_bringup/bringup) by extension 'colcon_pkg'
[0.471s] Level 1:colcon.colcon_core.package_identification:_identify(src/kachaka_bringup/bringup) by extensions ['colcon_meta']
[0.471s] Level 1:colcon.colcon_core.package_identification:_identify(src/kachaka_bringup/bringup) by extension 'colcon_meta'
[0.471s] Level 1:colcon.colcon_core.package_identification:_identify(src/kachaka_bringup/bringup) by extensions ['ros']
[0.471s] Level 1:colcon.colcon_core.package_identification:_identify(src/kachaka_bringup/bringup) by extension 'ros'
[0.472s] DEBUG:colcon.colcon_core.package_identification:Package 'src/kachaka_bringup/bringup' with type 'ros.ament_cmake' and name 'kachaka_bringup'
[0.472s] Level 1:colcon.colcon_core.package_identification:_identify(src/kachaka_description) by extensions ['ignore', 'ignore_ament_install']
[0.472s] Level 1:colcon.colcon_core.package_identification:_identify(src/kachaka_description) by extension 'ignore'
[0.472s] Level 1:colcon.colcon_core.package_identification:_identify(src/kachaka_description) by extension 'ignore_ament_install'
[0.472s] Level 1:colcon.colcon_core.package_identification:_identify(src/kachaka_description) by extensions ['colcon_pkg']
[0.472s] Level 1:colcon.colcon_core.package_identification:_identify(src/kachaka_description) by extension 'colcon_pkg'
[0.472s] Level 1:colcon.colcon_core.package_identification:_identify(src/kachaka_description) by extensions ['colcon_meta']
[0.472s] Level 1:colcon.colcon_core.package_identification:_identify(src/kachaka_description) by extension 'colcon_meta'
[0.472s] Level 1:colcon.colcon_core.package_identification:_identify(src/kachaka_description) by extensions ['ros']
[0.472s] Level 1:colcon.colcon_core.package_identification:_identify(src/kachaka_description) by extension 'ros'
[0.473s] DEBUG:colcon.colcon_core.package_identification:Package 'src/kachaka_description' with type 'ros.ament_cmake' and name 'kachaka_description'
[0.473s] Level 1:colcon.colcon_core.package_identification:_identify(src/kachaka_follow) by extensions ['ignore', 'ignore_ament_install']
[0.473s] Level 1:colcon.colcon_core.package_identification:_identify(src/kachaka_follow) by extension 'ignore'
[0.473s] Level 1:colcon.colcon_core.package_identification:_identify(src/kachaka_follow) by extension 'ignore_ament_install'
[0.473s] Level 1:colcon.colcon_core.package_identification:_identify(src/kachaka_follow) by extensions ['colcon_pkg']
[0.473s] Level 1:colcon.colcon_core.package_identification:_identify(src/kachaka_follow) by extension 'colcon_pkg'
[0.473s] Level 1:colcon.colcon_core.package_identification:_identify(src/kachaka_follow) by extensions ['colcon_meta']
[0.473s] Level 1:colcon.colcon_core.package_identification:_identify(src/kachaka_follow) by extension 'colcon_meta'
[0.473s] Level 1:colcon.colcon_core.package_identification:_identify(src/kachaka_follow) by extensions ['ros']
[0.473s] Level 1:colcon.colcon_core.package_identification:_identify(src/kachaka_follow) by extension 'ros'
[0.473s] DEBUG:colcon.colcon_core.package_identification:Package 'src/kachaka_follow' with type 'ros.ament_python' and name 'kachaka_follow'
[0.473s] Level 1:colcon.colcon_core.package_identification:_identify(src/kachaka_interfaces) by extensions ['ignore', 'ignore_ament_install']
[0.473s] Level 1:colcon.colcon_core.package_identification:_identify(src/kachaka_interfaces) by extension 'ignore'
[0.473s] Level 1:colcon.colcon_core.package_identification:_identify(src/kachaka_interfaces) by extension 'ignore_ament_install'
[0.473s] Level 1:colcon.colcon_core.package_identification:_identify(src/kachaka_interfaces) by extensions ['colcon_pkg']
[0.473s] Level 1:colcon.colcon_core.package_identification:_identify(src/kachaka_interfaces) by extension 'colcon_pkg'
[0.473s] Level 1:colcon.colcon_core.package_identification:_identify(src/kachaka_interfaces) by extensions ['colcon_meta']
[0.473s] Level 1:colcon.colcon_core.package_identification:_identify(src/kachaka_interfaces) by extension 'colcon_meta'
[0.473s] Level 1:colcon.colcon_core.package_identification:_identify(src/kachaka_interfaces) by extensions ['ros']
[0.473s] Level 1:colcon.colcon_core.package_identification:_identify(src/kachaka_interfaces) by extension 'ros'
[0.474s] DEBUG:colcon.colcon_core.package_identification:Package 'src/kachaka_interfaces' with type 'ros.ament_cmake' and name 'kachaka_interfaces'
[0.474s] Level 1:colcon.colcon_core.package_identification:_identify(src/kachaka_speak) by extensions ['ignore', 'ignore_ament_install']
[0.474s] Level 1:colcon.colcon_core.package_identification:_identify(src/kachaka_speak) by extension 'ignore'
[0.474s] Level 1:colcon.colcon_core.package_identification:_identify(src/kachaka_speak) by extension 'ignore_ament_install'
[0.474s] Level 1:colcon.colcon_core.package_identification:_identify(src/kachaka_speak) by extensions ['colcon_pkg']
[0.474s] Level 1:colcon.colcon_core.package_identification:_identify(src/kachaka_speak) by extension 'colcon_pkg'
[0.474s] Level 1:colcon.colcon_core.package_identification:_identify(src/kachaka_speak) by extensions ['colcon_meta']
[0.474s] Level 1:colcon.colcon_core.package_identification:_identify(src/kachaka_speak) by extension 'colcon_meta'
[0.474s] Level 1:colcon.colcon_core.package_identification:_identify(src/kachaka_speak) by extensions ['ros']
[0.474s] Level 1:colcon.colcon_core.package_identification:_identify(src/kachaka_speak) by extension 'ros'
[0.474s] DEBUG:colcon.colcon_core.package_identification:Package 'src/kachaka_speak' with type 'ros.ament_python' and name 'kachaka_speak'
[0.474s] Level 1:colcon.colcon_core.package_identification:_identify(src/kachaka_vision) by extensions ['ignore', 'ignore_ament_install']
[0.474s] Level 1:colcon.colcon_core.package_identification:_identify(src/kachaka_vision) by extension 'ignore'
[0.474s] Level 1:colcon.colcon_core.package_identification:_identify(src/kachaka_vision) by extension 'ignore_ament_install'
[0.474s] Level 1:colcon.colcon_core.package_identification:_identify(src/kachaka_vision) by extensions ['colcon_pkg']
[0.474s] Level 1:colcon.colcon_core.package_identification:_identify(src/kachaka_vision) by extension 'colcon_pkg'
[0.474s] Level 1:colcon.colcon_core.package_identification:_identify(src/kachaka_vision) by extensions ['colcon_meta']
[0.474s] Level 1:colcon.colcon_core.package_identification:_identify(src/kachaka_vision) by extension 'colcon_meta'
[0.474s] Level 1:colcon.colcon_core.package_identification:_identify(src/kachaka_vision) by extensions ['ros']
[0.474s] Level 1:colcon.colcon_core.package_identification:_identify(src/kachaka_vision) by extension 'ros'
[0.475s] DEBUG:colcon.colcon_core.package_identification:Package 'src/kachaka_vision' with type 'ros.ament_cmake' and name 'kachaka_vision'
[0.475s] Level 1:colcon.colcon_core.package_discovery:discover_packages(recursive) using defaults
[0.475s] Level 1:colcon.colcon_core.package_discovery:discover_packages(ignore) discover
[0.475s] Level 1:colcon.colcon_core.package_discovery:discover_packages(ignore) using defaults
[0.475s] Level 1:colcon.colcon_core.package_discovery:discover_packages(path) discover
[0.475s] Level 1:colcon.colcon_core.package_discovery:discover_packages(path) using defaults
[0.516s] Level 1:colcon.colcon_core.package_discovery:discover_packages(prefix_path) check parameters
[0.516s] Level 1:colcon.colcon_core.package_discovery:discover_packages(prefix_path) discover
[0.530s] DEBUG:colcon.colcon_installed_package_information.package_discovery:Found 327 installed packages in /opt/ros/humble
[0.530s] Level 1:colcon.colcon_core.package_discovery:discover_packages(prefix_path) using defaults
[0.583s] Level 5:colcon.colcon_core.verb:set package 'kachaka_bringup' build argument 'cmake_args' from command line to 'None'
[0.583s] Level 5:colcon.colcon_core.verb:set package 'kachaka_bringup' build argument 'cmake_target' from command line to 'None'
[0.583s] Level 5:colcon.colcon_core.verb:set package 'kachaka_bringup' build argument 'cmake_target_skip_unavailable' from command line to 'False'
[0.583s] Level 5:colcon.colcon_core.verb:set package 'kachaka_bringup' build argument 'cmake_clean_cache' from command line to 'False'
[0.583s] Level 5:colcon.colcon_core.verb:set package 'kachaka_bringup' build argument 'cmake_clean_first' from command line to 'False'
[0.583s] Level 5:colcon.colcon_core.verb:set package 'kachaka_bringup' build argument 'cmake_force_configure' from command line to 'False'
[0.583s] Level 5:colcon.colcon_core.verb:set package 'kachaka_bringup' build argument 'ament_cmake_args' from command line to 'None'
[0.583s] Level 5:colcon.colcon_core.verb:set package 'kachaka_bringup' build argument 'catkin_cmake_args' from command line to 'None'
[0.583s] Level 5:colcon.colcon_core.verb:set package 'kachaka_bringup' build argument 'catkin_skip_building_tests' from command line to 'False'
[0.583s] DEBUG:colcon.colcon_core.verb:Building package 'kachaka_bringup' with the following arguments: {'ament_cmake_args': None, 'build_base': '/home/yuto/kachaka_ws/build/kachaka_bringup', 'catkin_cmake_args': None, 'catkin_skip_building_tests': False, 'cmake_args': None, 'cmake_clean_cache': False, 'cmake_clean_first': False, 'cmake_force_configure': False, 'cmake_target': None, 'cmake_target_skip_unavailable': False, 'install_base': '/home/yuto/kachaka_ws/install/kachaka_bringup', 'merge_install': False, 'path': '/home/yuto/kachaka_ws/src/kachaka_bringup/bringup', 'symlink_install': False, 'test_result_base': None}
[0.590s] Level 5:colcon.colcon_core.verb:set package 'kachaka_description' build argument 'cmake_args' from command line to 'None'
[0.590s] Level 5:colcon.colcon_core.verb:set package 'kachaka_description' build argument 'cmake_target' from command line to 'None'
[0.590s] Level 5:colcon.colcon_core.verb:set package 'kachaka_description' build argument 'cmake_target_skip_unavailable' from command line to 'False'
[0.590s] Level 5:colcon.colcon_core.verb:set package 'kachaka_description' build argument 'cmake_clean_cache' from command line to 'False'
[0.590s] Level 5:colcon.colcon_core.verb:set package 'kachaka_description' build argument 'cmake_clean_first' from command line to 'False'
[0.590s] Level 5:colcon.colcon_core.verb:set package 'kachaka_description' build argument 'cmake_force_configure' from command line to 'False'
[0.590s] Level 5:colcon.colcon_core.verb:set package 'kachaka_description' build argument 'ament_cmake_args' from command line to 'None'
[0.590s] Level 5:colcon.colcon_core.verb:set package 'kachaka_description' build argument 'catkin_cmake_args' from command line to 'None'
[0.590s] Level 5:colcon.colcon_core.verb:set package 'kachaka_description' build argument 'catkin_skip_building_tests' from command line to 'False'
[0.590s] DEBUG:colcon.colcon_core.verb:Building package 'kachaka_description' with the following arguments: {'ament_cmake_args': None, 'build_base': '/home/yuto/kachaka_ws/build/kachaka_description', 'catkin_cmake_args': None, 'catkin_skip_building_tests': False, 'cmake_args': None, 'cmake_clean_cache': False, 'cmake_clean_first': False, 'cmake_force_configure': False, 'cmake_target': None, 'cmake_target_skip_unavailable': False, 'install_base': '/home/yuto/kachaka_ws/install/kachaka_description', 'merge_install': False, 'path': '/home/yuto/kachaka_ws/src/kachaka_description', 'symlink_install': False, 'test_result_base': None}
[0.596s] Level 5:colcon.colcon_core.verb:set package 'kachaka_interfaces' build argument 'cmake_args' from command line to 'None'
[0.596s] Level 5:colcon.colcon_core.verb:set package 'kachaka_interfaces' build argument 'cmake_target' from command line to 'None'
[0.596s] Level 5:colcon.colcon_core.verb:set package 'kachaka_interfaces' build argument 'cmake_target_skip_unavailable' from command line to 'False'
[0.596s] Level 5:colcon.colcon_core.verb:set package 'kachaka_interfaces' build argument 'cmake_clean_cache' from command line to 'False'
[0.596s] Level 5:colcon.colcon_core.verb:set package 'kachaka_interfaces' build argument 'cmake_clean_first' from command line to 'False'
[0.596s] Level 5:colcon.colcon_core.verb:set package 'kachaka_interfaces' build argument 'cmake_force_configure' from command line to 'False'
[0.596s] Level 5:colcon.colcon_core.verb:set package 'kachaka_interfaces' build argument 'ament_cmake_args' from command line to 'None'
[0.596s] Level 5:colcon.colcon_core.verb:set package 'kachaka_interfaces' build argument 'catkin_cmake_args' from command line to 'None'
[0.596s] Level 5:colcon.colcon_core.verb:set package 'kachaka_interfaces' build argument 'catkin_skip_building_tests' from command line to 'False'
[0.596s] DEBUG:colcon.colcon_core.verb:Building package 'kachaka_interfaces' with the following arguments: {'ament_cmake_args': None, 'build_base': '/home/yuto/kachaka_ws/build/kachaka_interfaces', 'catkin_cmake_args': None, 'catkin_skip_building_tests': False, 'cmake_args': None, 'cmake_clean_cache': False, 'cmake_clean_first': False, 'cmake_force_configure': False, 'cmake_target': None, 'cmake_target_skip_unavailable': False, 'install_base': '/home/yuto/kachaka_ws/install/kachaka_interfaces', 'merge_install': False, 'path': '/home/yuto/kachaka_ws/src/kachaka_interfaces', 'symlink_install': False, 'test_result_base': None}
[0.603s] Level 5:colcon.colcon_core.verb:set package 'kachaka_speak' build argument 'cmake_args' from command line to 'None'
[0.603s] Level 5:colcon.colcon_core.verb:set package 'kachaka_speak' build argument 'cmake_target' from command line to 'None'
[0.603s] Level 5:colcon.colcon_core.verb:set package 'kachaka_speak' build argument 'cmake_target_skip_unavailable' from command line to 'False'
[0.603s] Level 5:colcon.colcon_core.verb:set package 'kachaka_speak' build argument 'cmake_clean_cache' from command line to 'False'
[0.603s] Level 5:colcon.colcon_core.verb:set package 'kachaka_speak' build argument 'cmake_clean_first' from command line to 'False'
[0.603s] Level 5:colcon.colcon_core.verb:set package 'kachaka_speak' build argument 'cmake_force_configure' from command line to 'False'
[0.603s] Level 5:colcon.colcon_core.verb:set package 'kachaka_speak' build argument 'ament_cmake_args' from command line to 'None'
[0.603s] Level 5:colcon.colcon_core.verb:set package 'kachaka_speak' build argument 'catkin_cmake_args' from command line to 'None'
[0.603s] Level 5:colcon.colcon_core.verb:set package 'kachaka_speak' build argument 'catkin_skip_building_tests' from command line to 'False'
[0.603s] DEBUG:colcon.colcon_core.verb:Building package 'kachaka_speak' with the following arguments: {'ament_cmake_args': None, 'build_base': '/home/yuto/kachaka_ws/build/kachaka_speak', 'catkin_cmake_args': None, 'catkin_skip_building_tests': False, 'cmake_args': None, 'cmake_clean_cache': False, 'cmake_clean_first': False, 'cmake_force_configure': False, 'cmake_target': None, 'cmake_target_skip_unavailable': False, 'install_base': '/home/yuto/kachaka_ws/install/kachaka_speak', 'merge_install': False, 'path': '/home/yuto/kachaka_ws/src/kachaka_speak', 'symlink_install': False, 'test_result_base': None}
[0.609s] Level 5:colcon.colcon_core.verb:set package 'kachaka_vision' build argument 'cmake_args' from command line to 'None'
[0.609s] Level 5:colcon.colcon_core.verb:set package 'kachaka_vision' build argument 'cmake_target' from command line to 'None'
[0.609s] Level 5:colcon.colcon_core.verb:set package 'kachaka_vision' build argument 'cmake_target_skip_unavailable' from command line to 'False'
[0.609s] Level 5:colcon.colcon_core.verb:set package 'kachaka_vision' build argument 'cmake_clean_cache' from command line to 'False'
[0.609s] Level 5:colcon.colcon_core.verb:set package 'kachaka_vision' build argument 'cmake_clean_first' from command line to 'False'
[0.609s] Level 5:colcon.colcon_core.verb:set package 'kachaka_vision' build argument 'cmake_force_configure' from command line to 'False'
[0.609s] Level 5:colcon.colcon_core.verb:set package 'kachaka_vision' build argument 'ament_cmake_args' from command line to 'None'
[0.609s] Level 5:colcon.colcon_core.verb:set package 'kachaka_vision' build argument 'catkin_cmake_args' from command line to 'None'
[0.609s] Level 5:colcon.colcon_core.verb:set package 'kachaka_vision' build argument 'catkin_skip_building_tests' from command line to 'False'
[0.609s] DEBUG:colcon.colcon_core.verb:Building package 'kachaka_vision' with the following arguments: {'ament_cmake_args': None, 'build_base': '/home/yuto/kachaka_ws/build/kachaka_vision', 'catkin_cmake_args': None, 'catkin_skip_building_tests': False, 'cmake_args': None, 'cmake_clean_cache': False, 'cmake_clean_first': False, 'cmake_force_configure': False, 'cmake_target': None, 'cmake_target_skip_unavailable': False, 'install_base': '/home/yuto/kachaka_ws/install/kachaka_vision', 'merge_install': False, 'path': '/home/yuto/kachaka_ws/src/kachaka_vision', 'symlink_install': False, 'test_result_base': None}
[0.615s] Level 5:colcon.colcon_core.verb:set package 'kachaka_follow' build argument 'cmake_args' from command line to 'None'
[0.615s] Level 5:colcon.colcon_core.verb:set package 'kachaka_follow' build argument 'cmake_target' from command line to 'None'
[0.615s] Level 5:colcon.colcon_core.verb:set package 'kachaka_follow' build argument 'cmake_target_skip_unavailable' from command line to 'False'
[0.615s] Level 5:colcon.colcon_core.verb:set package 'kachaka_follow' build argument 'cmake_clean_cache' from command line to 'False'
[0.615s] Level 5:colcon.colcon_core.verb:set package 'kachaka_follow' build argument 'cmake_clean_first' from command line to 'False'
[0.615s] Level 5:colcon.colcon_core.verb:set package 'kachaka_follow' build argument 'cmake_force_configure' from command line to 'False'
[0.615s] Level 5:colcon.colcon_core.verb:set package 'kachaka_follow' build argument 'ament_cmake_args' from command line to 'None'
[0.615s] Level 5:colcon.colcon_core.verb:set package 'kachaka_follow' build argument 'catkin_cmake_args' from command line to 'None'
[0.615s] Level 5:colcon.colcon_core.verb:set package 'kachaka_follow' build argument 'catkin_skip_building_tests' from command line to 'False'
[0.615s] DEBUG:colcon.colcon_core.verb:Building package 'kachaka_follow' with the following arguments: {'ament_cmake_args': None, 'build_base': '/home/yuto/kachaka_ws/build/kachaka_follow', 'catkin_cmake_args': None, 'catkin_skip_building_tests': False, 'cmake_args': None, 'cmake_clean_cache': False, 'cmake_clean_first': False, 'cmake_force_configure': False, 'cmake_target': None, 'cmake_target_skip_unavailable': False, 'install_base': '/home/yuto/kachaka_ws/install/kachaka_follow', 'merge_install': False, 'path': '/home/yuto/kachaka_ws/src/kachaka_follow', 'symlink_install': False, 'test_result_base': None}
[0.621s] INFO:colcon.colcon_core.executor:Executing jobs using 'parallel' executor
[0.628s] DEBUG:colcon.colcon_parallel_executor.executor.parallel:run_until_complete
[0.628s] INFO:colcon.colcon_ros.task.ament_cmake.build:Building ROS package in '/home/yuto/kachaka_ws/src/kachaka_interfaces' with build type 'ament_cmake'
[0.628s] INFO:colcon.colcon_cmake.task.cmake.build:Building CMake package in '/home/yuto/kachaka_ws/src/kachaka_interfaces'
[0.636s] INFO:colcon.colcon_core.plugin_system:Skipping extension 'colcon_core.shell.bat': Not used on non-Windows systems
[0.636s] INFO:colcon.colcon_core.shell:Skip shell extension 'powershell' for command environment: Not usable outside of PowerShell
[0.636s] DEBUG:colcon.colcon_core.shell:Skip shell extension 'dsv' for command environment
[0.652s] INFO:colcon.colcon_ros.task.ament_cmake.build:Building ROS package in '/home/yuto/kachaka_ws/src/kachaka_bringup/bringup' with build type 'ament_cmake'
[0.652s] INFO:colcon.colcon_cmake.task.cmake.build:Building CMake package in '/home/yuto/kachaka_ws/src/kachaka_bringup/bringup'
[0.660s] INFO:colcon.colcon_core.shell:Skip shell extension 'powershell' for command environment: Not usable outside of PowerShell
[0.660s] DEBUG:colcon.colcon_core.shell:Skip shell extension 'dsv' for command environment
[0.676s] INFO:colcon.colcon_ros.task.ament_cmake.build:Building ROS package in '/home/yuto/kachaka_ws/src/kachaka_description' with build type 'ament_cmake'
[0.676s] INFO:colcon.colcon_cmake.task.cmake.build:Building CMake package in '/home/yuto/kachaka_ws/src/kachaka_description'
[0.683s] INFO:colcon.colcon_core.shell:Skip shell extension 'powershell' for command environment: Not usable outside of PowerShell
[0.683s] DEBUG:colcon.colcon_core.shell:Skip shell extension 'dsv' for command environment
[0.702s] INFO:colcon.colcon_ros.task.ament_python.build:Building ROS package in '/home/yuto/kachaka_ws/src/kachaka_speak' with build type 'ament_python'
[0.702s] Level 1:colcon.colcon_core.shell:create_environment_hook('kachaka_speak', 'ament_prefix_path')
[0.714s] INFO:colcon.colcon_core.shell:Creating environment hook '/home/yuto/kachaka_ws/install/kachaka_speak/share/kachaka_speak/hook/ament_prefix_path.ps1'
[0.715s] INFO:colcon.colcon_core.shell:Creating environment descriptor '/home/yuto/kachaka_ws/install/kachaka_speak/share/kachaka_speak/hook/ament_prefix_path.dsv'
[0.715s] INFO:colcon.colcon_core.shell:Creating environment hook '/home/yuto/kachaka_ws/install/kachaka_speak/share/kachaka_speak/hook/ament_prefix_path.sh'
[0.722s] INFO:colcon.colcon_core.shell:Skip shell extension 'powershell' for command environment: Not usable outside of PowerShell
[0.722s] DEBUG:colcon.colcon_core.shell:Skip shell extension 'dsv' for command environment
[0.736s] INFO:colcon.colcon_ros.task.ament_cmake.build:Building ROS package in '/home/yuto/kachaka_ws/src/kachaka_vision' with build type 'ament_cmake'
[0.737s] INFO:colcon.colcon_cmake.task.cmake.build:Building CMake package in '/home/yuto/kachaka_ws/src/kachaka_vision'
[0.743s] INFO:colcon.colcon_core.shell:Skip shell extension 'powershell' for command environment: Not usable outside of PowerShell
[0.743s] DEBUG:colcon.colcon_core.shell:Skip shell extension 'dsv' for command environment
[0.760s] DEBUG:colcon.colcon_core.event_handler.log_command:Invoking command in '/home/yuto/kachaka_ws/build/kachaka_interfaces': CMAKE_PREFIX_PATH=/opt/ros/humble /usr/bin/cmake --build /home/yuto/kachaka_ws/build/kachaka_interfaces -- -j12 -l12
[0.763s] DEBUG:colcon.colcon_core.event_handler.log_command:Invoking command in '/home/yuto/kachaka_ws/build/kachaka_bringup': CMAKE_PREFIX_PATH=/opt/ros/humble /usr/bin/cmake --build /home/yuto/kachaka_ws/build/kachaka_bringup -- -j12 -l12
[0.764s] DEBUG:colcon.colcon_core.event_handler.log_command:Invoking command in '/home/yuto/kachaka_ws/build/kachaka_description': CMAKE_PREFIX_PATH=/opt/ros/humble /usr/bin/cmake --build /home/yuto/kachaka_ws/build/kachaka_description -- -j12 -l12
[0.939s] INFO:colcon.colcon_core.task.python.build:Building Python package in '/home/yuto/kachaka_ws/src/kachaka_speak'
[0.947s] INFO:colcon.colcon_core.shell:Skip shell extension 'powershell' for command environment: Not usable outside of PowerShell
[0.947s] DEBUG:colcon.colcon_core.shell:Skip shell extension 'dsv' for command environment
[0.971s] DEBUG:colcon.colcon_core.event_handler.log_command:Invoking command in '/home/yuto/kachaka_ws/build/kachaka_vision': CMAKE_PREFIX_PATH=/opt/ros/humble /usr/bin/cmake /home/yuto/kachaka_ws/src/kachaka_vision -DCMAKE_INSTALL_PREFIX=/home/yuto/kachaka_ws/install/kachaka_vision
[0.972s] DEBUG:colcon.colcon_core.event_handler.log_command:Invoked command in '/home/yuto/kachaka_ws/build/kachaka_bringup' returned '0': CMAKE_PREFIX_PATH=/opt/ros/humble /usr/bin/cmake --build /home/yuto/kachaka_ws/build/kachaka_bringup -- -j12 -l12
[0.972s] DEBUG:colcon.colcon_core.event_handler.log_command:Invoked command in '/home/yuto/kachaka_ws/build/kachaka_description' returned '0': CMAKE_PREFIX_PATH=/opt/ros/humble /usr/bin/cmake --build /home/yuto/kachaka_ws/build/kachaka_description -- -j12 -l12
[0.991s] DEBUG:colcon.colcon_core.event_handler.log_command:Invoking command in '/home/yuto/kachaka_ws/build/kachaka_bringup': CMAKE_PREFIX_PATH=/opt/ros/humble /usr/bin/cmake --install /home/yuto/kachaka_ws/build/kachaka_bringup
[0.993s] DEBUG:colcon.colcon_core.event_handler.log_command:Invoking command in '/home/yuto/kachaka_ws/build/kachaka_description': CMAKE_PREFIX_PATH=/opt/ros/humble /usr/bin/cmake --install /home/yuto/kachaka_ws/build/kachaka_description
[1.004s] Level 1:colcon.colcon_core.environment:create_environment_scripts_only(kachaka_bringup)
[1.004s] DEBUG:colcon.colcon_core.event_handler.log_command:Invoked command in '/home/yuto/kachaka_ws/build/kachaka_bringup' returned '0': CMAKE_PREFIX_PATH=/opt/ros/humble /usr/bin/cmake --install /home/yuto/kachaka_ws/build/kachaka_bringup
[1.027s] Level 1:colcon.colcon_core.environment:checking '/home/yuto/kachaka_ws/install/kachaka_bringup' for CMake module files
[1.027s] Level 1:colcon.colcon_core.environment:checking '/home/yuto/kachaka_ws/install/kachaka_bringup' for CMake config files
[1.027s] Level 1:colcon.colcon_core.shell:create_environment_hook('kachaka_bringup', 'cmake_prefix_path')
[1.047s] INFO:colcon.colcon_core.shell:Creating environment hook '/home/yuto/kachaka_ws/install/kachaka_bringup/share/kachaka_bringup/hook/cmake_prefix_path.ps1'
[1.048s] INFO:colcon.colcon_core.shell:Creating environment descriptor '/home/yuto/kachaka_ws/install/kachaka_bringup/share/kachaka_bringup/hook/cmake_prefix_path.dsv'
[1.048s] INFO:colcon.colcon_core.shell:Creating environment hook '/home/yuto/kachaka_ws/install/kachaka_bringup/share/kachaka_bringup/hook/cmake_prefix_path.sh'
[1.049s] Level 1:colcon.colcon_core.environment:checking '/home/yuto/kachaka_ws/install/kachaka_bringup/bin'
[1.049s] Level 1:colcon.colcon_core.environment:checking '/home/yuto/kachaka_ws/install/kachaka_bringup/lib/pkgconfig/kachaka_bringup.pc'
[1.049s] Level 1:colcon.colcon_core.environment:checking '/home/yuto/kachaka_ws/install/kachaka_bringup/lib/python3.10/site-packages'
[1.049s] Level 1:colcon.colcon_core.environment:checking '/home/yuto/kachaka_ws/install/kachaka_bringup/bin'
[1.058s] INFO:colcon.colcon_core.shell:Creating package script '/home/yuto/kachaka_ws/install/kachaka_bringup/share/kachaka_bringup/package.ps1'
[1.059s] INFO:colcon.colcon_core.shell:Creating package descriptor '/home/yuto/kachaka_ws/install/kachaka_bringup/share/kachaka_bringup/package.dsv'
[1.059s] INFO:colcon.colcon_core.shell:Creating package script '/home/yuto/kachaka_ws/install/kachaka_bringup/share/kachaka_bringup/package.sh'
[1.059s] INFO:colcon.colcon_core.shell:Creating package script '/home/yuto/kachaka_ws/install/kachaka_bringup/share/kachaka_bringup/package.bash'
[1.060s] INFO:colcon.colcon_core.shell:Creating package script '/home/yuto/kachaka_ws/install/kachaka_bringup/share/kachaka_bringup/package.zsh'
[1.060s] Level 1:colcon.colcon_core.environment:create_file_with_runtime_dependencies(/home/yuto/kachaka_ws/install/kachaka_bringup/share/colcon-core/packages/kachaka_bringup)
[1.061s] Level 1:colcon.colcon_core.environment:create_environment_scripts_only(kachaka_description)
[1.062s] DEBUG:colcon.colcon_core.event_handler.log_command:Invoked command in '/home/yuto/kachaka_ws/build/kachaka_description' returned '0': CMAKE_PREFIX_PATH=/opt/ros/humble /usr/bin/cmake --install /home/yuto/kachaka_ws/build/kachaka_description
[1.080s] Level 1:colcon.colcon_core.environment:checking '/home/yuto/kachaka_ws/install/kachaka_description' for CMake module files
[1.080s] Level 1:colcon.colcon_core.environment:checking '/home/yuto/kachaka_ws/install/kachaka_description' for CMake config files
[1.080s] Level 1:colcon.colcon_core.shell:create_environment_hook('kachaka_description', 'cmake_prefix_path')
[1.093s] INFO:colcon.colcon_core.shell:Creating environment hook '/home/yuto/kachaka_ws/install/kachaka_description/share/kachaka_description/hook/cmake_prefix_path.ps1'
[1.094s] INFO:colcon.colcon_core.shell:Creating environment descriptor '/home/yuto/kachaka_ws/install/kachaka_description/share/kachaka_description/hook/cmake_prefix_path.dsv'
[1.094s] INFO:colcon.colcon_core.shell:Creating environment hook '/home/yuto/kachaka_ws/install/kachaka_description/share/kachaka_description/hook/cmake_prefix_path.sh'
[1.094s] Level 1:colcon.colcon_core.environment:checking '/home/yuto/kachaka_ws/install/kachaka_description/bin'
[1.094s] Level 1:colcon.colcon_core.environment:checking '/home/yuto/kachaka_ws/install/kachaka_description/lib/pkgconfig/kachaka_description.pc'
[1.094s] Level 1:colcon.colcon_core.environment:checking '/home/yuto/kachaka_ws/install/kachaka_description/lib/python3.10/site-packages'
[1.095s] Level 1:colcon.colcon_core.environment:checking '/home/yuto/kachaka_ws/install/kachaka_description/bin'
[1.102s] INFO:colcon.colcon_core.shell:Creating package script '/home/yuto/kachaka_ws/install/kachaka_description/share/kachaka_description/package.ps1'
[1.103s] INFO:colcon.colcon_core.shell:Creating package descriptor '/home/yuto/kachaka_ws/install/kachaka_description/share/kachaka_description/package.dsv'
[1.103s] INFO:colcon.colcon_core.shell:Creating package script '/home/yuto/kachaka_ws/install/kachaka_description/share/kachaka_description/package.sh'
[1.103s] INFO:colcon.colcon_core.shell:Creating package script '/home/yuto/kachaka_ws/install/kachaka_description/share/kachaka_description/package.bash'
[1.103s] INFO:colcon.colcon_core.shell:Creating package script '/home/yuto/kachaka_ws/install/kachaka_description/share/kachaka_description/package.zsh'
[1.103s] Level 1:colcon.colcon_core.environment:create_file_with_runtime_dependencies(/home/yuto/kachaka_ws/install/kachaka_description/share/colcon-core/packages/kachaka_description)
[1.106s] DEBUG:colcon.colcon_core.event_handler.log_command:Invoked command in '/home/yuto/kachaka_ws/build/kachaka_interfaces' returned '0': CMAKE_PREFIX_PATH=/opt/ros/humble /usr/bin/cmake --build /home/yuto/kachaka_ws/build/kachaka_interfaces -- -j12 -l12
[1.117s] Level 1:colcon.colcon_core.environment:create_environment_scripts_only(kachaka_bringup)
[1.126s] Level 1:colcon.colcon_core.environment:checking '/home/yuto/kachaka_ws/install/kachaka_bringup' for CMake module files
[1.126s] Level 1:colcon.colcon_core.environment:checking '/home/yuto/kachaka_ws/install/kachaka_bringup' for CMake config files
[1.126s] Level 1:colcon.colcon_core.shell:create_environment_hook('kachaka_bringup', 'cmake_prefix_path')
[1.142s] INFO:colcon.colcon_core.shell:Creating environment hook '/home/yuto/kachaka_ws/install/kachaka_bringup/share/kachaka_bringup/hook/cmake_prefix_path.ps1'
[1.142s] INFO:colcon.colcon_core.shell:Creating environment descriptor '/home/yuto/kachaka_ws/install/kachaka_bringup/share/kachaka_bringup/hook/cmake_prefix_path.dsv'
[1.143s] INFO:colcon.colcon_core.shell:Creating environment hook '/home/yuto/kachaka_ws/install/kachaka_bringup/share/kachaka_bringup/hook/cmake_prefix_path.sh'
[1.143s] Level 1:colcon.colcon_core.environment:checking '/home/yuto/kachaka_ws/install/kachaka_bringup/bin'
[1.143s] Level 1:colcon.colcon_core.environment:checking '/home/yuto/kachaka_ws/install/kachaka_bringup/lib/pkgconfig/kachaka_bringup.pc'
[1.143s] Level 1:colcon.colcon_core.environment:checking '/home/yuto/kachaka_ws/install/kachaka_bringup/lib/python3.10/site-packages'
[1.144s] Level 1:colcon.colcon_core.environment:checking '/home/yuto/kachaka_ws/install/kachaka_bringup/bin'
[1.163s] INFO:colcon.colcon_core.shell:Creating package script '/home/yuto/kachaka_ws/install/kachaka_bringup/share/kachaka_bringup/package.ps1'
[1.163s] INFO:colcon.colcon_core.shell:Creating package descriptor '/home/yuto/kachaka_ws/install/kachaka_bringup/share/kachaka_bringup/package.dsv'
[1.164s] INFO:colcon.colcon_core.shell:Creating package script '/home/yuto/kachaka_ws/install/kachaka_bringup/share/kachaka_bringup/package.sh'
[1.164s] INFO:colcon.colcon_core.shell:Creating package script '/home/yuto/kachaka_ws/install/kachaka_bringup/share/kachaka_bringup/package.bash'
[1.165s] INFO:colcon.colcon_core.shell:Creating package script '/home/yuto/kachaka_ws/install/kachaka_bringup/share/kachaka_bringup/package.zsh'
[1.165s] Level 1:colcon.colcon_core.environment:create_file_with_runtime_dependencies(/home/yuto/kachaka_ws/install/kachaka_bringup/share/colcon-core/packages/kachaka_bringup)
[1.183s] Level 1:colcon.colcon_core.environment:create_environment_scripts_only(kachaka_description)
[1.192s] Level 1:colcon.colcon_core.environment:checking '/home/yuto/kachaka_ws/install/kachaka_description' for CMake module files
[1.193s] Level 1:colcon.colcon_core.environment:checking '/home/yuto/kachaka_ws/install/kachaka_description' for CMake config files
[1.193s] Level 1:colcon.colcon_core.shell:create_environment_hook('kachaka_description', 'cmake_prefix_path')
[1.202s] INFO:colcon.colcon_core.shell:Creating environment hook '/home/yuto/kachaka_ws/install/kachaka_description/share/kachaka_description/hook/cmake_prefix_path.ps1'
[1.202s] INFO:colcon.colcon_core.shell:Creating environment descriptor '/home/yuto/kachaka_ws/install/kachaka_description/share/kachaka_description/hook/cmake_prefix_path.dsv'
[1.202s] INFO:colcon.colcon_core.shell:Creating environment hook '/home/yuto/kachaka_ws/install/kachaka_description/share/kachaka_description/hook/cmake_prefix_path.sh'
[1.203s] Level 1:colcon.colcon_core.environment:checking '/home/yuto/kachaka_ws/install/kachaka_description/bin'
[1.203s] Level 1:colcon.colcon_core.environment:checking '/home/yuto/kachaka_ws/install/kachaka_description/lib/pkgconfig/kachaka_description.pc'
[1.203s] Level 1:colcon.colcon_core.environment:checking '/home/yuto/kachaka_ws/install/kachaka_description/lib/python3.10/site-packages'
[1.203s] Level 1:colcon.colcon_core.environment:checking '/home/yuto/kachaka_ws/install/kachaka_description/bin'
[1.213s] INFO:colcon.colcon_core.shell:Creating package script '/home/yuto/kachaka_ws/install/kachaka_description/share/kachaka_description/package.ps1'
[1.213s] INFO:colcon.colcon_core.shell:Creating package descriptor '/home/yuto/kachaka_ws/install/kachaka_description/share/kachaka_description/package.dsv'
[1.213s] INFO:colcon.colcon_core.shell:Creating package script '/home/yuto/kachaka_ws/install/kachaka_description/share/kachaka_description/package.sh'
[1.214s] INFO:colcon.colcon_core.shell:Creating package script '/home/yuto/kachaka_ws/install/kachaka_description/share/kachaka_description/package.bash'
[1.214s] INFO:colcon.colcon_core.shell:Creating package script '/home/yuto/kachaka_ws/install/kachaka_description/share/kachaka_description/package.zsh'
[1.214s] Level 1:colcon.colcon_core.environment:create_file_with_runtime_dependencies(/home/yuto/kachaka_ws/install/kachaka_description/share/colcon-core/packages/kachaka_description)
[1.217s] DEBUG:colcon.colcon_core.event_handler.log_command:Invoking command in '/home/yuto/kachaka_ws/src/kachaka_speak': PYTHONPATH=/home/yuto/kachaka_ws/build/kachaka_speak/prefix_override:/home/yuto/kachaka_ws/install/kachaka_speak/lib/python3.10/site-packages:${PYTHONPATH} /usr/bin/python3 setup.py egg_info --egg-base ../../build/kachaka_speak build --build-base /home/yuto/kachaka_ws/build/kachaka_speak/build install --record /home/yuto/kachaka_ws/build/kachaka_speak/install.log --single-version-externally-managed
[1.242s] DEBUG:colcon.colcon_core.event_handler.log_command:Invoking command in '/home/yuto/kachaka_ws/build/kachaka_interfaces': CMAKE_PREFIX_PATH=/opt/ros/humble /usr/bin/cmake --install /home/yuto/kachaka_ws/build/kachaka_interfaces
[1.283s] Level 1:colcon.colcon_core.environment:create_environment_scripts_only(kachaka_interfaces)
[1.283s] DEBUG:colcon.colcon_core.event_handler.log_command:Invoked command in '/home/yuto/kachaka_ws/build/kachaka_interfaces' returned '0': CMAKE_PREFIX_PATH=/opt/ros/humble /usr/bin/cmake --install /home/yuto/kachaka_ws/build/kachaka_interfaces
[1.302s] Level 1:colcon.colcon_core.environment:checking '/home/yuto/kachaka_ws/install/kachaka_interfaces' for CMake module files
[1.303s] Level 1:colcon.colcon_core.environment:checking '/home/yuto/kachaka_ws/install/kachaka_interfaces' for CMake config files
[1.303s] Level 1:colcon.colcon_core.shell:create_environment_hook('kachaka_interfaces', 'cmake_prefix_path')
[1.322s] INFO:colcon.colcon_core.shell:Creating environment hook '/home/yuto/kachaka_ws/install/kachaka_interfaces/share/kachaka_interfaces/hook/cmake_prefix_path.ps1'
[1.322s] INFO:colcon.colcon_core.shell:Creating environment descriptor '/home/yuto/kachaka_ws/install/kachaka_interfaces/share/kachaka_interfaces/hook/cmake_prefix_path.dsv'
[1.322s] INFO:colcon.colcon_core.shell:Creating environment hook '/home/yuto/kachaka_ws/install/kachaka_interfaces/share/kachaka_interfaces/hook/cmake_prefix_path.sh'
[1.323s] Level 1:colcon.colcon_core.environment:checking '/home/yuto/kachaka_ws/install/kachaka_interfaces/lib'
[1.323s] Level 1:colcon.colcon_core.shell:create_environment_hook('kachaka_interfaces', 'ld_library_path_lib')
[1.340s] INFO:colcon.colcon_core.shell:Creating environment hook '/home/yuto/kachaka_ws/install/kachaka_interfaces/share/kachaka_interfaces/hook/ld_library_path_lib.ps1'
[1.340s] INFO:colcon.colcon_core.shell:Creating environment descriptor '/home/yuto/kachaka_ws/install/kachaka_interfaces/share/kachaka_interfaces/hook/ld_library_path_lib.dsv'
[1.341s] INFO:colcon.colcon_core.shell:Creating environment hook '/home/yuto/kachaka_ws/install/kachaka_interfaces/share/kachaka_interfaces/hook/ld_library_path_lib.sh'
[1.341s] Level 1:colcon.colcon_core.environment:checking '/home/yuto/kachaka_ws/install/kachaka_interfaces/bin'
[1.341s] Level 1:colcon.colcon_core.environment:checking '/home/yuto/kachaka_ws/install/kachaka_interfaces/lib/pkgconfig/kachaka_interfaces.pc'
[1.341s] Level 1:colcon.colcon_core.environment:checking '/home/yuto/kachaka_ws/install/kachaka_interfaces/lib/python3.10/site-packages'
[1.341s] Level 1:colcon.colcon_core.environment:checking '/home/yuto/kachaka_ws/install/kachaka_interfaces/bin'
[1.350s] INFO:colcon.colcon_core.shell:Creating package script '/home/yuto/kachaka_ws/install/kachaka_interfaces/share/kachaka_interfaces/package.ps1'
[1.351s] INFO:colcon.colcon_core.shell:Creating package descriptor '/home/yuto/kachaka_ws/install/kachaka_interfaces/share/kachaka_interfaces/package.dsv'
[1.351s] INFO:colcon.colcon_core.shell:Creating package script '/home/yuto/kachaka_ws/install/kachaka_interfaces/share/kachaka_interfaces/package.sh'
[1.351s] INFO:colcon.colcon_core.shell:Creating package script '/home/yuto/kachaka_ws/install/kachaka_interfaces/share/kachaka_interfaces/package.bash'
[1.351s] INFO:colcon.colcon_core.shell:Creating package script '/home/yuto/kachaka_ws/install/kachaka_interfaces/share/kachaka_interfaces/package.zsh'
[1.351s] Level 1:colcon.colcon_core.environment:create_file_with_runtime_dependencies(/home/yuto/kachaka_ws/install/kachaka_interfaces/share/colcon-core/packages/kachaka_interfaces)
[1.428s] DEBUG:colcon.colcon_core.event_handler.log_command:Invoked command in '/home/yuto/kachaka_ws/src/kachaka_speak' returned '0': PYTHONPATH=/home/yuto/kachaka_ws/build/kachaka_speak/prefix_override:/home/yuto/kachaka_ws/install/kachaka_speak/lib/python3.10/site-packages:${PYTHONPATH} /usr/bin/python3 setup.py egg_info --egg-base ../../build/kachaka_speak build --build-base /home/yuto/kachaka_ws/build/kachaka_speak/build install --record /home/yuto/kachaka_ws/build/kachaka_speak/install.log --single-version-externally-managed
[1.446s] Level 1:colcon.colcon_core.environment:checking '/home/yuto/kachaka_ws/install/kachaka_speak' for CMake module files
[1.446s] Level 1:colcon.colcon_core.environment:checking '/home/yuto/kachaka_ws/install/kachaka_speak' for CMake config files
[1.447s] Level 1:colcon.colcon_core.environment:checking '/home/yuto/kachaka_ws/install/kachaka_speak/lib'
[1.447s] Level 1:colcon.colcon_core.environment:checking '/home/yuto/kachaka_ws/install/kachaka_speak/bin'
[1.447s] Level 1:colcon.colcon_core.environment:checking '/home/yuto/kachaka_ws/install/kachaka_speak/lib/pkgconfig/kachaka_speak.pc'
[1.447s] Level 1:colcon.colcon_core.environment:checking '/home/yuto/kachaka_ws/install/kachaka_speak/lib/python3.10/site-packages'
[1.448s] Level 1:colcon.colcon_core.shell:create_environment_hook('kachaka_speak', 'pythonpath')
[1.465s] INFO:colcon.colcon_core.shell:Creating environment hook '/home/yuto/kachaka_ws/install/kachaka_speak/share/kachaka_speak/hook/pythonpath.ps1'
[1.466s] INFO:colcon.colcon_core.shell:Creating environment descriptor '/home/yuto/kachaka_ws/install/kachaka_speak/share/kachaka_speak/hook/pythonpath.dsv'
[1.466s] INFO:colcon.colcon_core.shell:Creating environment hook '/home/yuto/kachaka_ws/install/kachaka_speak/share/kachaka_speak/hook/pythonpath.sh'
[1.466s] Level 1:colcon.colcon_core.environment:checking '/home/yuto/kachaka_ws/install/kachaka_speak/bin'
[1.466s] Level 1:colcon.colcon_core.environment:create_environment_scripts_only(kachaka_speak)
[1.477s] INFO:colcon.colcon_core.shell:Creating package script '/home/yuto/kachaka_ws/install/kachaka_speak/share/kachaka_speak/package.ps1'
[1.478s] INFO:colcon.colcon_core.shell:Creating package descriptor '/home/yuto/kachaka_ws/install/kachaka_speak/share/kachaka_speak/package.dsv'
[1.478s] INFO:colcon.colcon_core.shell:Creating package script '/home/yuto/kachaka_ws/install/kachaka_speak/share/kachaka_speak/package.sh'
[1.478s] INFO:colcon.colcon_core.shell:Creating package script '/home/yuto/kachaka_ws/install/kachaka_speak/share/kachaka_speak/package.bash'
[1.478s] INFO:colcon.colcon_core.shell:Creating package script '/home/yuto/kachaka_ws/install/kachaka_speak/share/kachaka_speak/package.zsh'
[1.478s] Level 1:colcon.colcon_core.environment:create_file_with_runtime_dependencies(/home/yuto/kachaka_ws/install/kachaka_speak/share/colcon-core/packages/kachaka_speak)
[1.487s] Level 1:colcon.colcon_core.environment:create_environment_scripts_only(kachaka_interfaces)
[1.494s] Level 1:colcon.colcon_core.environment:checking '/home/yuto/kachaka_ws/install/kachaka_interfaces' for CMake module files
[1.495s] Level 1:colcon.colcon_core.environment:checking '/home/yuto/kachaka_ws/install/kachaka_interfaces' for CMake config files
[1.495s] Level 1:colcon.colcon_core.shell:create_environment_hook('kachaka_interfaces', 'cmake_prefix_path')
[1.503s] INFO:colcon.colcon_core.shell:Creating environment hook '/home/yuto/kachaka_ws/install/kachaka_interfaces/share/kachaka_interfaces/hook/cmake_prefix_path.ps1'
[1.503s] INFO:colcon.colcon_core.shell:Creating environment descriptor '/home/yuto/kachaka_ws/install/kachaka_interfaces/share/kachaka_interfaces/hook/cmake_prefix_path.dsv'
[1.503s] INFO:colcon.colcon_core.shell:Creating environment hook '/home/yuto/kachaka_ws/install/kachaka_interfaces/share/kachaka_interfaces/hook/cmake_prefix_path.sh'
[1.503s] Level 1:colcon.colcon_core.environment:checking '/home/yuto/kachaka_ws/install/kachaka_interfaces/lib'
[1.503s] Level 1:colcon.colcon_core.shell:create_environment_hook('kachaka_interfaces', 'ld_library_path_lib')
[1.511s] INFO:colcon.colcon_core.shell:Creating environment hook '/home/yuto/kachaka_ws/install/kachaka_interfaces/share/kachaka_interfaces/hook/ld_library_path_lib.ps1'
[1.511s] INFO:colcon.colcon_core.shell:Creating environment descriptor '/home/yuto/kachaka_ws/install/kachaka_interfaces/share/kachaka_interfaces/hook/ld_library_path_lib.dsv'
[1.511s] INFO:colcon.colcon_core.shell:Creating environment hook '/home/yuto/kachaka_ws/install/kachaka_interfaces/share/kachaka_interfaces/hook/ld_library_path_lib.sh'
[1.511s] Level 1:colcon.colcon_core.environment:checking '/home/yuto/kachaka_ws/install/kachaka_interfaces/bin'
[1.511s] Level 1:colcon.colcon_core.environment:checking '/home/yuto/kachaka_ws/install/kachaka_interfaces/lib/pkgconfig/kachaka_interfaces.pc'
[1.511s] Level 1:colcon.colcon_core.environment:checking '/home/yuto/kachaka_ws/install/kachaka_interfaces/lib/python3.10/site-packages'
[1.511s] Level 1:colcon.colcon_core.environment:checking '/home/yuto/kachaka_ws/install/kachaka_interfaces/bin'
[1.526s] INFO:colcon.colcon_core.shell:Creating package script '/home/yuto/kachaka_ws/install/kachaka_interfaces/share/kachaka_interfaces/package.ps1'
[1.527s] INFO:colcon.colcon_core.shell:Creating package descriptor '/home/yuto/kachaka_ws/install/kachaka_interfaces/share/kachaka_interfaces/package.dsv'
[1.527s] INFO:colcon.colcon_core.shell:Creating package script '/home/yuto/kachaka_ws/install/kachaka_interfaces/share/kachaka_interfaces/package.sh'
[1.527s] INFO:colcon.colcon_core.shell:Creating package script '/home/yuto/kachaka_ws/install/kachaka_interfaces/share/kachaka_interfaces/package.bash'
[1.527s] INFO:colcon.colcon_core.shell:Creating package script '/home/yuto/kachaka_ws/install/kachaka_interfaces/share/kachaka_interfaces/package.zsh'
[1.527s] Level 1:colcon.colcon_core.environment:create_file_with_runtime_dependencies(/home/yuto/kachaka_ws/install/kachaka_interfaces/share/colcon-core/packages/kachaka_interfaces)
[1.528s] INFO:colcon.colcon_ros.task.ament_python.build:Building ROS package in '/home/yuto/kachaka_ws/src/kachaka_follow' with build type 'ament_python'
[1.528s] Level 1:colcon.colcon_core.shell:create_environment_hook('kachaka_follow', 'ament_prefix_path')
[1.536s] INFO:colcon.colcon_core.shell:Creating environment hook '/home/yuto/kachaka_ws/install/kachaka_follow/share/kachaka_follow/hook/ament_prefix_path.ps1'
[1.536s] INFO:colcon.colcon_core.shell:Creating environment descriptor '/home/yuto/kachaka_ws/install/kachaka_follow/share/kachaka_follow/hook/ament_prefix_path.dsv'
[1.537s] INFO:colcon.colcon_core.shell:Creating environment hook '/home/yuto/kachaka_ws/install/kachaka_follow/share/kachaka_follow/hook/ament_prefix_path.sh'
[1.544s] INFO:colcon.colcon_core.shell:Skip shell extension 'powershell' for command environment: Not usable outside of PowerShell
[1.545s] DEBUG:colcon.colcon_core.shell:Skip shell extension 'dsv' for command environment
[1.719s] INFO:colcon.colcon_core.task.python.build:Building Python package in '/home/yuto/kachaka_ws/src/kachaka_follow'
[1.728s] INFO:colcon.colcon_core.shell:Skip shell extension 'powershell' for command environment: Not usable outside of PowerShell
[1.728s] DEBUG:colcon.colcon_core.shell:Skip shell extension 'dsv' for command environment
[1.952s] DEBUG:colcon.colcon_core.event_handler.log_command:Invoking command in '/home/yuto/kachaka_ws/src/kachaka_follow': AMENT_PREFIX_PATH=/home/yuto/kachaka_ws/install/kachaka_interfaces:${AMENT_PREFIX_PATH} CMAKE_PREFIX_PATH=/home/yuto/kachaka_ws/install/kachaka_interfaces LD_LIBRARY_PATH=/home/yuto/kachaka_ws/install/kachaka_interfaces/lib:${LD_LIBRARY_PATH} PYTHONPATH=/home/yuto/kachaka_ws/build/kachaka_follow/prefix_override:/home/yuto/kachaka_ws/install/kachaka_follow/lib/python3.10/site-packages:/home/yuto/kachaka_ws/install/kachaka_interfaces/local/lib/python3.10/dist-packages:${PYTHONPATH} /usr/bin/python3 setup.py egg_info --egg-base ../../build/kachaka_follow build --build-base /home/yuto/kachaka_ws/build/kachaka_follow/build install --record /home/yuto/kachaka_ws/build/kachaka_follow/install.log --single-version-externally-managed
[2.132s] DEBUG:colcon.colcon_core.event_handler.log_command:Invoked command in '/home/yuto/kachaka_ws/src/kachaka_follow' returned '0': AMENT_PREFIX_PATH=/home/yuto/kachaka_ws/install/kachaka_interfaces:${AMENT_PREFIX_PATH} CMAKE_PREFIX_PATH=/home/yuto/kachaka_ws/install/kachaka_interfaces LD_LIBRARY_PATH=/home/yuto/kachaka_ws/install/kachaka_interfaces/lib:${LD_LIBRARY_PATH} PYTHONPATH=/home/yuto/kachaka_ws/build/kachaka_follow/prefix_override:/home/yuto/kachaka_ws/install/kachaka_follow/lib/python3.10/site-packages:/home/yuto/kachaka_ws/install/kachaka_interfaces/local/lib/python3.10/dist-packages:${PYTHONPATH} /usr/bin/python3 setup.py egg_info --egg-base ../../build/kachaka_follow build --build-base /home/yuto/kachaka_ws/build/kachaka_follow/build install --record /home/yuto/kachaka_ws/build/kachaka_follow/install.log --single-version-externally-managed
[2.147s] Level 1:colcon.colcon_core.environment:checking '/home/yuto/kachaka_ws/install/kachaka_follow' for CMake module files
[2.148s] Level 1:colcon.colcon_core.environment:checking '/home/yuto/kachaka_ws/install/kachaka_follow' for CMake config files
[2.148s] Level 1:colcon.colcon_core.environment:checking '/home/yuto/kachaka_ws/install/kachaka_follow/lib'
[2.149s] Level 1:colcon.colcon_core.environment:checking '/home/yuto/kachaka_ws/install/kachaka_follow/bin'
[2.149s] Level 1:colcon.colcon_core.environment:checking '/home/yuto/kachaka_ws/install/kachaka_follow/lib/pkgconfig/kachaka_follow.pc'
[2.149s] Level 1:colcon.colcon_core.environment:checking '/home/yuto/kachaka_ws/install/kachaka_follow/lib/python3.10/site-packages'
[2.149s] Level 1:colcon.colcon_core.shell:create_environment_hook('kachaka_follow', 'pythonpath')
[2.165s] INFO:colcon.colcon_core.shell:Creating environment hook '/home/yuto/kachaka_ws/install/kachaka_follow/share/kachaka_follow/hook/pythonpath.ps1'
[2.166s] INFO:colcon.colcon_core.shell:Creating environment descriptor '/home/yuto/kachaka_ws/install/kachaka_follow/share/kachaka_follow/hook/pythonpath.dsv'
[2.166s] INFO:colcon.colcon_core.shell:Creating environment hook '/home/yuto/kachaka_ws/install/kachaka_follow/share/kachaka_follow/hook/pythonpath.sh'
[2.166s] Level 1:colcon.colcon_core.environment:checking '/home/yuto/kachaka_ws/install/kachaka_follow/bin'
[2.167s] Level 1:colcon.colcon_core.environment:create_environment_scripts_only(kachaka_follow)
[2.183s] INFO:colcon.colcon_core.shell:Creating package script '/home/yuto/kachaka_ws/install/kachaka_follow/share/kachaka_follow/package.ps1'
[2.184s] INFO:colcon.colcon_core.shell:Creating package descriptor '/home/yuto/kachaka_ws/install/kachaka_follow/share/kachaka_follow/package.dsv'
[2.184s] INFO:colcon.colcon_core.shell:Creating package script '/home/yuto/kachaka_ws/install/kachaka_follow/share/kachaka_follow/package.sh'
[2.184s] INFO:colcon.colcon_core.shell:Creating package script '/home/yuto/kachaka_ws/install/kachaka_follow/share/kachaka_follow/package.bash'
[2.185s] INFO:colcon.colcon_core.shell:Creating package script '/home/yuto/kachaka_ws/install/kachaka_follow/share/kachaka_follow/package.zsh'
[2.185s] Level 1:colcon.colcon_core.environment:create_file_with_runtime_dependencies(/home/yuto/kachaka_ws/install/kachaka_follow/share/colcon-core/packages/kachaka_follow)
[2.186s] DEBUG:colcon.colcon_core.event_handler.log_command:Invoked command in '/home/yuto/kachaka_ws/build/kachaka_vision' returned '0': CMAKE_PREFIX_PATH=/opt/ros/humble /usr/bin/cmake /home/yuto/kachaka_ws/src/kachaka_vision -DCMAKE_INSTALL_PREFIX=/home/yuto/kachaka_ws/install/kachaka_vision
[2.188s] DEBUG:colcon.colcon_core.event_handler.log_command:Invoking command in '/home/yuto/kachaka_ws/build/kachaka_vision': CMAKE_PREFIX_PATH=/opt/ros/humble /usr/bin/cmake --build /home/yuto/kachaka_ws/build/kachaka_vision -- -j12 -l12
[7.527s] DEBUG:colcon.colcon_core.event_handler.log_command:Invoked command in '/home/yuto/kachaka_ws/build/kachaka_vision' returned '0': CMAKE_PREFIX_PATH=/opt/ros/humble /usr/bin/cmake --build /home/yuto/kachaka_ws/build/kachaka_vision -- -j12 -l12
[7.539s] DEBUG:colcon.colcon_core.event_handler.log_command:Invoking command in '/home/yuto/kachaka_ws/build/kachaka_vision': CMAKE_PREFIX_PATH=/opt/ros/humble /usr/bin/cmake --install /home/yuto/kachaka_ws/build/kachaka_vision
[7.619s] Level 1:colcon.colcon_core.environment:create_environment_scripts_only(kachaka_vision)
[7.620s] DEBUG:colcon.colcon_core.event_handler.log_command:Invoked command in '/home/yuto/kachaka_ws/build/kachaka_vision' returned '0': CMAKE_PREFIX_PATH=/opt/ros/humble /usr/bin/cmake --install /home/yuto/kachaka_ws/build/kachaka_vision
[7.634s] Level 1:colcon.colcon_core.environment:checking '/home/yuto/kachaka_ws/install/kachaka_vision' for CMake module files
[7.634s] Level 1:colcon.colcon_core.environment:checking '/home/yuto/kachaka_ws/install/kachaka_vision' for CMake config files
[7.634s] Level 1:colcon.colcon_core.shell:create_environment_hook('kachaka_vision', 'cmake_prefix_path')
[7.643s] INFO:colcon.colcon_core.shell:Creating environment hook '/home/yuto/kachaka_ws/install/kachaka_vision/share/kachaka_vision/hook/cmake_prefix_path.ps1'
[7.644s] INFO:colcon.colcon_core.shell:Creating environment descriptor '/home/yuto/kachaka_ws/install/kachaka_vision/share/kachaka_vision/hook/cmake_prefix_path.dsv'
[7.644s] INFO:colcon.colcon_core.shell:Creating environment hook '/home/yuto/kachaka_ws/install/kachaka_vision/share/kachaka_vision/hook/cmake_prefix_path.sh'
[7.644s] Level 1:colcon.colcon_core.environment:checking '/home/yuto/kachaka_ws/install/kachaka_vision/lib'
[7.644s] Level 1:colcon.colcon_core.environment:checking '/home/yuto/kachaka_ws/install/kachaka_vision/bin'
[7.644s] Level 1:colcon.colcon_core.environment:checking '/home/yuto/kachaka_ws/install/kachaka_vision/lib/pkgconfig/kachaka_vision.pc'
[7.644s] Level 1:colcon.colcon_core.environment:checking '/home/yuto/kachaka_ws/install/kachaka_vision/lib/python3.10/site-packages'
[7.644s] Level 1:colcon.colcon_core.environment:checking '/home/yuto/kachaka_ws/install/kachaka_vision/bin'
[7.651s] INFO:colcon.colcon_core.shell:Creating package script '/home/yuto/kachaka_ws/install/kachaka_vision/share/kachaka_vision/package.ps1'
[7.651s] INFO:colcon.colcon_core.shell:Creating package descriptor '/home/yuto/kachaka_ws/install/kachaka_vision/share/kachaka_vision/package.dsv'
[7.651s] INFO:colcon.colcon_core.shell:Creating package script '/home/yuto/kachaka_ws/install/kachaka_vision/share/kachaka_vision/package.sh'
[7.652s] INFO:colcon.colcon_core.shell:Creating package script '/home/yuto/kachaka_ws/install/kachaka_vision/share/kachaka_vision/package.bash'
[7.652s] INFO:colcon.colcon_core.shell:Creating package script '/home/yuto/kachaka_ws/install/kachaka_vision/share/kachaka_vision/package.zsh'
[7.652s] Level 1:colcon.colcon_core.environment:create_file_with_runtime_dependencies(/home/yuto/kachaka_ws/install/kachaka_vision/share/colcon-core/packages/kachaka_vision)
[7.671s] Level 1:colcon.colcon_core.environment:create_environment_scripts_only(kachaka_vision)
[7.677s] Level 1:colcon.colcon_core.environment:checking '/home/yuto/kachaka_ws/install/kachaka_vision' for CMake module files
[7.677s] Level 1:colcon.colcon_core.environment:checking '/home/yuto/kachaka_ws/install/kachaka_vision' for CMake config files
[7.677s] Level 1:colcon.colcon_core.shell:create_environment_hook('kachaka_vision', 'cmake_prefix_path')
[7.683s] INFO:colcon.colcon_core.shell:Creating environment hook '/home/yuto/kachaka_ws/install/kachaka_vision/share/kachaka_vision/hook/cmake_prefix_path.ps1'
[7.684s] INFO:colcon.colcon_core.shell:Creating environment descriptor '/home/yuto/kachaka_ws/install/kachaka_vision/share/kachaka_vision/hook/cmake_prefix_path.dsv'
[7.684s] INFO:colcon.colcon_core.shell:Creating environment hook '/home/yuto/kachaka_ws/install/kachaka_vision/share/kachaka_vision/hook/cmake_prefix_path.sh'
[7.684s] Level 1:colcon.colcon_core.environment:checking '/home/yuto/kachaka_ws/install/kachaka_vision/lib'
[7.684s] Level 1:colcon.colcon_core.environment:checking '/home/yuto/kachaka_ws/install/kachaka_vision/bin'
[7.684s] Level 1:colcon.colcon_core.environment:checking '/home/yuto/kachaka_ws/install/kachaka_vision/lib/pkgconfig/kachaka_vision.pc'
[7.684s] Level 1:colcon.colcon_core.environment:checking '/home/yuto/kachaka_ws/install/kachaka_vision/lib/python3.10/site-packages'
[7.684s] Level 1:colcon.colcon_core.environment:checking '/home/yuto/kachaka_ws/install/kachaka_vision/bin'
[7.691s] INFO:colcon.colcon_core.shell:Creating package script '/home/yuto/kachaka_ws/install/kachaka_vision/share/kachaka_vision/package.ps1'
[7.691s] INFO:colcon.colcon_core.shell:Creating package descriptor '/home/yuto/kachaka_ws/install/kachaka_vision/share/kachaka_vision/package.dsv'
[7.691s] INFO:colcon.colcon_core.shell:Creating package script '/home/yuto/kachaka_ws/install/kachaka_vision/share/kachaka_vision/package.sh'
[7.691s] INFO:colcon.colcon_core.shell:Creating package script '/home/yuto/kachaka_ws/install/kachaka_vision/share/kachaka_vision/package.bash'
[7.691s] INFO:colcon.colcon_core.shell:Creating package script '/home/yuto/kachaka_ws/install/kachaka_vision/share/kachaka_vision/package.zsh'
[7.692s] Level 1:colcon.colcon_core.environment:create_file_with_runtime_dependencies(/home/yuto/kachaka_ws/install/kachaka_vision/share/colcon-core/packages/kachaka_vision)
[7.692s] DEBUG:colcon.colcon_parallel_executor.executor.parallel:closing loop
[7.692s] DEBUG:colcon.colcon_parallel_executor.executor.parallel:loop closed
[7.692s] DEBUG:colcon.colcon_parallel_executor.executor.parallel:run_until_complete finished with '0'
[7.692s] DEBUG:colcon.colcon_core.event_reactor:joining thread
[7.702s] INFO:colcon.colcon_core.plugin_system:Skipping extension 'colcon_notification.desktop_notification.terminal_notifier': Not used on non-Darwin systems
[7.702s] INFO:colcon.colcon_core.plugin_system:Skipping extension 'colcon_notification.desktop_notification.win32': Not used on non-Windows systems
[7.702s] INFO:colcon.colcon_notification.desktop_notification:Sending desktop notification using 'notify2'
[7.710s] DEBUG:colcon.colcon_core.event_reactor:joined thread
[7.718s] INFO:colcon.colcon_core.shell:Creating prefix script '/home/yuto/kachaka_ws/install/local_setup.ps1'
[7.718s] INFO:colcon.colcon_core.shell:Creating prefix util module '/home/yuto/kachaka_ws/install/_local_setup_util_ps1.py'
[7.719s] INFO:colcon.colcon_core.shell:Creating prefix chain script '/home/yuto/kachaka_ws/install/setup.ps1'
[7.726s] INFO:colcon.colcon_core.shell:Creating prefix script '/home/yuto/kachaka_ws/install/local_setup.sh'
[7.726s] INFO:colcon.colcon_core.shell:Creating prefix util module '/home/yuto/kachaka_ws/install/_local_setup_util_sh.py'
[7.727s] INFO:colcon.colcon_core.shell:Creating prefix chain script '/home/yuto/kachaka_ws/install/setup.sh'
[7.733s] INFO:colcon.colcon_core.shell:Creating prefix script '/home/yuto/kachaka_ws/install/local_setup.bash'
[7.733s] INFO:colcon.colcon_core.shell:Creating prefix chain script '/home/yuto/kachaka_ws/install/setup.bash'
[7.740s] INFO:colcon.colcon_core.shell:Creating prefix script '/home/yuto/kachaka_ws/install/local_setup.zsh'
[7.740s] INFO:colcon.colcon_core.shell:Creating prefix chain script '/home/yuto/kachaka_ws/install/setup.zsh'
