[0.448s] DEBUG:colcon:Command line arguments: ['/usr/bin/colcon', 'build']
[0.448s] DEBUG:colcon:Parsed command line arguments: Namespace(log_base=None, log_level=None, verb_name='build', build_base='build', install_base='install', merge_install=False, symlink_install=False, test_result_base=None, continue_on_error=False, executor='parallel', parallel_workers=12, event_handlers=None, ignore_user_meta=False, metas=['./colcon.meta'], base_paths=['.'], packages_ignore=None, packages_ignore_regex=None, paths=None, packages_up_to=None, packages_up_to_regex=None, packages_above=None, packages_above_and_dependencies=None, packages_above_depth=None, packages_select_by_dep=None, packages_skip_by_dep=None, packages_skip_up_to=None, packages_select_build_failed=False, packages_skip_build_finished=False, packages_select_test_failures=False, packages_skip_test_passed=False, packages_select=None, packages_skip=None, packages_select_regex=None, packages_skip_regex=None, packages_start=None, packages_end=None, allow_overriding=[], cmake_args=None, cmake_target=None, cmake_target_skip_unavailable=False, cmake_clean_cache=False, cmake_clean_first=False, cmake_force_configure=False, ament_cmake_args=None, catkin_cmake_args=None, catkin_skip_building_tests=False, verb_parser=<colcon_defaults.argument_parser.defaults.DefaultArgumentsDecorator object at 0x7f70bb452c20>, verb_extension=<colcon_core.verb.build.BuildVerb object at 0x7f70bb6d92d0>, main=<bound method BuildVerb.main of <colcon_core.verb.build.BuildVerb object at 0x7f70bb6d92d0>>)
[0.471s] Level 1:colcon.colcon_core.package_discovery:discover_packages(colcon_meta) check parameters
[0.471s] Level 1:colcon.colcon_core.package_discovery:discover_packages(recursive) check parameters
[0.471s] Level 1:colcon.colcon_core.package_discovery:discover_packages(ignore) check parameters
[0.471s] Level 1:colcon.colcon_core.package_discovery:discover_packages(path) check parameters
[0.471s] Level 1:colcon.colcon_core.package_discovery:discover_packages(colcon_meta) discover
[0.471s] Level 1:colcon.colcon_core.package_discovery:discover_packages(recursive) discover
[0.471s] INFO:colcon.colcon_core.package_discovery:Crawling recursively for packages in '/home/yuto/kachaka_ws'
[0.471s] Level 1:colcon.colcon_core.package_identification:_identify(.) by extensions ['ignore', 'ignore_ament_install']
[0.471s] Level 1:colcon.colcon_core.package_identification:_identify(.) by extension 'ignore'
[0.471s] Level 1:colcon.colcon_core.package_identification:_identify(.) by extension 'ignore_ament_install'
[0.471s] Level 1:colcon.colcon_core.package_identification:_identify(.) by extensions ['colcon_pkg']
[0.471s] Level 1:colcon.colcon_core.package_identification:_identify(.) by extension 'colcon_pkg'
[0.471s] Level 1:colcon.colcon_core.package_identification:_identify(.) by extensions ['colcon_meta']
[0.471s] Level 1:colcon.colcon_core.package_identification:_identify(.) by extension 'colcon_meta'
[0.471s] Level 1:colcon.colcon_core.package_identification:_identify(.) by extensions ['ros']
[0.471s] Level 1:colcon.colcon_core.package_identification:_identify(.) by extension 'ros'
[0.478s] Level 1:colcon.colcon_core.package_identification:_identify(.) by extensions ['cmake', 'python']
[0.478s] Level 1:colcon.colcon_core.package_identification:_identify(.) by extension 'cmake'
[0.478s] Level 1:colcon.colcon_core.package_identification:_identify(.) by extension 'python'
[0.478s] Level 1:colcon.colcon_core.package_identification:_identify(.) by extensions ['python_setup_py']
[0.478s] Level 1:colcon.colcon_core.package_identification:_identify(.) by extension 'python_setup_py'
[0.478s] Level 1:colcon.colcon_core.package_identification:_identify(build) by extensions ['ignore', 'ignore_ament_install']
[0.478s] Level 1:colcon.colcon_core.package_identification:_identify(build) by extension 'ignore'
[0.478s] Level 1:colcon.colcon_core.package_identification:_identify(build) ignored
[0.478s] Level 1:colcon.colcon_core.package_identification:_identify(install) by extensions ['ignore', 'ignore_ament_install']
[0.478s] Level 1:colcon.colcon_core.package_identification:_identify(install) by extension 'ignore'
[0.478s] Level 1:colcon.colcon_core.package_identification:_identify(install) ignored
[0.478s] Level 1:colcon.colcon_core.package_identification:_identify(log) by extensions ['ignore', 'ignore_ament_install']
[0.478s] Level 1:colcon.colcon_core.package_identification:_identify(log) by extension 'ignore'
[0.478s] Level 1:colcon.colcon_core.package_identification:_identify(log) ignored
[0.478s] Level 1:colcon.colcon_core.package_identification:_identify(src) by extensions ['ignore', 'ignore_ament_install']
[0.478s] Level 1:colcon.colcon_core.package_identification:_identify(src) by extension 'ignore'
[0.478s] Level 1:colcon.colcon_core.package_identification:_identify(src) by extension 'ignore_ament_install'
[0.478s] Level 1:colcon.colcon_core.package_identification:_identify(src) by extensions ['colcon_pkg']
[0.478s] Level 1:colcon.colcon_core.package_identification:_identify(src) by extension 'colcon_pkg'
[0.478s] Level 1:colcon.colcon_core.package_identification:_identify(src) by extensions ['colcon_meta']
[0.478s] Level 1:colcon.colcon_core.package_identification:_identify(src) by extension 'colcon_meta'
[0.479s] Level 1:colcon.colcon_core.package_identification:_identify(src) by extensions ['ros']
[0.479s] Level 1:colcon.colcon_core.package_identification:_identify(src) by extension 'ros'
[0.479s] Level 1:colcon.colcon_core.package_identification:_identify(src) by extensions ['cmake', 'python']
[0.479s] Level 1:colcon.colcon_core.package_identification:_identify(src) by extension 'cmake'
[0.479s] Level 1:colcon.colcon_core.package_identification:_identify(src) by extension 'python'
[0.479s] Level 1:colcon.colcon_core.package_identification:_identify(src) by extensions ['python_setup_py']
[0.479s] Level 1:colcon.colcon_core.package_identification:_identify(src) by extension 'python_setup_py'
[0.479s] Level 1:colcon.colcon_core.package_identification:_identify(src/kachaka_bringup) by extensions ['ignore', 'ignore_ament_install']
[0.479s] Level 1:colcon.colcon_core.package_identification:_identify(src/kachaka_bringup) by extension 'ignore'
[0.479s] Level 1:colcon.colcon_core.package_identification:_identify(src/kachaka_bringup) by extension 'ignore_ament_install'
[0.479s] Level 1:colcon.colcon_core.package_identification:_identify(src/kachaka_bringup) by extensions ['colcon_pkg']
[0.479s] Level 1:colcon.colcon_core.package_identification:_identify(src/kachaka_bringup) by extension 'colcon_pkg'
[0.479s] Level 1:colcon.colcon_core.package_identification:_identify(src/kachaka_bringup) by extensions ['colcon_meta']
[0.479s] Level 1:colcon.colcon_core.package_identification:_identify(src/kachaka_bringup) by extension 'colcon_meta'
[0.479s] Level 1:colcon.colcon_core.package_identification:_identify(src/kachaka_bringup) by extensions ['ros']
[0.479s] Level 1:colcon.colcon_core.package_identification:_identify(src/kachaka_bringup) by extension 'ros'
[0.479s] Level 1:colcon.colcon_core.package_identification:_identify(src/kachaka_bringup) by extensions ['cmake', 'python']
[0.479s] Level 1:colcon.colcon_core.package_identification:_identify(src/kachaka_bringup) by extension 'cmake'
[0.479s] Level 1:colcon.colcon_core.package_identification:_identify(src/kachaka_bringup) by extension 'python'
[0.479s] Level 1:colcon.colcon_core.package_identification:_identify(src/kachaka_bringup) by extensions ['python_setup_py']
[0.479s] Level 1:colcon.colcon_core.package_identification:_identify(src/kachaka_bringup) by extension 'python_setup_py'
[0.479s] Level 1:colcon.colcon_core.package_identification:_identify(src/kachaka_bringup/bringup) by extensions ['ignore', 'ignore_ament_install']
[0.479s] Level 1:colcon.colcon_core.package_identification:_identify(src/kachaka_bringup/bringup) by extension 'ignore'
[0.479s] Level 1:colcon.colcon_core.package_identification:_identify(src/kachaka_bringup/bringup) by extension 'ignore_ament_install'
[0.479s] Level 1:colcon.colcon_core.package_identification:_identify(src/kachaka_bringup/bringup) by extensions ['colcon_pkg']
[0.479s] Level 1:colcon.colcon_core.package_identification:_identify(src/kachaka_bringup/bringup) by extension 'colcon_pkg'
[0.479s] Level 1:colcon.colcon_core.package_identification:_identify(src/kachaka_bringup/bringup) by extensions ['colcon_meta']
[0.479s] Level 1:colcon.colcon_core.package_identification:_identify(src/kachaka_bringup/bringup) by extension 'colcon_meta'
[0.479s] Level 1:colcon.colcon_core.package_identification:_identify(src/kachaka_bringup/bringup) by extensions ['ros']
[0.479s] Level 1:colcon.colcon_core.package_identification:_identify(src/kachaka_bringup/bringup) by extension 'ros'
[0.481s] DEBUG:colcon.colcon_core.package_identification:Package 'src/kachaka_bringup/bringup' with type 'ros.ament_cmake' and name 'kachaka_bringup'
[0.481s] Level 1:colcon.colcon_core.package_identification:_identify(src/kachaka_description) by extensions ['ignore', 'ignore_ament_install']
[0.481s] Level 1:colcon.colcon_core.package_identification:_identify(src/kachaka_description) by extension 'ignore'
[0.481s] Level 1:colcon.colcon_core.package_identification:_identify(src/kachaka_description) by extension 'ignore_ament_install'
[0.481s] Level 1:colcon.colcon_core.package_identification:_identify(src/kachaka_description) by extensions ['colcon_pkg']
[0.481s] Level 1:colcon.colcon_core.package_identification:_identify(src/kachaka_description) by extension 'colcon_pkg'
[0.481s] Level 1:colcon.colcon_core.package_identification:_identify(src/kachaka_description) by extensions ['colcon_meta']
[0.481s] Level 1:colcon.colcon_core.package_identification:_identify(src/kachaka_description) by extension 'colcon_meta'
[0.481s] Level 1:colcon.colcon_core.package_identification:_identify(src/kachaka_description) by extensions ['ros']
[0.481s] Level 1:colcon.colcon_core.package_identification:_identify(src/kachaka_description) by extension 'ros'
[0.481s] DEBUG:colcon.colcon_core.package_identification:Package 'src/kachaka_description' with type 'ros.ament_cmake' and name 'kachaka_description'
[0.481s] Level 1:colcon.colcon_core.package_discovery:discover_packages(recursive) using defaults
[0.481s] Level 1:colcon.colcon_core.package_discovery:discover_packages(ignore) discover
[0.481s] Level 1:colcon.colcon_core.package_discovery:discover_packages(ignore) using defaults
[0.481s] Level 1:colcon.colcon_core.package_discovery:discover_packages(path) discover
[0.481s] Level 1:colcon.colcon_core.package_discovery:discover_packages(path) using defaults
[0.524s] Level 1:colcon.colcon_core.package_discovery:discover_packages(prefix_path) check parameters
[0.524s] Level 1:colcon.colcon_core.package_discovery:discover_packages(prefix_path) discover
[0.538s] DEBUG:colcon.colcon_installed_package_information.package_discovery:Found 2 installed packages in /home/yuto/ros2_ws/install
[0.545s] DEBUG:colcon.colcon_installed_package_information.package_discovery:Found 320 installed packages in /opt/ros/humble
[0.545s] Level 1:colcon.colcon_core.package_discovery:discover_packages(prefix_path) using defaults
[0.600s] Level 5:colcon.colcon_core.verb:set package 'kachaka_bringup' build argument 'cmake_args' from command line to 'None'
[0.600s] Level 5:colcon.colcon_core.verb:set package 'kachaka_bringup' build argument 'cmake_target' from command line to 'None'
[0.600s] Level 5:colcon.colcon_core.verb:set package 'kachaka_bringup' build argument 'cmake_target_skip_unavailable' from command line to 'False'
[0.600s] Level 5:colcon.colcon_core.verb:set package 'kachaka_bringup' build argument 'cmake_clean_cache' from command line to 'False'
[0.600s] Level 5:colcon.colcon_core.verb:set package 'kachaka_bringup' build argument 'cmake_clean_first' from command line to 'False'
[0.600s] Level 5:colcon.colcon_core.verb:set package 'kachaka_bringup' build argument 'cmake_force_configure' from command line to 'False'
[0.600s] Level 5:colcon.colcon_core.verb:set package 'kachaka_bringup' build argument 'ament_cmake_args' from command line to 'None'
[0.600s] Level 5:colcon.colcon_core.verb:set package 'kachaka_bringup' build argument 'catkin_cmake_args' from command line to 'None'
[0.600s] Level 5:colcon.colcon_core.verb:set package 'kachaka_bringup' build argument 'catkin_skip_building_tests' from command line to 'False'
[0.600s] DEBUG:colcon.colcon_core.verb:Building package 'kachaka_bringup' with the following arguments: {'ament_cmake_args': None, 'build_base': '/home/yuto/kachaka_ws/build/kachaka_bringup', 'catkin_cmake_args': None, 'catkin_skip_building_tests': False, 'cmake_args': None, 'cmake_clean_cache': False, 'cmake_clean_first': False, 'cmake_force_configure': False, 'cmake_target': None, 'cmake_target_skip_unavailable': False, 'install_base': '/home/yuto/kachaka_ws/install/kachaka_bringup', 'merge_install': False, 'path': '/home/yuto/kachaka_ws/src/kachaka_bringup/bringup', 'symlink_install': False, 'test_result_base': None}
[0.607s] Level 5:colcon.colcon_core.verb:set package 'kachaka_description' build argument 'cmake_args' from command line to 'None'
[0.607s] Level 5:colcon.colcon_core.verb:set package 'kachaka_description' build argument 'cmake_target' from command line to 'None'
[0.607s] Level 5:colcon.colcon_core.verb:set package 'kachaka_description' build argument 'cmake_target_skip_unavailable' from command line to 'False'
[0.607s] Level 5:colcon.colcon_core.verb:set package 'kachaka_description' build argument 'cmake_clean_cache' from command line to 'False'
[0.607s] Level 5:colcon.colcon_core.verb:set package 'kachaka_description' build argument 'cmake_clean_first' from command line to 'False'
[0.607s] Level 5:colcon.colcon_core.verb:set package 'kachaka_description' build argument 'cmake_force_configure' from command line to 'False'
[0.607s] Level 5:colcon.colcon_core.verb:set package 'kachaka_description' build argument 'ament_cmake_args' from command line to 'None'
[0.607s] Level 5:colcon.colcon_core.verb:set package 'kachaka_description' build argument 'catkin_cmake_args' from command line to 'None'
[0.607s] Level 5:colcon.colcon_core.verb:set package 'kachaka_description' build argument 'catkin_skip_building_tests' from command line to 'False'
[0.607s] DEBUG:colcon.colcon_core.verb:Building package 'kachaka_description' with the following arguments: {'ament_cmake_args': None, 'build_base': '/home/yuto/kachaka_ws/build/kachaka_description', 'catkin_cmake_args': None, 'catkin_skip_building_tests': False, 'cmake_args': None, 'cmake_clean_cache': False, 'cmake_clean_first': False, 'cmake_force_configure': False, 'cmake_target': None, 'cmake_target_skip_unavailable': False, 'install_base': '/home/yuto/kachaka_ws/install/kachaka_description', 'merge_install': False, 'path': '/home/yuto/kachaka_ws/src/kachaka_description', 'symlink_install': False, 'test_result_base': None}
[0.613s] INFO:colcon.colcon_core.executor:Executing jobs using 'parallel' executor
[0.620s] DEBUG:colcon.colcon_parallel_executor.executor.parallel:run_until_complete
[0.620s] INFO:colcon.colcon_ros.task.ament_cmake.build:Building ROS package in '/home/yuto/kachaka_ws/src/kachaka_bringup/bringup' with build type 'ament_cmake'
[0.620s] INFO:colcon.colcon_cmake.task.cmake.build:Building CMake package in '/home/yuto/kachaka_ws/src/kachaka_bringup/bringup'
[0.628s] INFO:colcon.colcon_core.plugin_system:Skipping extension 'colcon_core.shell.bat': Not used on non-Windows systems
[0.628s] INFO:colcon.colcon_core.shell:Skip shell extension 'powershell' for command environment: Not usable outside of PowerShell
[0.628s] DEBUG:colcon.colcon_core.shell:Skip shell extension 'dsv' for command environment
[0.648s] INFO:colcon.colcon_ros.task.ament_cmake.build:Building ROS package in '/home/yuto/kachaka_ws/src/kachaka_description' with build type 'ament_cmake'
[0.648s] INFO:colcon.colcon_cmake.task.cmake.build:Building CMake package in '/home/yuto/kachaka_ws/src/kachaka_description'
[0.655s] INFO:colcon.colcon_core.shell:Skip shell extension 'powershell' for command environment: Not usable outside of PowerShell
[0.655s] DEBUG:colcon.colcon_core.shell:Skip shell extension 'dsv' for command environment
[0.678s] DEBUG:colcon.colcon_core.event_handler.log_command:Invoking command in '/home/yuto/kachaka_ws/build/kachaka_bringup': CMAKE_PREFIX_PATH=${CMAKE_PREFIX_PATH}:/opt/ros/humble /usr/bin/cmake /home/yuto/kachaka_ws/src/kachaka_bringup/bringup -DCMAKE_INSTALL_PREFIX=/home/yuto/kachaka_ws/install/kachaka_bringup
[0.680s] DEBUG:colcon.colcon_core.event_handler.log_command:Invoking command in '/home/yuto/kachaka_ws/build/kachaka_description': CMAKE_PREFIX_PATH=${CMAKE_PREFIX_PATH}:/opt/ros/humble /usr/bin/cmake /home/yuto/kachaka_ws/src/kachaka_description -DCMAKE_INSTALL_PREFIX=/home/yuto/kachaka_ws/install/kachaka_description
[1.117s] DEBUG:colcon.colcon_core.event_handler.log_command:Invoked command in '/home/yuto/kachaka_ws/build/kachaka_bringup' returned '0': CMAKE_PREFIX_PATH=${CMAKE_PREFIX_PATH}:/opt/ros/humble /usr/bin/cmake /home/yuto/kachaka_ws/src/kachaka_bringup/bringup -DCMAKE_INSTALL_PREFIX=/home/yuto/kachaka_ws/install/kachaka_bringup
[1.118s] DEBUG:colcon.colcon_core.event_handler.log_command:Invoking command in '/home/yuto/kachaka_ws/build/kachaka_bringup': CMAKE_PREFIX_PATH=${CMAKE_PREFIX_PATH}:/opt/ros/humble /usr/bin/cmake --build /home/yuto/kachaka_ws/build/kachaka_bringup -- -j12 -l12
[1.140s] DEBUG:colcon.colcon_core.event_handler.log_command:Invoked command in '/home/yuto/kachaka_ws/build/kachaka_bringup' returned '0': CMAKE_PREFIX_PATH=${CMAKE_PREFIX_PATH}:/opt/ros/humble /usr/bin/cmake --build /home/yuto/kachaka_ws/build/kachaka_bringup -- -j12 -l12
[1.157s] DEBUG:colcon.colcon_core.event_handler.log_command:Invoking command in '/home/yuto/kachaka_ws/build/kachaka_bringup': CMAKE_PREFIX_PATH=${CMAKE_PREFIX_PATH}:/opt/ros/humble /usr/bin/cmake --install /home/yuto/kachaka_ws/build/kachaka_bringup
[1.164s] Level 1:colcon.colcon_core.environment:create_environment_scripts_only(kachaka_bringup)
[1.165s] DEBUG:colcon.colcon_core.event_handler.log_command:Invoked command in '/home/yuto/kachaka_ws/build/kachaka_bringup' returned '0': CMAKE_PREFIX_PATH=${CMAKE_PREFIX_PATH}:/opt/ros/humble /usr/bin/cmake --install /home/yuto/kachaka_ws/build/kachaka_bringup
[1.175s] Level 1:colcon.colcon_core.environment:checking '/home/yuto/kachaka_ws/install/kachaka_bringup' for CMake module files
[1.175s] Level 1:colcon.colcon_core.environment:checking '/home/yuto/kachaka_ws/install/kachaka_bringup' for CMake config files
[1.175s] Level 1:colcon.colcon_core.shell:create_environment_hook('kachaka_bringup', 'cmake_prefix_path')
[1.182s] INFO:colcon.colcon_core.shell:Creating environment hook '/home/yuto/kachaka_ws/install/kachaka_bringup/share/kachaka_bringup/hook/cmake_prefix_path.ps1'
[1.183s] INFO:colcon.colcon_core.shell:Creating environment descriptor '/home/yuto/kachaka_ws/install/kachaka_bringup/share/kachaka_bringup/hook/cmake_prefix_path.dsv'
[1.183s] INFO:colcon.colcon_core.shell:Creating environment hook '/home/yuto/kachaka_ws/install/kachaka_bringup/share/kachaka_bringup/hook/cmake_prefix_path.sh'
[1.183s] Level 1:colcon.colcon_core.environment:checking '/home/yuto/kachaka_ws/install/kachaka_bringup/bin'
[1.183s] Level 1:colcon.colcon_core.environment:checking '/home/yuto/kachaka_ws/install/kachaka_bringup/lib/pkgconfig/kachaka_bringup.pc'
[1.184s] Level 1:colcon.colcon_core.environment:checking '/home/yuto/kachaka_ws/install/kachaka_bringup/lib/python3.10/site-packages'
[1.184s] Level 1:colcon.colcon_core.environment:checking '/home/yuto/kachaka_ws/install/kachaka_bringup/bin'
[1.191s] INFO:colcon.colcon_core.shell:Creating package script '/home/yuto/kachaka_ws/install/kachaka_bringup/share/kachaka_bringup/package.ps1'
[1.192s] INFO:colcon.colcon_core.shell:Creating package descriptor '/home/yuto/kachaka_ws/install/kachaka_bringup/share/kachaka_bringup/package.dsv'
[1.192s] INFO:colcon.colcon_core.shell:Creating package script '/home/yuto/kachaka_ws/install/kachaka_bringup/share/kachaka_bringup/package.sh'
[1.192s] INFO:colcon.colcon_core.shell:Creating package script '/home/yuto/kachaka_ws/install/kachaka_bringup/share/kachaka_bringup/package.bash'
[1.193s] INFO:colcon.colcon_core.shell:Creating package script '/home/yuto/kachaka_ws/install/kachaka_bringup/share/kachaka_bringup/package.zsh'
[1.193s] Level 1:colcon.colcon_core.environment:create_file_with_runtime_dependencies(/home/yuto/kachaka_ws/install/kachaka_bringup/share/colcon-core/packages/kachaka_bringup)
[1.221s] Level 1:colcon.colcon_core.environment:create_environment_scripts_only(kachaka_bringup)
[1.228s] Level 1:colcon.colcon_core.environment:checking '/home/yuto/kachaka_ws/install/kachaka_bringup' for CMake module files
[1.229s] Level 1:colcon.colcon_core.environment:checking '/home/yuto/kachaka_ws/install/kachaka_bringup' for CMake config files
[1.229s] Level 1:colcon.colcon_core.shell:create_environment_hook('kachaka_bringup', 'cmake_prefix_path')
[1.236s] INFO:colcon.colcon_core.shell:Creating environment hook '/home/yuto/kachaka_ws/install/kachaka_bringup/share/kachaka_bringup/hook/cmake_prefix_path.ps1'
[1.236s] INFO:colcon.colcon_core.shell:Creating environment descriptor '/home/yuto/kachaka_ws/install/kachaka_bringup/share/kachaka_bringup/hook/cmake_prefix_path.dsv'
[1.236s] INFO:colcon.colcon_core.shell:Creating environment hook '/home/yuto/kachaka_ws/install/kachaka_bringup/share/kachaka_bringup/hook/cmake_prefix_path.sh'
[1.236s] Level 1:colcon.colcon_core.environment:checking '/home/yuto/kachaka_ws/install/kachaka_bringup/bin'
[1.237s] Level 1:colcon.colcon_core.environment:checking '/home/yuto/kachaka_ws/install/kachaka_bringup/lib/pkgconfig/kachaka_bringup.pc'
[1.237s] Level 1:colcon.colcon_core.environment:checking '/home/yuto/kachaka_ws/install/kachaka_bringup/lib/python3.10/site-packages'
[1.237s] Level 1:colcon.colcon_core.environment:checking '/home/yuto/kachaka_ws/install/kachaka_bringup/bin'
[1.244s] INFO:colcon.colcon_core.shell:Creating package script '/home/yuto/kachaka_ws/install/kachaka_bringup/share/kachaka_bringup/package.ps1'
[1.244s] INFO:colcon.colcon_core.shell:Creating package descriptor '/home/yuto/kachaka_ws/install/kachaka_bringup/share/kachaka_bringup/package.dsv'
[1.244s] INFO:colcon.colcon_core.shell:Creating package script '/home/yuto/kachaka_ws/install/kachaka_bringup/share/kachaka_bringup/package.sh'
[1.245s] INFO:colcon.colcon_core.shell:Creating package script '/home/yuto/kachaka_ws/install/kachaka_bringup/share/kachaka_bringup/package.bash'
[1.245s] INFO:colcon.colcon_core.shell:Creating package script '/home/yuto/kachaka_ws/install/kachaka_bringup/share/kachaka_bringup/package.zsh'
[1.245s] Level 1:colcon.colcon_core.environment:create_file_with_runtime_dependencies(/home/yuto/kachaka_ws/install/kachaka_bringup/share/colcon-core/packages/kachaka_bringup)
[1.816s] DEBUG:colcon.colcon_core.event_handler.log_command:Invoked command in '/home/yuto/kachaka_ws/build/kachaka_description' returned '0': CMAKE_PREFIX_PATH=${CMAKE_PREFIX_PATH}:/opt/ros/humble /usr/bin/cmake /home/yuto/kachaka_ws/src/kachaka_description -DCMAKE_INSTALL_PREFIX=/home/yuto/kachaka_ws/install/kachaka_description
[1.818s] DEBUG:colcon.colcon_core.event_handler.log_command:Invoking command in '/home/yuto/kachaka_ws/build/kachaka_description': CMAKE_PREFIX_PATH=${CMAKE_PREFIX_PATH}:/opt/ros/humble /usr/bin/cmake --build /home/yuto/kachaka_ws/build/kachaka_description -- -j12 -l12
[1.841s] DEBUG:colcon.colcon_core.event_handler.log_command:Invoked command in '/home/yuto/kachaka_ws/build/kachaka_description' returned '0': CMAKE_PREFIX_PATH=${CMAKE_PREFIX_PATH}:/opt/ros/humble /usr/bin/cmake --build /home/yuto/kachaka_ws/build/kachaka_description -- -j12 -l12
[1.855s] DEBUG:colcon.colcon_core.event_handler.log_command:Invoking command in '/home/yuto/kachaka_ws/build/kachaka_description': CMAKE_PREFIX_PATH=${CMAKE_PREFIX_PATH}:/opt/ros/humble /usr/bin/cmake --install /home/yuto/kachaka_ws/build/kachaka_description
[1.861s] Level 1:colcon.colcon_core.environment:create_environment_scripts_only(kachaka_description)
[1.861s] DEBUG:colcon.colcon_core.event_handler.log_command:Invoked command in '/home/yuto/kachaka_ws/build/kachaka_description' returned '0': CMAKE_PREFIX_PATH=${CMAKE_PREFIX_PATH}:/opt/ros/humble /usr/bin/cmake --install /home/yuto/kachaka_ws/build/kachaka_description
[1.870s] Level 1:colcon.colcon_core.environment:checking '/home/yuto/kachaka_ws/install/kachaka_description' for CMake module files
[1.871s] Level 1:colcon.colcon_core.environment:checking '/home/yuto/kachaka_ws/install/kachaka_description' for CMake config files
[1.871s] Level 1:colcon.colcon_core.shell:create_environment_hook('kachaka_description', 'cmake_prefix_path')
[1.877s] INFO:colcon.colcon_core.shell:Creating environment hook '/home/yuto/kachaka_ws/install/kachaka_description/share/kachaka_description/hook/cmake_prefix_path.ps1'
[1.877s] INFO:colcon.colcon_core.shell:Creating environment descriptor '/home/yuto/kachaka_ws/install/kachaka_description/share/kachaka_description/hook/cmake_prefix_path.dsv'
[1.877s] INFO:colcon.colcon_core.shell:Creating environment hook '/home/yuto/kachaka_ws/install/kachaka_description/share/kachaka_description/hook/cmake_prefix_path.sh'
[1.877s] Level 1:colcon.colcon_core.environment:checking '/home/yuto/kachaka_ws/install/kachaka_description/bin'
[1.877s] Level 1:colcon.colcon_core.environment:checking '/home/yuto/kachaka_ws/install/kachaka_description/lib/pkgconfig/kachaka_description.pc'
[1.877s] Level 1:colcon.colcon_core.environment:checking '/home/yuto/kachaka_ws/install/kachaka_description/lib/python3.10/site-packages'
[1.878s] Level 1:colcon.colcon_core.environment:checking '/home/yuto/kachaka_ws/install/kachaka_description/bin'
[1.884s] INFO:colcon.colcon_core.shell:Creating package script '/home/yuto/kachaka_ws/install/kachaka_description/share/kachaka_description/package.ps1'
[1.884s] INFO:colcon.colcon_core.shell:Creating package descriptor '/home/yuto/kachaka_ws/install/kachaka_description/share/kachaka_description/package.dsv'
[1.885s] INFO:colcon.colcon_core.shell:Creating package script '/home/yuto/kachaka_ws/install/kachaka_description/share/kachaka_description/package.sh'
[1.885s] INFO:colcon.colcon_core.shell:Creating package script '/home/yuto/kachaka_ws/install/kachaka_description/share/kachaka_description/package.bash'
[1.885s] INFO:colcon.colcon_core.shell:Creating package script '/home/yuto/kachaka_ws/install/kachaka_description/share/kachaka_description/package.zsh'
[1.885s] Level 1:colcon.colcon_core.environment:create_file_with_runtime_dependencies(/home/yuto/kachaka_ws/install/kachaka_description/share/colcon-core/packages/kachaka_description)
[1.904s] Level 1:colcon.colcon_core.environment:create_environment_scripts_only(kachaka_description)
[1.910s] Level 1:colcon.colcon_core.environment:checking '/home/yuto/kachaka_ws/install/kachaka_description' for CMake module files
[1.910s] Level 1:colcon.colcon_core.environment:checking '/home/yuto/kachaka_ws/install/kachaka_description' for CMake config files
[1.910s] Level 1:colcon.colcon_core.shell:create_environment_hook('kachaka_description', 'cmake_prefix_path')
[1.916s] INFO:colcon.colcon_core.shell:Creating environment hook '/home/yuto/kachaka_ws/install/kachaka_description/share/kachaka_description/hook/cmake_prefix_path.ps1'
[1.916s] INFO:colcon.colcon_core.shell:Creating environment descriptor '/home/yuto/kachaka_ws/install/kachaka_description/share/kachaka_description/hook/cmake_prefix_path.dsv'
[1.917s] INFO:colcon.colcon_core.shell:Creating environment hook '/home/yuto/kachaka_ws/install/kachaka_description/share/kachaka_description/hook/cmake_prefix_path.sh'
[1.917s] Level 1:colcon.colcon_core.environment:checking '/home/yuto/kachaka_ws/install/kachaka_description/bin'
[1.917s] Level 1:colcon.colcon_core.environment:checking '/home/yuto/kachaka_ws/install/kachaka_description/lib/pkgconfig/kachaka_description.pc'
[1.917s] Level 1:colcon.colcon_core.environment:checking '/home/yuto/kachaka_ws/install/kachaka_description/lib/python3.10/site-packages'
[1.917s] Level 1:colcon.colcon_core.environment:checking '/home/yuto/kachaka_ws/install/kachaka_description/bin'
[1.923s] INFO:colcon.colcon_core.shell:Creating package script '/home/yuto/kachaka_ws/install/kachaka_description/share/kachaka_description/package.ps1'
[1.923s] INFO:colcon.colcon_core.shell:Creating package descriptor '/home/yuto/kachaka_ws/install/kachaka_description/share/kachaka_description/package.dsv'
[1.924s] INFO:colcon.colcon_core.shell:Creating package script '/home/yuto/kachaka_ws/install/kachaka_description/share/kachaka_description/package.sh'
[1.924s] INFO:colcon.colcon_core.shell:Creating package script '/home/yuto/kachaka_ws/install/kachaka_description/share/kachaka_description/package.bash'
[1.924s] INFO:colcon.colcon_core.shell:Creating package script '/home/yuto/kachaka_ws/install/kachaka_description/share/kachaka_description/package.zsh'
[1.924s] Level 1:colcon.colcon_core.environment:create_file_with_runtime_dependencies(/home/yuto/kachaka_ws/install/kachaka_description/share/colcon-core/packages/kachaka_description)
[1.924s] DEBUG:colcon.colcon_parallel_executor.executor.parallel:closing loop
[1.924s] DEBUG:colcon.colcon_parallel_executor.executor.parallel:loop closed
[1.924s] DEBUG:colcon.colcon_parallel_executor.executor.parallel:run_until_complete finished with '0'
[1.924s] DEBUG:colcon.colcon_core.event_reactor:joining thread
[1.937s] INFO:colcon.colcon_core.plugin_system:Skipping extension 'colcon_notification.desktop_notification.terminal_notifier': Not used on non-Darwin systems
[1.937s] INFO:colcon.colcon_core.plugin_system:Skipping extension 'colcon_notification.desktop_notification.win32': Not used on non-Windows systems
[1.937s] INFO:colcon.colcon_notification.desktop_notification:Sending desktop notification using 'notify2'
[1.948s] DEBUG:colcon.colcon_core.event_reactor:joined thread
[1.954s] INFO:colcon.colcon_core.shell:Creating prefix script '/home/yuto/kachaka_ws/install/local_setup.ps1'
[1.955s] INFO:colcon.colcon_core.shell:Creating prefix util module '/home/yuto/kachaka_ws/install/_local_setup_util_ps1.py'
[1.955s] INFO:colcon.colcon_core.shell:Creating prefix chain script '/home/yuto/kachaka_ws/install/setup.ps1'
[1.963s] INFO:colcon.colcon_core.shell:Creating prefix script '/home/yuto/kachaka_ws/install/local_setup.sh'
[1.963s] INFO:colcon.colcon_core.shell:Creating prefix util module '/home/yuto/kachaka_ws/install/_local_setup_util_sh.py'
[1.963s] INFO:colcon.colcon_core.shell:Creating prefix chain script '/home/yuto/kachaka_ws/install/setup.sh'
[1.970s] INFO:colcon.colcon_core.shell:Creating prefix script '/home/yuto/kachaka_ws/install/local_setup.bash'
[1.970s] INFO:colcon.colcon_core.shell:Creating prefix chain script '/home/yuto/kachaka_ws/install/setup.bash'
[1.977s] INFO:colcon.colcon_core.shell:Creating prefix script '/home/yuto/kachaka_ws/install/local_setup.zsh'
[1.977s] INFO:colcon.colcon_core.shell:Creating prefix chain script '/home/yuto/kachaka_ws/install/setup.zsh'
