[0.058s] Invoking command in '/home/yuto/kachaka_ws/build/kachaka_bringup': CMAKE_PREFIX_PATH=${CMAKE_PREFIX_PATH}:/opt/ros/humble /usr/bin/cmake /home/yuto/kachaka_ws/src/kachaka_bringup/bringup -DCMAKE_INSTALL_PREFIX=/home/yuto/kachaka_ws/install/kachaka_bringup
[0.093s] -- The C compiler identification is GNU 11.4.0
[0.131s] -- The CXX compiler identification is GNU 11.4.0
[0.137s] -- Detecting C compiler ABI info
[0.181s] -- Detecting C compiler ABI info - done
[0.188s] -- Check for working C compiler: /usr/bin/cc - skipped
[0.189s] -- Detecting C compile features
[0.189s] -- Detecting C compile features - done
[0.192s] -- Detecting CXX compiler ABI info
[0.241s] -- Detecting CXX compiler ABI info - done
[0.250s] -- Check for working CXX compiler: /usr/bin/c++ - skipped
[0.250s] -- Detecting CXX compile features
[0.250s] -- Detecting CXX compile features - done
[0.252s] -- Found ament_cmake: 1.3.8 (/opt/ros/humble/share/ament_cmake/cmake)
[0.350s] -- Found Python3: /usr/bin/python3 (found version "3.10.12") found components: Interpreter 
[0.405s] -- Found nav2_common: 1.1.13 (/opt/ros/humble/share/nav2_common/cmake)
[0.406s] -- Found navigation2: 1.1.13 (/opt/ros/humble/share/navigation2/cmake)
[0.406s] -- Setting build type to Release as none was specified.
[0.407s] -- Found ament_lint_auto: 0.12.10 (/opt/ros/humble/share/ament_lint_auto/cmake)
[0.487s] -- Added test 'copyright' to check source files copyright and LICENSE
[0.488s] -- Added test 'flake8' to check Python code syntax and style conventions
[0.488s] -- Added test 'lint_cmake' to check CMake code style
[0.489s] -- Added test 'pep257' to check Python code against some of the docstring style conventions in PEP 257
[0.489s] -- Added test 'xmllint' to check XML markup files
[0.490s] -- Configuring done
[0.492s] -- Generating done
[0.492s] -- Build files have been written to: /home/yuto/kachaka_ws/build/kachaka_bringup
[0.497s] Invoked command in '/home/yuto/kachaka_ws/build/kachaka_bringup' returned '0': CMAKE_PREFIX_PATH=${CMAKE_PREFIX_PATH}:/opt/ros/humble /usr/bin/cmake /home/yuto/kachaka_ws/src/kachaka_bringup/bringup -DCMAKE_INSTALL_PREFIX=/home/yuto/kachaka_ws/install/kachaka_bringup
[0.497s] Invoking command in '/home/yuto/kachaka_ws/build/kachaka_bringup': CMAKE_PREFIX_PATH=${CMAKE_PREFIX_PATH}:/opt/ros/humble /usr/bin/cmake --build /home/yuto/kachaka_ws/build/kachaka_bringup -- -j12 -l12
[0.520s] Invoked command in '/home/yuto/kachaka_ws/build/kachaka_bringup' returned '0': CMAKE_PREFIX_PATH=${CMAKE_PREFIX_PATH}:/opt/ros/humble /usr/bin/cmake --build /home/yuto/kachaka_ws/build/kachaka_bringup -- -j12 -l12
[0.537s] Invoking command in '/home/yuto/kachaka_ws/build/kachaka_bringup': CMAKE_PREFIX_PATH=${CMAKE_PREFIX_PATH}:/opt/ros/humble /usr/bin/cmake --install /home/yuto/kachaka_ws/build/kachaka_bringup
[0.541s] -- Install configuration: "Release"
[0.541s] -- Installing: /home/yuto/kachaka_ws/install/kachaka_bringup/share/kachaka_bringup/launch
[0.541s] -- Installing: /home/yuto/kachaka_ws/install/kachaka_bringup/share/kachaka_bringup/launch/navigation_launch.py
[0.541s] -- Installing: /home/yuto/kachaka_ws/install/kachaka_bringup/share/kachaka_bringup/rviz
[0.541s] -- Installing: /home/yuto/kachaka_ws/install/kachaka_bringup/share/kachaka_bringup/rviz/kachaka-nav.rviz
[0.541s] -- Installing: /home/yuto/kachaka_ws/install/kachaka_bringup/share/kachaka_bringup/params
[0.542s] -- Installing: /home/yuto/kachaka_ws/install/kachaka_bringup/share/kachaka_bringup/params/nav2_params.yaml
[0.542s] -- Installing: /home/yuto/kachaka_ws/install/kachaka_bringup/share/ament_index/resource_index/package_run_dependencies/kachaka_bringup
[0.542s] -- Installing: /home/yuto/kachaka_ws/install/kachaka_bringup/share/ament_index/resource_index/parent_prefix_path/kachaka_bringup
[0.542s] -- Installing: /home/yuto/kachaka_ws/install/kachaka_bringup/share/kachaka_bringup/environment/ament_prefix_path.sh
[0.542s] -- Installing: /home/yuto/kachaka_ws/install/kachaka_bringup/share/kachaka_bringup/environment/ament_prefix_path.dsv
[0.542s] -- Installing: /home/yuto/kachaka_ws/install/kachaka_bringup/share/kachaka_bringup/environment/path.sh
[0.542s] -- Installing: /home/yuto/kachaka_ws/install/kachaka_bringup/share/kachaka_bringup/environment/path.dsv
[0.542s] -- Installing: /home/yuto/kachaka_ws/install/kachaka_bringup/share/kachaka_bringup/local_setup.bash
[0.542s] -- Installing: /home/yuto/kachaka_ws/install/kachaka_bringup/share/kachaka_bringup/local_setup.sh
[0.542s] -- Installing: /home/yuto/kachaka_ws/install/kachaka_bringup/share/kachaka_bringup/local_setup.zsh
[0.542s] -- Installing: /home/yuto/kachaka_ws/install/kachaka_bringup/share/kachaka_bringup/local_setup.dsv
[0.543s] -- Installing: /home/yuto/kachaka_ws/install/kachaka_bringup/share/kachaka_bringup/package.dsv
[0.543s] -- Installing: /home/yuto/kachaka_ws/install/kachaka_bringup/share/ament_index/resource_index/packages/kachaka_bringup
[0.543s] -- Installing: /home/yuto/kachaka_ws/install/kachaka_bringup/share/kachaka_bringup/cmake/kachaka_bringupConfig.cmake
[0.543s] -- Installing: /home/yuto/kachaka_ws/install/kachaka_bringup/share/kachaka_bringup/cmake/kachaka_bringupConfig-version.cmake
[0.543s] -- Installing: /home/yuto/kachaka_ws/install/kachaka_bringup/share/kachaka_bringup/package.xml
[0.545s] Invoked command in '/home/yuto/kachaka_ws/build/kachaka_bringup' returned '0': CMAKE_PREFIX_PATH=${CMAKE_PREFIX_PATH}:/opt/ros/humble /usr/bin/cmake --install /home/yuto/kachaka_ws/build/kachaka_bringup
