[0.448s] DEBUG:colcon:Command line arguments: ['/usr/bin/colcon', 'build']
[0.448s] DEBUG:colcon:Parsed command line arguments: Namespace(log_base=None, log_level=None, verb_name='build', build_base='build', install_base='install', merge_install=False, symlink_install=False, test_result_base=None, continue_on_error=False, executor='parallel', parallel_workers=12, event_handlers=None, ignore_user_meta=False, metas=['./colcon.meta'], base_paths=['.'], packages_ignore=None, packages_ignore_regex=None, paths=None, packages_up_to=None, packages_up_to_regex=None, packages_above=None, packages_above_and_dependencies=None, packages_above_depth=None, packages_select_by_dep=None, packages_skip_by_dep=None, packages_skip_up_to=None, packages_select_build_failed=False, packages_skip_build_finished=False, packages_select_test_failures=False, packages_skip_test_passed=False, packages_select=None, packages_skip=None, packages_select_regex=None, packages_skip_regex=None, packages_start=None, packages_end=None, allow_overriding=[], cmake_args=None, cmake_target=None, cmake_target_skip_unavailable=False, cmake_clean_cache=False, cmake_clean_first=False, cmake_force_configure=False, ament_cmake_args=None, catkin_cmake_args=None, catkin_skip_building_tests=False, verb_parser=<colcon_defaults.argument_parser.defaults.DefaultArgumentsDecorator object at 0x7f4729ea4b80>, verb_extension=<colcon_core.verb.build.BuildVerb object at 0x7f472a0d87c0>, main=<bound method BuildVerb.main of <colcon_core.verb.build.BuildVerb object at 0x7f472a0d87c0>>)
[0.469s] Level 1:colcon.colcon_core.package_discovery:discover_packages(colcon_meta) check parameters
[0.469s] Level 1:colcon.colcon_core.package_discovery:discover_packages(recursive) check parameters
[0.469s] Level 1:colcon.colcon_core.package_discovery:discover_packages(ignore) check parameters
[0.469s] Level 1:colcon.colcon_core.package_discovery:discover_packages(path) check parameters
[0.469s] Level 1:colcon.colcon_core.package_discovery:discover_packages(colcon_meta) discover
[0.469s] Level 1:colcon.colcon_core.package_discovery:discover_packages(recursive) discover
[0.469s] INFO:colcon.colcon_core.package_discovery:Crawling recursively for packages in '/home/yuto/kachaka_ws'
[0.469s] Level 1:colcon.colcon_core.package_identification:_identify(.) by extensions ['ignore', 'ignore_ament_install']
[0.469s] Level 1:colcon.colcon_core.package_identification:_identify(.) by extension 'ignore'
[0.469s] Level 1:colcon.colcon_core.package_identification:_identify(.) by extension 'ignore_ament_install'
[0.470s] Level 1:colcon.colcon_core.package_identification:_identify(.) by extensions ['colcon_pkg']
[0.470s] Level 1:colcon.colcon_core.package_identification:_identify(.) by extension 'colcon_pkg'
[0.470s] Level 1:colcon.colcon_core.package_identification:_identify(.) by extensions ['colcon_meta']
[0.470s] Level 1:colcon.colcon_core.package_identification:_identify(.) by extension 'colcon_meta'
[0.470s] Level 1:colcon.colcon_core.package_identification:_identify(.) by extensions ['ros']
[0.470s] Level 1:colcon.colcon_core.package_identification:_identify(.) by extension 'ros'
[0.475s] Level 1:colcon.colcon_core.package_identification:_identify(.) by extensions ['cmake', 'python']
[0.475s] Level 1:colcon.colcon_core.package_identification:_identify(.) by extension 'cmake'
[0.475s] Level 1:colcon.colcon_core.package_identification:_identify(.) by extension 'python'
[0.475s] Level 1:colcon.colcon_core.package_identification:_identify(.) by extensions ['python_setup_py']
[0.475s] Level 1:colcon.colcon_core.package_identification:_identify(.) by extension 'python_setup_py'
[0.475s] Level 1:colcon.colcon_core.package_identification:_identify(build) by extensions ['ignore', 'ignore_ament_install']
[0.475s] Level 1:colcon.colcon_core.package_identification:_identify(build) by extension 'ignore'
[0.475s] Level 1:colcon.colcon_core.package_identification:_identify(build) ignored
[0.476s] Level 1:colcon.colcon_core.package_identification:_identify(install) by extensions ['ignore', 'ignore_ament_install']
[0.476s] Level 1:colcon.colcon_core.package_identification:_identify(install) by extension 'ignore'
[0.476s] Level 1:colcon.colcon_core.package_identification:_identify(install) ignored
[0.476s] Level 1:colcon.colcon_core.package_identification:_identify(log) by extensions ['ignore', 'ignore_ament_install']
[0.476s] Level 1:colcon.colcon_core.package_identification:_identify(log) by extension 'ignore'
[0.476s] Level 1:colcon.colcon_core.package_identification:_identify(log) ignored
[0.476s] Level 1:colcon.colcon_core.package_identification:_identify(src) by extensions ['ignore', 'ignore_ament_install']
[0.476s] Level 1:colcon.colcon_core.package_identification:_identify(src) by extension 'ignore'
[0.476s] Level 1:colcon.colcon_core.package_identification:_identify(src) by extension 'ignore_ament_install'
[0.476s] Level 1:colcon.colcon_core.package_identification:_identify(src) by extensions ['colcon_pkg']
[0.476s] Level 1:colcon.colcon_core.package_identification:_identify(src) by extension 'colcon_pkg'
[0.476s] Level 1:colcon.colcon_core.package_identification:_identify(src) by extensions ['colcon_meta']
[0.476s] Level 1:colcon.colcon_core.package_identification:_identify(src) by extension 'colcon_meta'
[0.476s] Level 1:colcon.colcon_core.package_identification:_identify(src) by extensions ['ros']
[0.476s] Level 1:colcon.colcon_core.package_identification:_identify(src) by extension 'ros'
[0.476s] Level 1:colcon.colcon_core.package_identification:_identify(src) by extensions ['cmake', 'python']
[0.476s] Level 1:colcon.colcon_core.package_identification:_identify(src) by extension 'cmake'
[0.476s] Level 1:colcon.colcon_core.package_identification:_identify(src) by extension 'python'
[0.476s] Level 1:colcon.colcon_core.package_identification:_identify(src) by extensions ['python_setup_py']
[0.476s] Level 1:colcon.colcon_core.package_identification:_identify(src) by extension 'python_setup_py'
[0.476s] Level 1:colcon.colcon_core.package_identification:_identify(src/kachaka_bringup) by extensions ['ignore', 'ignore_ament_install']
[0.476s] Level 1:colcon.colcon_core.package_identification:_identify(src/kachaka_bringup) by extension 'ignore'
[0.476s] Level 1:colcon.colcon_core.package_identification:_identify(src/kachaka_bringup) by extension 'ignore_ament_install'
[0.476s] Level 1:colcon.colcon_core.package_identification:_identify(src/kachaka_bringup) by extensions ['colcon_pkg']
[0.476s] Level 1:colcon.colcon_core.package_identification:_identify(src/kachaka_bringup) by extension 'colcon_pkg'
[0.476s] Level 1:colcon.colcon_core.package_identification:_identify(src/kachaka_bringup) by extensions ['colcon_meta']
[0.476s] Level 1:colcon.colcon_core.package_identification:_identify(src/kachaka_bringup) by extension 'colcon_meta'
[0.476s] Level 1:colcon.colcon_core.package_identification:_identify(src/kachaka_bringup) by extensions ['ros']
[0.476s] Level 1:colcon.colcon_core.package_identification:_identify(src/kachaka_bringup) by extension 'ros'
[0.476s] Level 1:colcon.colcon_core.package_identification:_identify(src/kachaka_bringup) by extensions ['cmake', 'python']
[0.476s] Level 1:colcon.colcon_core.package_identification:_identify(src/kachaka_bringup) by extension 'cmake'
[0.476s] Level 1:colcon.colcon_core.package_identification:_identify(src/kachaka_bringup) by extension 'python'
[0.476s] Level 1:colcon.colcon_core.package_identification:_identify(src/kachaka_bringup) by extensions ['python_setup_py']
[0.477s] Level 1:colcon.colcon_core.package_identification:_identify(src/kachaka_bringup) by extension 'python_setup_py'
[0.477s] Level 1:colcon.colcon_core.package_identification:_identify(src/kachaka_bringup/bringup) by extensions ['ignore', 'ignore_ament_install']
[0.477s] Level 1:colcon.colcon_core.package_identification:_identify(src/kachaka_bringup/bringup) by extension 'ignore'
[0.477s] Level 1:colcon.colcon_core.package_identification:_identify(src/kachaka_bringup/bringup) by extension 'ignore_ament_install'
[0.477s] Level 1:colcon.colcon_core.package_identification:_identify(src/kachaka_bringup/bringup) by extensions ['colcon_pkg']
[0.477s] Level 1:colcon.colcon_core.package_identification:_identify(src/kachaka_bringup/bringup) by extension 'colcon_pkg'
[0.477s] Level 1:colcon.colcon_core.package_identification:_identify(src/kachaka_bringup/bringup) by extensions ['colcon_meta']
[0.477s] Level 1:colcon.colcon_core.package_identification:_identify(src/kachaka_bringup/bringup) by extension 'colcon_meta'
[0.477s] Level 1:colcon.colcon_core.package_identification:_identify(src/kachaka_bringup/bringup) by extensions ['ros']
[0.477s] Level 1:colcon.colcon_core.package_identification:_identify(src/kachaka_bringup/bringup) by extension 'ros'
[0.478s] DEBUG:colcon.colcon_core.package_identification:Package 'src/kachaka_bringup/bringup' with type 'ros.ament_cmake' and name 'kachaka_bringup'
[0.479s] Level 1:colcon.colcon_core.package_identification:_identify(src/kachaka_description) by extensions ['ignore', 'ignore_ament_install']
[0.479s] Level 1:colcon.colcon_core.package_identification:_identify(src/kachaka_description) by extension 'ignore'
[0.479s] Level 1:colcon.colcon_core.package_identification:_identify(src/kachaka_description) by extension 'ignore_ament_install'
[0.479s] Level 1:colcon.colcon_core.package_identification:_identify(src/kachaka_description) by extensions ['colcon_pkg']
[0.479s] Level 1:colcon.colcon_core.package_identification:_identify(src/kachaka_description) by extension 'colcon_pkg'
[0.479s] Level 1:colcon.colcon_core.package_identification:_identify(src/kachaka_description) by extensions ['colcon_meta']
[0.479s] Level 1:colcon.colcon_core.package_identification:_identify(src/kachaka_description) by extension 'colcon_meta'
[0.479s] Level 1:colcon.colcon_core.package_identification:_identify(src/kachaka_description) by extensions ['ros']
[0.479s] Level 1:colcon.colcon_core.package_identification:_identify(src/kachaka_description) by extension 'ros'
[0.479s] DEBUG:colcon.colcon_core.package_identification:Package 'src/kachaka_description' with type 'ros.ament_cmake' and name 'kachaka_description'
[0.479s] Level 1:colcon.colcon_core.package_identification:_identify(src/kachaka_follow) by extensions ['ignore', 'ignore_ament_install']
[0.480s] Level 1:colcon.colcon_core.package_identification:_identify(src/kachaka_follow) by extension 'ignore'
[0.480s] Level 1:colcon.colcon_core.package_identification:_identify(src/kachaka_follow) by extension 'ignore_ament_install'
[0.480s] Level 1:colcon.colcon_core.package_identification:_identify(src/kachaka_follow) by extensions ['colcon_pkg']
[0.480s] Level 1:colcon.colcon_core.package_identification:_identify(src/kachaka_follow) by extension 'colcon_pkg'
[0.480s] Level 1:colcon.colcon_core.package_identification:_identify(src/kachaka_follow) by extensions ['colcon_meta']
[0.480s] Level 1:colcon.colcon_core.package_identification:_identify(src/kachaka_follow) by extension 'colcon_meta'
[0.480s] Level 1:colcon.colcon_core.package_identification:_identify(src/kachaka_follow) by extensions ['ros']
[0.480s] Level 1:colcon.colcon_core.package_identification:_identify(src/kachaka_follow) by extension 'ros'
[0.480s] DEBUG:colcon.colcon_core.package_identification:Package 'src/kachaka_follow' with type 'ros.ament_python' and name 'kachaka_follow'
[0.480s] Level 1:colcon.colcon_core.package_identification:_identify(src/kachaka_interfaces) by extensions ['ignore', 'ignore_ament_install']
[0.480s] Level 1:colcon.colcon_core.package_identification:_identify(src/kachaka_interfaces) by extension 'ignore'
[0.480s] Level 1:colcon.colcon_core.package_identification:_identify(src/kachaka_interfaces) by extension 'ignore_ament_install'
[0.480s] Level 1:colcon.colcon_core.package_identification:_identify(src/kachaka_interfaces) by extensions ['colcon_pkg']
[0.480s] Level 1:colcon.colcon_core.package_identification:_identify(src/kachaka_interfaces) by extension 'colcon_pkg'
[0.480s] Level 1:colcon.colcon_core.package_identification:_identify(src/kachaka_interfaces) by extensions ['colcon_meta']
[0.480s] Level 1:colcon.colcon_core.package_identification:_identify(src/kachaka_interfaces) by extension 'colcon_meta'
[0.480s] Level 1:colcon.colcon_core.package_identification:_identify(src/kachaka_interfaces) by extensions ['ros']
[0.480s] Level 1:colcon.colcon_core.package_identification:_identify(src/kachaka_interfaces) by extension 'ros'
[0.481s] DEBUG:colcon.colcon_core.package_identification:Package 'src/kachaka_interfaces' with type 'ros.ament_cmake' and name 'kachaka_interfaces'
[0.481s] Level 1:colcon.colcon_core.package_discovery:discover_packages(recursive) using defaults
[0.481s] Level 1:colcon.colcon_core.package_discovery:discover_packages(ignore) discover
[0.481s] Level 1:colcon.colcon_core.package_discovery:discover_packages(ignore) using defaults
[0.481s] Level 1:colcon.colcon_core.package_discovery:discover_packages(path) discover
[0.481s] Level 1:colcon.colcon_core.package_discovery:discover_packages(path) using defaults
[0.522s] Level 1:colcon.colcon_core.package_discovery:discover_packages(prefix_path) check parameters
[0.523s] Level 1:colcon.colcon_core.package_discovery:discover_packages(prefix_path) discover
[0.536s] DEBUG:colcon.colcon_installed_package_information.package_discovery:Found 325 installed packages in /opt/ros/humble
[0.536s] Level 1:colcon.colcon_core.package_discovery:discover_packages(prefix_path) using defaults
[0.589s] Level 5:colcon.colcon_core.verb:set package 'kachaka_bringup' build argument 'cmake_args' from command line to 'None'
[0.589s] Level 5:colcon.colcon_core.verb:set package 'kachaka_bringup' build argument 'cmake_target' from command line to 'None'
[0.589s] Level 5:colcon.colcon_core.verb:set package 'kachaka_bringup' build argument 'cmake_target_skip_unavailable' from command line to 'False'
[0.589s] Level 5:colcon.colcon_core.verb:set package 'kachaka_bringup' build argument 'cmake_clean_cache' from command line to 'False'
[0.589s] Level 5:colcon.colcon_core.verb:set package 'kachaka_bringup' build argument 'cmake_clean_first' from command line to 'False'
[0.589s] Level 5:colcon.colcon_core.verb:set package 'kachaka_bringup' build argument 'cmake_force_configure' from command line to 'False'
[0.589s] Level 5:colcon.colcon_core.verb:set package 'kachaka_bringup' build argument 'ament_cmake_args' from command line to 'None'
[0.590s] Level 5:colcon.colcon_core.verb:set package 'kachaka_bringup' build argument 'catkin_cmake_args' from command line to 'None'
[0.590s] Level 5:colcon.colcon_core.verb:set package 'kachaka_bringup' build argument 'catkin_skip_building_tests' from command line to 'False'
[0.590s] DEBUG:colcon.colcon_core.verb:Building package 'kachaka_bringup' with the following arguments: {'ament_cmake_args': None, 'build_base': '/home/yuto/kachaka_ws/build/kachaka_bringup', 'catkin_cmake_args': None, 'catkin_skip_building_tests': False, 'cmake_args': None, 'cmake_clean_cache': False, 'cmake_clean_first': False, 'cmake_force_configure': False, 'cmake_target': None, 'cmake_target_skip_unavailable': False, 'install_base': '/home/yuto/kachaka_ws/install/kachaka_bringup', 'merge_install': False, 'path': '/home/yuto/kachaka_ws/src/kachaka_bringup/bringup', 'symlink_install': False, 'test_result_base': None}
[0.596s] Level 5:colcon.colcon_core.verb:set package 'kachaka_description' build argument 'cmake_args' from command line to 'None'
[0.596s] Level 5:colcon.colcon_core.verb:set package 'kachaka_description' build argument 'cmake_target' from command line to 'None'
[0.596s] Level 5:colcon.colcon_core.verb:set package 'kachaka_description' build argument 'cmake_target_skip_unavailable' from command line to 'False'
[0.596s] Level 5:colcon.colcon_core.verb:set package 'kachaka_description' build argument 'cmake_clean_cache' from command line to 'False'
[0.596s] Level 5:colcon.colcon_core.verb:set package 'kachaka_description' build argument 'cmake_clean_first' from command line to 'False'
[0.596s] Level 5:colcon.colcon_core.verb:set package 'kachaka_description' build argument 'cmake_force_configure' from command line to 'False'
[0.596s] Level 5:colcon.colcon_core.verb:set package 'kachaka_description' build argument 'ament_cmake_args' from command line to 'None'
[0.596s] Level 5:colcon.colcon_core.verb:set package 'kachaka_description' build argument 'catkin_cmake_args' from command line to 'None'
[0.596s] Level 5:colcon.colcon_core.verb:set package 'kachaka_description' build argument 'catkin_skip_building_tests' from command line to 'False'
[0.596s] DEBUG:colcon.colcon_core.verb:Building package 'kachaka_description' with the following arguments: {'ament_cmake_args': None, 'build_base': '/home/yuto/kachaka_ws/build/kachaka_description', 'catkin_cmake_args': None, 'catkin_skip_building_tests': False, 'cmake_args': None, 'cmake_clean_cache': False, 'cmake_clean_first': False, 'cmake_force_configure': False, 'cmake_target': None, 'cmake_target_skip_unavailable': False, 'install_base': '/home/yuto/kachaka_ws/install/kachaka_description', 'merge_install': False, 'path': '/home/yuto/kachaka_ws/src/kachaka_description', 'symlink_install': False, 'test_result_base': None}
[0.602s] Level 5:colcon.colcon_core.verb:set package 'kachaka_interfaces' build argument 'cmake_args' from command line to 'None'
[0.602s] Level 5:colcon.colcon_core.verb:set package 'kachaka_interfaces' build argument 'cmake_target' from command line to 'None'
[0.602s] Level 5:colcon.colcon_core.verb:set package 'kachaka_interfaces' build argument 'cmake_target_skip_unavailable' from command line to 'False'
[0.602s] Level 5:colcon.colcon_core.verb:set package 'kachaka_interfaces' build argument 'cmake_clean_cache' from command line to 'False'
[0.602s] Level 5:colcon.colcon_core.verb:set package 'kachaka_interfaces' build argument 'cmake_clean_first' from command line to 'False'
[0.602s] Level 5:colcon.colcon_core.verb:set package 'kachaka_interfaces' build argument 'cmake_force_configure' from command line to 'False'
[0.602s] Level 5:colcon.colcon_core.verb:set package 'kachaka_interfaces' build argument 'ament_cmake_args' from command line to 'None'
[0.602s] Level 5:colcon.colcon_core.verb:set package 'kachaka_interfaces' build argument 'catkin_cmake_args' from command line to 'None'
[0.602s] Level 5:colcon.colcon_core.verb:set package 'kachaka_interfaces' build argument 'catkin_skip_building_tests' from command line to 'False'
[0.602s] DEBUG:colcon.colcon_core.verb:Building package 'kachaka_interfaces' with the following arguments: {'ament_cmake_args': None, 'build_base': '/home/yuto/kachaka_ws/build/kachaka_interfaces', 'catkin_cmake_args': None, 'catkin_skip_building_tests': False, 'cmake_args': None, 'cmake_clean_cache': False, 'cmake_clean_first': False, 'cmake_force_configure': False, 'cmake_target': None, 'cmake_target_skip_unavailable': False, 'install_base': '/home/yuto/kachaka_ws/install/kachaka_interfaces', 'merge_install': False, 'path': '/home/yuto/kachaka_ws/src/kachaka_interfaces', 'symlink_install': False, 'test_result_base': None}
[0.608s] Level 5:colcon.colcon_core.verb:set package 'kachaka_follow' build argument 'cmake_args' from command line to 'None'
[0.608s] Level 5:colcon.colcon_core.verb:set package 'kachaka_follow' build argument 'cmake_target' from command line to 'None'
[0.608s] Level 5:colcon.colcon_core.verb:set package 'kachaka_follow' build argument 'cmake_target_skip_unavailable' from command line to 'False'
[0.608s] Level 5:colcon.colcon_core.verb:set package 'kachaka_follow' build argument 'cmake_clean_cache' from command line to 'False'
[0.608s] Level 5:colcon.colcon_core.verb:set package 'kachaka_follow' build argument 'cmake_clean_first' from command line to 'False'
[0.609s] Level 5:colcon.colcon_core.verb:set package 'kachaka_follow' build argument 'cmake_force_configure' from command line to 'False'
[0.609s] Level 5:colcon.colcon_core.verb:set package 'kachaka_follow' build argument 'ament_cmake_args' from command line to 'None'
[0.609s] Level 5:colcon.colcon_core.verb:set package 'kachaka_follow' build argument 'catkin_cmake_args' from command line to 'None'
[0.609s] Level 5:colcon.colcon_core.verb:set package 'kachaka_follow' build argument 'catkin_skip_building_tests' from command line to 'False'
[0.609s] DEBUG:colcon.colcon_core.verb:Building package 'kachaka_follow' with the following arguments: {'ament_cmake_args': None, 'build_base': '/home/yuto/kachaka_ws/build/kachaka_follow', 'catkin_cmake_args': None, 'catkin_skip_building_tests': False, 'cmake_args': None, 'cmake_clean_cache': False, 'cmake_clean_first': False, 'cmake_force_configure': False, 'cmake_target': None, 'cmake_target_skip_unavailable': False, 'install_base': '/home/yuto/kachaka_ws/install/kachaka_follow', 'merge_install': False, 'path': '/home/yuto/kachaka_ws/src/kachaka_follow', 'symlink_install': False, 'test_result_base': None}
[0.615s] INFO:colcon.colcon_core.executor:Executing jobs using 'parallel' executor
[0.621s] DEBUG:colcon.colcon_parallel_executor.executor.parallel:run_until_complete
[0.622s] INFO:colcon.colcon_ros.task.ament_cmake.build:Building ROS package in '/home/yuto/kachaka_ws/src/kachaka_interfaces' with build type 'ament_cmake'
[0.622s] INFO:colcon.colcon_cmake.task.cmake.build:Building CMake package in '/home/yuto/kachaka_ws/src/kachaka_interfaces'
[0.629s] INFO:colcon.colcon_core.plugin_system:Skipping extension 'colcon_core.shell.bat': Not used on non-Windows systems
[0.629s] INFO:colcon.colcon_core.shell:Skip shell extension 'powershell' for command environment: Not usable outside of PowerShell
[0.629s] DEBUG:colcon.colcon_core.shell:Skip shell extension 'dsv' for command environment
[0.643s] INFO:colcon.colcon_ros.task.ament_cmake.build:Building ROS package in '/home/yuto/kachaka_ws/src/kachaka_bringup/bringup' with build type 'ament_cmake'
[0.643s] INFO:colcon.colcon_cmake.task.cmake.build:Building CMake package in '/home/yuto/kachaka_ws/src/kachaka_bringup/bringup'
[0.650s] INFO:colcon.colcon_core.shell:Skip shell extension 'powershell' for command environment: Not usable outside of PowerShell
[0.650s] DEBUG:colcon.colcon_core.shell:Skip shell extension 'dsv' for command environment
[0.673s] INFO:colcon.colcon_ros.task.ament_cmake.build:Building ROS package in '/home/yuto/kachaka_ws/src/kachaka_description' with build type 'ament_cmake'
[0.673s] INFO:colcon.colcon_cmake.task.cmake.build:Building CMake package in '/home/yuto/kachaka_ws/src/kachaka_description'
[0.679s] INFO:colcon.colcon_core.shell:Skip shell extension 'powershell' for command environment: Not usable outside of PowerShell
[0.679s] DEBUG:colcon.colcon_core.shell:Skip shell extension 'dsv' for command environment
[0.696s] DEBUG:colcon.colcon_core.event_handler.log_command:Invoking command in '/home/yuto/kachaka_ws/build/kachaka_interfaces': CMAKE_PREFIX_PATH=/opt/ros/humble /usr/bin/cmake /home/yuto/kachaka_ws/src/kachaka_interfaces -DCMAKE_INSTALL_PREFIX=/home/yuto/kachaka_ws/install/kachaka_interfaces
[0.698s] DEBUG:colcon.colcon_core.event_handler.log_command:Invoking command in '/home/yuto/kachaka_ws/build/kachaka_bringup': CMAKE_PREFIX_PATH=/opt/ros/humble /usr/bin/cmake --build /home/yuto/kachaka_ws/build/kachaka_bringup -- -j12 -l12
[0.703s] DEBUG:colcon.colcon_core.event_handler.log_command:Invoking command in '/home/yuto/kachaka_ws/build/kachaka_description': CMAKE_PREFIX_PATH=/opt/ros/humble /usr/bin/cmake --build /home/yuto/kachaka_ws/build/kachaka_description -- -j12 -l12
[0.723s] DEBUG:colcon.colcon_core.event_handler.log_command:Invoked command in '/home/yuto/kachaka_ws/build/kachaka_bringup' returned '0': CMAKE_PREFIX_PATH=/opt/ros/humble /usr/bin/cmake --build /home/yuto/kachaka_ws/build/kachaka_bringup -- -j12 -l12
[0.731s] DEBUG:colcon.colcon_core.event_handler.log_command:Invoked command in '/home/yuto/kachaka_ws/build/kachaka_description' returned '0': CMAKE_PREFIX_PATH=/opt/ros/humble /usr/bin/cmake --build /home/yuto/kachaka_ws/build/kachaka_description -- -j12 -l12
[0.742s] DEBUG:colcon.colcon_core.event_handler.log_command:Invoking command in '/home/yuto/kachaka_ws/build/kachaka_bringup': CMAKE_PREFIX_PATH=/opt/ros/humble /usr/bin/cmake --install /home/yuto/kachaka_ws/build/kachaka_bringup
[0.746s] DEBUG:colcon.colcon_core.event_handler.log_command:Invoking command in '/home/yuto/kachaka_ws/build/kachaka_description': CMAKE_PREFIX_PATH=/opt/ros/humble /usr/bin/cmake --install /home/yuto/kachaka_ws/build/kachaka_description
[0.750s] Level 1:colcon.colcon_core.environment:create_environment_scripts_only(kachaka_bringup)
[0.750s] DEBUG:colcon.colcon_core.event_handler.log_command:Invoked command in '/home/yuto/kachaka_ws/build/kachaka_bringup' returned '0': CMAKE_PREFIX_PATH=/opt/ros/humble /usr/bin/cmake --install /home/yuto/kachaka_ws/build/kachaka_bringup
[0.771s] Level 1:colcon.colcon_core.environment:checking '/home/yuto/kachaka_ws/install/kachaka_bringup' for CMake module files
[0.771s] Level 1:colcon.colcon_core.environment:checking '/home/yuto/kachaka_ws/install/kachaka_bringup' for CMake config files
[0.772s] Level 1:colcon.colcon_core.shell:create_environment_hook('kachaka_bringup', 'cmake_prefix_path')
[0.779s] INFO:colcon.colcon_core.shell:Creating environment hook '/home/yuto/kachaka_ws/install/kachaka_bringup/share/kachaka_bringup/hook/cmake_prefix_path.ps1'
[0.780s] INFO:colcon.colcon_core.shell:Creating environment descriptor '/home/yuto/kachaka_ws/install/kachaka_bringup/share/kachaka_bringup/hook/cmake_prefix_path.dsv'
[0.780s] INFO:colcon.colcon_core.shell:Creating environment hook '/home/yuto/kachaka_ws/install/kachaka_bringup/share/kachaka_bringup/hook/cmake_prefix_path.sh'
[0.780s] Level 1:colcon.colcon_core.environment:checking '/home/yuto/kachaka_ws/install/kachaka_bringup/bin'
[0.780s] Level 1:colcon.colcon_core.environment:checking '/home/yuto/kachaka_ws/install/kachaka_bringup/lib/pkgconfig/kachaka_bringup.pc'
[0.781s] Level 1:colcon.colcon_core.environment:checking '/home/yuto/kachaka_ws/install/kachaka_bringup/lib/python3.10/site-packages'
[0.781s] Level 1:colcon.colcon_core.environment:checking '/home/yuto/kachaka_ws/install/kachaka_bringup/bin'
[0.788s] INFO:colcon.colcon_core.shell:Creating package script '/home/yuto/kachaka_ws/install/kachaka_bringup/share/kachaka_bringup/package.ps1'
[0.788s] INFO:colcon.colcon_core.shell:Creating package descriptor '/home/yuto/kachaka_ws/install/kachaka_bringup/share/kachaka_bringup/package.dsv'
[0.788s] INFO:colcon.colcon_core.shell:Creating package script '/home/yuto/kachaka_ws/install/kachaka_bringup/share/kachaka_bringup/package.sh'
[0.789s] INFO:colcon.colcon_core.shell:Creating package script '/home/yuto/kachaka_ws/install/kachaka_bringup/share/kachaka_bringup/package.bash'
[0.789s] INFO:colcon.colcon_core.shell:Creating package script '/home/yuto/kachaka_ws/install/kachaka_bringup/share/kachaka_bringup/package.zsh'
[0.789s] Level 1:colcon.colcon_core.environment:create_file_with_runtime_dependencies(/home/yuto/kachaka_ws/install/kachaka_bringup/share/colcon-core/packages/kachaka_bringup)
[0.791s] Level 1:colcon.colcon_core.environment:create_environment_scripts_only(kachaka_description)
[0.792s] DEBUG:colcon.colcon_core.event_handler.log_command:Invoked command in '/home/yuto/kachaka_ws/build/kachaka_description' returned '0': CMAKE_PREFIX_PATH=/opt/ros/humble /usr/bin/cmake --install /home/yuto/kachaka_ws/build/kachaka_description
[0.807s] Level 1:colcon.colcon_core.environment:checking '/home/yuto/kachaka_ws/install/kachaka_description' for CMake module files
[0.808s] Level 1:colcon.colcon_core.environment:checking '/home/yuto/kachaka_ws/install/kachaka_description' for CMake config files
[0.808s] Level 1:colcon.colcon_core.shell:create_environment_hook('kachaka_description', 'cmake_prefix_path')
[0.815s] INFO:colcon.colcon_core.shell:Creating environment hook '/home/yuto/kachaka_ws/install/kachaka_description/share/kachaka_description/hook/cmake_prefix_path.ps1'
[0.815s] INFO:colcon.colcon_core.shell:Creating environment descriptor '/home/yuto/kachaka_ws/install/kachaka_description/share/kachaka_description/hook/cmake_prefix_path.dsv'
[0.815s] INFO:colcon.colcon_core.shell:Creating environment hook '/home/yuto/kachaka_ws/install/kachaka_description/share/kachaka_description/hook/cmake_prefix_path.sh'
[0.816s] Level 1:colcon.colcon_core.environment:checking '/home/yuto/kachaka_ws/install/kachaka_description/bin'
[0.816s] Level 1:colcon.colcon_core.environment:checking '/home/yuto/kachaka_ws/install/kachaka_description/lib/pkgconfig/kachaka_description.pc'
[0.816s] Level 1:colcon.colcon_core.environment:checking '/home/yuto/kachaka_ws/install/kachaka_description/lib/python3.10/site-packages'
[0.816s] Level 1:colcon.colcon_core.environment:checking '/home/yuto/kachaka_ws/install/kachaka_description/bin'
[0.825s] INFO:colcon.colcon_core.shell:Creating package script '/home/yuto/kachaka_ws/install/kachaka_description/share/kachaka_description/package.ps1'
[0.826s] INFO:colcon.colcon_core.shell:Creating package descriptor '/home/yuto/kachaka_ws/install/kachaka_description/share/kachaka_description/package.dsv'
[0.826s] INFO:colcon.colcon_core.shell:Creating package script '/home/yuto/kachaka_ws/install/kachaka_description/share/kachaka_description/package.sh'
[0.827s] INFO:colcon.colcon_core.shell:Creating package script '/home/yuto/kachaka_ws/install/kachaka_description/share/kachaka_description/package.bash'
[0.827s] INFO:colcon.colcon_core.shell:Creating package script '/home/yuto/kachaka_ws/install/kachaka_description/share/kachaka_description/package.zsh'
[0.827s] Level 1:colcon.colcon_core.environment:create_file_with_runtime_dependencies(/home/yuto/kachaka_ws/install/kachaka_description/share/colcon-core/packages/kachaka_description)
[0.837s] Level 1:colcon.colcon_core.environment:create_environment_scripts_only(kachaka_bringup)
[0.844s] Level 1:colcon.colcon_core.environment:checking '/home/yuto/kachaka_ws/install/kachaka_bringup' for CMake module files
[0.844s] Level 1:colcon.colcon_core.environment:checking '/home/yuto/kachaka_ws/install/kachaka_bringup' for CMake config files
[0.845s] Level 1:colcon.colcon_core.shell:create_environment_hook('kachaka_bringup', 'cmake_prefix_path')
[0.852s] INFO:colcon.colcon_core.shell:Creating environment hook '/home/yuto/kachaka_ws/install/kachaka_bringup/share/kachaka_bringup/hook/cmake_prefix_path.ps1'
[0.852s] INFO:colcon.colcon_core.shell:Creating environment descriptor '/home/yuto/kachaka_ws/install/kachaka_bringup/share/kachaka_bringup/hook/cmake_prefix_path.dsv'
[0.853s] INFO:colcon.colcon_core.shell:Creating environment hook '/home/yuto/kachaka_ws/install/kachaka_bringup/share/kachaka_bringup/hook/cmake_prefix_path.sh'
[0.853s] Level 1:colcon.colcon_core.environment:checking '/home/yuto/kachaka_ws/install/kachaka_bringup/bin'
[0.853s] Level 1:colcon.colcon_core.environment:checking '/home/yuto/kachaka_ws/install/kachaka_bringup/lib/pkgconfig/kachaka_bringup.pc'
[0.853s] Level 1:colcon.colcon_core.environment:checking '/home/yuto/kachaka_ws/install/kachaka_bringup/lib/python3.10/site-packages'
[0.853s] Level 1:colcon.colcon_core.environment:checking '/home/yuto/kachaka_ws/install/kachaka_bringup/bin'
[0.860s] INFO:colcon.colcon_core.shell:Creating package script '/home/yuto/kachaka_ws/install/kachaka_bringup/share/kachaka_bringup/package.ps1'
[0.861s] INFO:colcon.colcon_core.shell:Creating package descriptor '/home/yuto/kachaka_ws/install/kachaka_bringup/share/kachaka_bringup/package.dsv'
[0.861s] INFO:colcon.colcon_core.shell:Creating package script '/home/yuto/kachaka_ws/install/kachaka_bringup/share/kachaka_bringup/package.sh'
[0.861s] INFO:colcon.colcon_core.shell:Creating package script '/home/yuto/kachaka_ws/install/kachaka_bringup/share/kachaka_bringup/package.bash'
[0.861s] INFO:colcon.colcon_core.shell:Creating package script '/home/yuto/kachaka_ws/install/kachaka_bringup/share/kachaka_bringup/package.zsh'
[0.862s] Level 1:colcon.colcon_core.environment:create_file_with_runtime_dependencies(/home/yuto/kachaka_ws/install/kachaka_bringup/share/colcon-core/packages/kachaka_bringup)
[0.870s] Level 1:colcon.colcon_core.environment:create_environment_scripts_only(kachaka_description)
[0.877s] Level 1:colcon.colcon_core.environment:checking '/home/yuto/kachaka_ws/install/kachaka_description' for CMake module files
[0.877s] Level 1:colcon.colcon_core.environment:checking '/home/yuto/kachaka_ws/install/kachaka_description' for CMake config files
[0.877s] Level 1:colcon.colcon_core.shell:create_environment_hook('kachaka_description', 'cmake_prefix_path')
[0.886s] INFO:colcon.colcon_core.shell:Creating environment hook '/home/yuto/kachaka_ws/install/kachaka_description/share/kachaka_description/hook/cmake_prefix_path.ps1'
[0.886s] INFO:colcon.colcon_core.shell:Creating environment descriptor '/home/yuto/kachaka_ws/install/kachaka_description/share/kachaka_description/hook/cmake_prefix_path.dsv'
[0.886s] INFO:colcon.colcon_core.shell:Creating environment hook '/home/yuto/kachaka_ws/install/kachaka_description/share/kachaka_description/hook/cmake_prefix_path.sh'
[0.887s] Level 1:colcon.colcon_core.environment:checking '/home/yuto/kachaka_ws/install/kachaka_description/bin'
[0.887s] Level 1:colcon.colcon_core.environment:checking '/home/yuto/kachaka_ws/install/kachaka_description/lib/pkgconfig/kachaka_description.pc'
[0.887s] Level 1:colcon.colcon_core.environment:checking '/home/yuto/kachaka_ws/install/kachaka_description/lib/python3.10/site-packages'
[0.887s] Level 1:colcon.colcon_core.environment:checking '/home/yuto/kachaka_ws/install/kachaka_description/bin'
[0.894s] INFO:colcon.colcon_core.shell:Creating package script '/home/yuto/kachaka_ws/install/kachaka_description/share/kachaka_description/package.ps1'
[0.895s] INFO:colcon.colcon_core.shell:Creating package descriptor '/home/yuto/kachaka_ws/install/kachaka_description/share/kachaka_description/package.dsv'
[0.895s] INFO:colcon.colcon_core.shell:Creating package script '/home/yuto/kachaka_ws/install/kachaka_description/share/kachaka_description/package.sh'
[0.895s] INFO:colcon.colcon_core.shell:Creating package script '/home/yuto/kachaka_ws/install/kachaka_description/share/kachaka_description/package.bash'
[0.896s] INFO:colcon.colcon_core.shell:Creating package script '/home/yuto/kachaka_ws/install/kachaka_description/share/kachaka_description/package.zsh'
[0.896s] Level 1:colcon.colcon_core.environment:create_file_with_runtime_dependencies(/home/yuto/kachaka_ws/install/kachaka_description/share/colcon-core/packages/kachaka_description)
[1.969s] DEBUG:colcon.colcon_core.event_handler.log_command:Invoked command in '/home/yuto/kachaka_ws/build/kachaka_interfaces' returned '0': CMAKE_PREFIX_PATH=/opt/ros/humble /usr/bin/cmake /home/yuto/kachaka_ws/src/kachaka_interfaces -DCMAKE_INSTALL_PREFIX=/home/yuto/kachaka_ws/install/kachaka_interfaces
[1.970s] DEBUG:colcon.colcon_core.event_handler.log_command:Invoking command in '/home/yuto/kachaka_ws/build/kachaka_interfaces': CMAKE_PREFIX_PATH=/opt/ros/humble /usr/bin/cmake --build /home/yuto/kachaka_ws/build/kachaka_interfaces -- -j12 -l12
[7.030s] DEBUG:colcon.colcon_core.event_handler.log_command:Invoked command in '/home/yuto/kachaka_ws/build/kachaka_interfaces' returned '0': CMAKE_PREFIX_PATH=/opt/ros/humble /usr/bin/cmake --build /home/yuto/kachaka_ws/build/kachaka_interfaces -- -j12 -l12
[7.118s] DEBUG:colcon.colcon_core.event_handler.log_command:Invoking command in '/home/yuto/kachaka_ws/build/kachaka_interfaces': CMAKE_PREFIX_PATH=/opt/ros/humble /usr/bin/cmake --install /home/yuto/kachaka_ws/build/kachaka_interfaces
[7.166s] Level 1:colcon.colcon_core.environment:create_environment_scripts_only(kachaka_interfaces)
[7.167s] DEBUG:colcon.colcon_core.event_handler.log_command:Invoked command in '/home/yuto/kachaka_ws/build/kachaka_interfaces' returned '0': CMAKE_PREFIX_PATH=/opt/ros/humble /usr/bin/cmake --install /home/yuto/kachaka_ws/build/kachaka_interfaces
[7.174s] Level 1:colcon.colcon_core.environment:checking '/home/yuto/kachaka_ws/install/kachaka_interfaces' for CMake module files
[7.174s] Level 1:colcon.colcon_core.environment:checking '/home/yuto/kachaka_ws/install/kachaka_interfaces' for CMake config files
[7.174s] Level 1:colcon.colcon_core.shell:create_environment_hook('kachaka_interfaces', 'cmake_prefix_path')
[7.180s] INFO:colcon.colcon_core.shell:Creating environment hook '/home/yuto/kachaka_ws/install/kachaka_interfaces/share/kachaka_interfaces/hook/cmake_prefix_path.ps1'
[7.181s] INFO:colcon.colcon_core.shell:Creating environment descriptor '/home/yuto/kachaka_ws/install/kachaka_interfaces/share/kachaka_interfaces/hook/cmake_prefix_path.dsv'
[7.181s] INFO:colcon.colcon_core.shell:Creating environment hook '/home/yuto/kachaka_ws/install/kachaka_interfaces/share/kachaka_interfaces/hook/cmake_prefix_path.sh'
[7.181s] Level 1:colcon.colcon_core.environment:checking '/home/yuto/kachaka_ws/install/kachaka_interfaces/lib'
[7.181s] Level 1:colcon.colcon_core.shell:create_environment_hook('kachaka_interfaces', 'ld_library_path_lib')
[7.187s] INFO:colcon.colcon_core.shell:Creating environment hook '/home/yuto/kachaka_ws/install/kachaka_interfaces/share/kachaka_interfaces/hook/ld_library_path_lib.ps1'
[7.187s] INFO:colcon.colcon_core.shell:Creating environment descriptor '/home/yuto/kachaka_ws/install/kachaka_interfaces/share/kachaka_interfaces/hook/ld_library_path_lib.dsv'
[7.187s] INFO:colcon.colcon_core.shell:Creating environment hook '/home/yuto/kachaka_ws/install/kachaka_interfaces/share/kachaka_interfaces/hook/ld_library_path_lib.sh'
[7.187s] Level 1:colcon.colcon_core.environment:checking '/home/yuto/kachaka_ws/install/kachaka_interfaces/bin'
[7.187s] Level 1:colcon.colcon_core.environment:checking '/home/yuto/kachaka_ws/install/kachaka_interfaces/lib/pkgconfig/kachaka_interfaces.pc'
[7.188s] Level 1:colcon.colcon_core.environment:checking '/home/yuto/kachaka_ws/install/kachaka_interfaces/lib/python3.10/site-packages'
[7.188s] Level 1:colcon.colcon_core.environment:checking '/home/yuto/kachaka_ws/install/kachaka_interfaces/bin'
[7.194s] INFO:colcon.colcon_core.shell:Creating package script '/home/yuto/kachaka_ws/install/kachaka_interfaces/share/kachaka_interfaces/package.ps1'
[7.194s] INFO:colcon.colcon_core.shell:Creating package descriptor '/home/yuto/kachaka_ws/install/kachaka_interfaces/share/kachaka_interfaces/package.dsv'
[7.194s] INFO:colcon.colcon_core.shell:Creating package script '/home/yuto/kachaka_ws/install/kachaka_interfaces/share/kachaka_interfaces/package.sh'
[7.194s] INFO:colcon.colcon_core.shell:Creating package script '/home/yuto/kachaka_ws/install/kachaka_interfaces/share/kachaka_interfaces/package.bash'
[7.195s] INFO:colcon.colcon_core.shell:Creating package script '/home/yuto/kachaka_ws/install/kachaka_interfaces/share/kachaka_interfaces/package.zsh'
[7.195s] Level 1:colcon.colcon_core.environment:create_file_with_runtime_dependencies(/home/yuto/kachaka_ws/install/kachaka_interfaces/share/colcon-core/packages/kachaka_interfaces)
[7.289s] Level 1:colcon.colcon_core.environment:create_environment_scripts_only(kachaka_interfaces)
[7.295s] Level 1:colcon.colcon_core.environment:checking '/home/yuto/kachaka_ws/install/kachaka_interfaces' for CMake module files
[7.296s] Level 1:colcon.colcon_core.environment:checking '/home/yuto/kachaka_ws/install/kachaka_interfaces' for CMake config files
[7.296s] Level 1:colcon.colcon_core.shell:create_environment_hook('kachaka_interfaces', 'cmake_prefix_path')
[7.302s] INFO:colcon.colcon_core.shell:Creating environment hook '/home/yuto/kachaka_ws/install/kachaka_interfaces/share/kachaka_interfaces/hook/cmake_prefix_path.ps1'
[7.302s] INFO:colcon.colcon_core.shell:Creating environment descriptor '/home/yuto/kachaka_ws/install/kachaka_interfaces/share/kachaka_interfaces/hook/cmake_prefix_path.dsv'
[7.302s] INFO:colcon.colcon_core.shell:Creating environment hook '/home/yuto/kachaka_ws/install/kachaka_interfaces/share/kachaka_interfaces/hook/cmake_prefix_path.sh'
[7.303s] Level 1:colcon.colcon_core.environment:checking '/home/yuto/kachaka_ws/install/kachaka_interfaces/lib'
[7.303s] Level 1:colcon.colcon_core.shell:create_environment_hook('kachaka_interfaces', 'ld_library_path_lib')
[7.308s] INFO:colcon.colcon_core.shell:Creating environment hook '/home/yuto/kachaka_ws/install/kachaka_interfaces/share/kachaka_interfaces/hook/ld_library_path_lib.ps1'
[7.309s] INFO:colcon.colcon_core.shell:Creating environment descriptor '/home/yuto/kachaka_ws/install/kachaka_interfaces/share/kachaka_interfaces/hook/ld_library_path_lib.dsv'
[7.309s] INFO:colcon.colcon_core.shell:Creating environment hook '/home/yuto/kachaka_ws/install/kachaka_interfaces/share/kachaka_interfaces/hook/ld_library_path_lib.sh'
[7.309s] Level 1:colcon.colcon_core.environment:checking '/home/yuto/kachaka_ws/install/kachaka_interfaces/bin'
[7.309s] Level 1:colcon.colcon_core.environment:checking '/home/yuto/kachaka_ws/install/kachaka_interfaces/lib/pkgconfig/kachaka_interfaces.pc'
[7.309s] Level 1:colcon.colcon_core.environment:checking '/home/yuto/kachaka_ws/install/kachaka_interfaces/lib/python3.10/site-packages'
[7.309s] Level 1:colcon.colcon_core.environment:checking '/home/yuto/kachaka_ws/install/kachaka_interfaces/bin'
[7.315s] INFO:colcon.colcon_core.shell:Creating package script '/home/yuto/kachaka_ws/install/kachaka_interfaces/share/kachaka_interfaces/package.ps1'
[7.315s] INFO:colcon.colcon_core.shell:Creating package descriptor '/home/yuto/kachaka_ws/install/kachaka_interfaces/share/kachaka_interfaces/package.dsv'
[7.316s] INFO:colcon.colcon_core.shell:Creating package script '/home/yuto/kachaka_ws/install/kachaka_interfaces/share/kachaka_interfaces/package.sh'
[7.316s] INFO:colcon.colcon_core.shell:Creating package script '/home/yuto/kachaka_ws/install/kachaka_interfaces/share/kachaka_interfaces/package.bash'
[7.316s] INFO:colcon.colcon_core.shell:Creating package script '/home/yuto/kachaka_ws/install/kachaka_interfaces/share/kachaka_interfaces/package.zsh'
[7.316s] Level 1:colcon.colcon_core.environment:create_file_with_runtime_dependencies(/home/yuto/kachaka_ws/install/kachaka_interfaces/share/colcon-core/packages/kachaka_interfaces)
[7.316s] INFO:colcon.colcon_ros.task.ament_python.build:Building ROS package in '/home/yuto/kachaka_ws/src/kachaka_follow' with build type 'ament_python'
[7.316s] Level 1:colcon.colcon_core.shell:create_environment_hook('kachaka_follow', 'ament_prefix_path')
[7.323s] INFO:colcon.colcon_core.shell:Creating environment hook '/home/yuto/kachaka_ws/install/kachaka_follow/share/kachaka_follow/hook/ament_prefix_path.ps1'
[7.323s] INFO:colcon.colcon_core.shell:Creating environment descriptor '/home/yuto/kachaka_ws/install/kachaka_follow/share/kachaka_follow/hook/ament_prefix_path.dsv'
[7.323s] INFO:colcon.colcon_core.shell:Creating environment hook '/home/yuto/kachaka_ws/install/kachaka_follow/share/kachaka_follow/hook/ament_prefix_path.sh'
[7.330s] INFO:colcon.colcon_core.shell:Skip shell extension 'powershell' for command environment: Not usable outside of PowerShell
[7.330s] DEBUG:colcon.colcon_core.shell:Skip shell extension 'dsv' for command environment
[7.487s] INFO:colcon.colcon_core.task.python.build:Building Python package in '/home/yuto/kachaka_ws/src/kachaka_follow'
[7.494s] INFO:colcon.colcon_core.shell:Skip shell extension 'powershell' for command environment: Not usable outside of PowerShell
[7.494s] DEBUG:colcon.colcon_core.shell:Skip shell extension 'dsv' for command environment
[7.691s] DEBUG:colcon.colcon_core.event_handler.log_command:Invoking command in '/home/yuto/kachaka_ws/src/kachaka_follow': AMENT_PREFIX_PATH=/home/yuto/kachaka_ws/install/kachaka_interfaces:${AMENT_PREFIX_PATH} CMAKE_PREFIX_PATH=/home/yuto/kachaka_ws/install/kachaka_interfaces LD_LIBRARY_PATH=/home/yuto/kachaka_ws/install/kachaka_interfaces/lib:${LD_LIBRARY_PATH} PYTHONPATH=/home/yuto/kachaka_ws/build/kachaka_follow/prefix_override:/home/yuto/kachaka_ws/install/kachaka_follow/lib/python3.10/site-packages:/home/yuto/kachaka_ws/install/kachaka_interfaces/local/lib/python3.10/dist-packages:${PYTHONPATH} /usr/bin/python3 setup.py egg_info --egg-base ../../build/kachaka_follow build --build-base /home/yuto/kachaka_ws/build/kachaka_follow/build install --record /home/yuto/kachaka_ws/build/kachaka_follow/install.log --single-version-externally-managed
[7.856s] DEBUG:colcon.colcon_core.event_handler.log_command:Invoked command in '/home/yuto/kachaka_ws/src/kachaka_follow' returned '0': AMENT_PREFIX_PATH=/home/yuto/kachaka_ws/install/kachaka_interfaces:${AMENT_PREFIX_PATH} CMAKE_PREFIX_PATH=/home/yuto/kachaka_ws/install/kachaka_interfaces LD_LIBRARY_PATH=/home/yuto/kachaka_ws/install/kachaka_interfaces/lib:${LD_LIBRARY_PATH} PYTHONPATH=/home/yuto/kachaka_ws/build/kachaka_follow/prefix_override:/home/yuto/kachaka_ws/install/kachaka_follow/lib/python3.10/site-packages:/home/yuto/kachaka_ws/install/kachaka_interfaces/local/lib/python3.10/dist-packages:${PYTHONPATH} /usr/bin/python3 setup.py egg_info --egg-base ../../build/kachaka_follow build --build-base /home/yuto/kachaka_ws/build/kachaka_follow/build install --record /home/yuto/kachaka_ws/build/kachaka_follow/install.log --single-version-externally-managed
[7.863s] Level 1:colcon.colcon_core.environment:checking '/home/yuto/kachaka_ws/install/kachaka_follow' for CMake module files
[7.864s] Level 1:colcon.colcon_core.environment:checking '/home/yuto/kachaka_ws/install/kachaka_follow' for CMake config files
[7.864s] Level 1:colcon.colcon_core.environment:checking '/home/yuto/kachaka_ws/install/kachaka_follow/lib'
[7.864s] Level 1:colcon.colcon_core.environment:checking '/home/yuto/kachaka_ws/install/kachaka_follow/bin'
[7.864s] Level 1:colcon.colcon_core.environment:checking '/home/yuto/kachaka_ws/install/kachaka_follow/lib/pkgconfig/kachaka_follow.pc'
[7.864s] Level 1:colcon.colcon_core.environment:checking '/home/yuto/kachaka_ws/install/kachaka_follow/lib/python3.10/site-packages'
[7.864s] Level 1:colcon.colcon_core.shell:create_environment_hook('kachaka_follow', 'pythonpath')
[7.870s] INFO:colcon.colcon_core.shell:Creating environment hook '/home/yuto/kachaka_ws/install/kachaka_follow/share/kachaka_follow/hook/pythonpath.ps1'
[7.871s] INFO:colcon.colcon_core.shell:Creating environment descriptor '/home/yuto/kachaka_ws/install/kachaka_follow/share/kachaka_follow/hook/pythonpath.dsv'
[7.871s] INFO:colcon.colcon_core.shell:Creating environment hook '/home/yuto/kachaka_ws/install/kachaka_follow/share/kachaka_follow/hook/pythonpath.sh'
[7.871s] Level 1:colcon.colcon_core.environment:checking '/home/yuto/kachaka_ws/install/kachaka_follow/bin'
[7.871s] Level 1:colcon.colcon_core.environment:create_environment_scripts_only(kachaka_follow)
[7.877s] INFO:colcon.colcon_core.shell:Creating package script '/home/yuto/kachaka_ws/install/kachaka_follow/share/kachaka_follow/package.ps1'
[7.877s] INFO:colcon.colcon_core.shell:Creating package descriptor '/home/yuto/kachaka_ws/install/kachaka_follow/share/kachaka_follow/package.dsv'
[7.878s] INFO:colcon.colcon_core.shell:Creating package script '/home/yuto/kachaka_ws/install/kachaka_follow/share/kachaka_follow/package.sh'
[7.878s] INFO:colcon.colcon_core.shell:Creating package script '/home/yuto/kachaka_ws/install/kachaka_follow/share/kachaka_follow/package.bash'
[7.878s] INFO:colcon.colcon_core.shell:Creating package script '/home/yuto/kachaka_ws/install/kachaka_follow/share/kachaka_follow/package.zsh'
[7.878s] Level 1:colcon.colcon_core.environment:create_file_with_runtime_dependencies(/home/yuto/kachaka_ws/install/kachaka_follow/share/colcon-core/packages/kachaka_follow)
[7.878s] DEBUG:colcon.colcon_parallel_executor.executor.parallel:closing loop
[7.878s] DEBUG:colcon.colcon_parallel_executor.executor.parallel:loop closed
[7.878s] DEBUG:colcon.colcon_parallel_executor.executor.parallel:run_until_complete finished with '0'
[7.878s] DEBUG:colcon.colcon_core.event_reactor:joining thread
[7.887s] INFO:colcon.colcon_core.plugin_system:Skipping extension 'colcon_notification.desktop_notification.terminal_notifier': Not used on non-Darwin systems
[7.887s] INFO:colcon.colcon_core.plugin_system:Skipping extension 'colcon_notification.desktop_notification.win32': Not used on non-Windows systems
[7.887s] INFO:colcon.colcon_notification.desktop_notification:Sending desktop notification using 'notify2'
[7.900s] DEBUG:colcon.colcon_core.event_reactor:joined thread
[7.907s] INFO:colcon.colcon_core.shell:Creating prefix script '/home/yuto/kachaka_ws/install/local_setup.ps1'
[7.907s] INFO:colcon.colcon_core.shell:Creating prefix util module '/home/yuto/kachaka_ws/install/_local_setup_util_ps1.py'
[7.908s] INFO:colcon.colcon_core.shell:Creating prefix chain script '/home/yuto/kachaka_ws/install/setup.ps1'
[7.915s] INFO:colcon.colcon_core.shell:Creating prefix script '/home/yuto/kachaka_ws/install/local_setup.sh'
[7.915s] INFO:colcon.colcon_core.shell:Creating prefix util module '/home/yuto/kachaka_ws/install/_local_setup_util_sh.py'
[7.916s] INFO:colcon.colcon_core.shell:Creating prefix chain script '/home/yuto/kachaka_ws/install/setup.sh'
[7.922s] INFO:colcon.colcon_core.shell:Creating prefix script '/home/yuto/kachaka_ws/install/local_setup.bash'
[7.922s] INFO:colcon.colcon_core.shell:Creating prefix chain script '/home/yuto/kachaka_ws/install/setup.bash'
[7.929s] INFO:colcon.colcon_core.shell:Creating prefix script '/home/yuto/kachaka_ws/install/local_setup.zsh'
[7.929s] INFO:colcon.colcon_core.shell:Creating prefix chain script '/home/yuto/kachaka_ws/install/setup.zsh'
