[0.515s] Invoking command in '/home/yuto/kachaka_ws/src/kachaka_speak': PYTHONPATH=/home/yuto/kachaka_ws/build/kachaka_speak/prefix_override:/home/yuto/kachaka_ws/install/kachaka_speak/lib/python3.10/site-packages:${PYTHONPATH} /usr/bin/python3 setup.py egg_info --egg-base ../../build/kachaka_speak build --build-base /home/yuto/kachaka_ws/build/kachaka_speak/build install --record /home/yuto/kachaka_ws/build/kachaka_speak/install.log --single-version-externally-managed
[0.682s] running egg_info
[0.683s] creating ../../build/kachaka_speak/kachaka_speak.egg-info
[0.683s] writing ../../build/kachaka_speak/kachaka_speak.egg-info/PKG-INFO
[0.683s] writing dependency_links to ../../build/kachaka_speak/kachaka_speak.egg-info/dependency_links.txt
[0.683s] writing entry points to ../../build/kachaka_speak/kachaka_speak.egg-info/entry_points.txt
[0.683s] writing requirements to ../../build/kachaka_speak/kachaka_speak.egg-info/requires.txt
[0.684s] writing top-level names to ../../build/kachaka_speak/kachaka_speak.egg-info/top_level.txt
[0.684s] writing manifest file '../../build/kachaka_speak/kachaka_speak.egg-info/SOURCES.txt'
[0.685s] reading manifest file '../../build/kachaka_speak/kachaka_speak.egg-info/SOURCES.txt'
[0.686s] writing manifest file '../../build/kachaka_speak/kachaka_speak.egg-info/SOURCES.txt'
[0.686s] running build
[0.686s] running build_py
[0.686s] creating /home/yuto/kachaka_ws/build/kachaka_speak/build
[0.686s] creating /home/yuto/kachaka_ws/build/kachaka_speak/build/lib
[0.687s] creating /home/yuto/kachaka_ws/build/kachaka_speak/build/lib/kachaka_speak
[0.687s] copying kachaka_speak/speak.py -> /home/yuto/kachaka_ws/build/kachaka_speak/build/lib/kachaka_speak
[0.687s] copying kachaka_speak/__init__.py -> /home/yuto/kachaka_ws/build/kachaka_speak/build/lib/kachaka_speak
[0.687s] running install
[0.687s] running install_lib
[0.688s] creating /home/yuto/kachaka_ws/install/kachaka_speak/lib/python3.10/site-packages/kachaka_speak
[0.688s] copying /home/yuto/kachaka_ws/build/kachaka_speak/build/lib/kachaka_speak/speak.py -> /home/yuto/kachaka_ws/install/kachaka_speak/lib/python3.10/site-packages/kachaka_speak
[0.688s] copying /home/yuto/kachaka_ws/build/kachaka_speak/build/lib/kachaka_speak/__init__.py -> /home/yuto/kachaka_ws/install/kachaka_speak/lib/python3.10/site-packages/kachaka_speak
[0.688s] byte-compiling /home/yuto/kachaka_ws/install/kachaka_speak/lib/python3.10/site-packages/kachaka_speak/speak.py to speak.cpython-310.pyc
[0.689s] byte-compiling /home/yuto/kachaka_ws/install/kachaka_speak/lib/python3.10/site-packages/kachaka_speak/__init__.py to __init__.cpython-310.pyc
[0.689s] running install_data
[0.690s] creating /home/yuto/kachaka_ws/install/kachaka_speak/share/ament_index
[0.690s] creating /home/yuto/kachaka_ws/install/kachaka_speak/share/ament_index/resource_index
[0.690s] creating /home/yuto/kachaka_ws/install/kachaka_speak/share/ament_index/resource_index/packages
[0.690s] copying resource/kachaka_speak -> /home/yuto/kachaka_ws/install/kachaka_speak/share/ament_index/resource_index/packages
[0.690s] copying package.xml -> /home/yuto/kachaka_ws/install/kachaka_speak/share/kachaka_speak
[0.690s] running install_egg_info
[0.691s] Copying ../../build/kachaka_speak/kachaka_speak.egg-info to /home/yuto/kachaka_ws/install/kachaka_speak/lib/python3.10/site-packages/kachaka_speak-0.0.0-py3.10.egg-info
[0.692s] running install_scripts
[0.706s] Installing speak script to /home/yuto/kachaka_ws/install/kachaka_speak/lib/kachaka_speak
[0.706s] writing list of installed files to '/home/yuto/kachaka_ws/build/kachaka_speak/install.log'
[0.726s] Invoked command in '/home/yuto/kachaka_ws/src/kachaka_speak' returned '0': PYTHONPATH=/home/yuto/kachaka_ws/build/kachaka_speak/prefix_override:/home/yuto/kachaka_ws/install/kachaka_speak/lib/python3.10/site-packages:${PYTHONPATH} /usr/bin/python3 setup.py egg_info --egg-base ../../build/kachaka_speak build --build-base /home/yuto/kachaka_ws/build/kachaka_speak/build install --record /home/yuto/kachaka_ws/build/kachaka_speak/install.log --single-version-externally-managed
