-- Install configuration: ""
-- Up-to-date: /home/yuto/kachaka_ws/install/kachaka_description/share/kachaka_description/config
-- Up-to-date: /home/yuto/kachaka_ws/install/kachaka_description/share/kachaka_description/config/kachaka.rviz
-- Up-to-date: /home/yuto/kachaka_ws/install/kachaka_description/share/kachaka_description/launch
-- Up-to-date: /home/yuto/kachaka_ws/install/kachaka_description/share/kachaka_description/launch/robot_description.launch.xml
-- Up-to-date: /home/yuto/kachaka_ws/install/kachaka_description/share/kachaka_description/robot
-- Up-to-date: /home/yuto/kachaka_ws/install/kachaka_description/share/kachaka_description/robot/kachaka.urdf.xacro
-- Up-to-date: /home/yuto/kachaka_ws/install/kachaka_description/share/kachaka_description/robot/kachaka.urdf
-- Up-to-date: /home/yuto/kachaka_ws/install/kachaka_description/share/ament_index/resource_index/package_run_dependencies/kachaka_description
-- Up-to-date: /home/yuto/kachaka_ws/install/kachaka_description/share/ament_index/resource_index/parent_prefix_path/kachaka_description
-- Up-to-date: /home/yuto/kachaka_ws/install/kachaka_description/share/kachaka_description/environment/ament_prefix_path.sh
-- Up-to-date: /home/yuto/kachaka_ws/install/kachaka_description/share/kachaka_description/environment/ament_prefix_path.dsv
-- Up-to-date: /home/yuto/kachaka_ws/install/kachaka_description/share/kachaka_description/environment/path.sh
-- Up-to-date: /home/yuto/kachaka_ws/install/kachaka_description/share/kachaka_description/environment/path.dsv
-- Up-to-date: /home/yuto/kachaka_ws/install/kachaka_description/share/kachaka_description/local_setup.bash
-- Up-to-date: /home/yuto/kachaka_ws/install/kachaka_description/share/kachaka_description/local_setup.sh
-- Up-to-date: /home/yuto/kachaka_ws/install/kachaka_description/share/kachaka_description/local_setup.zsh
-- Up-to-date: /home/yuto/kachaka_ws/install/kachaka_description/share/kachaka_description/local_setup.dsv
-- Installing: /home/yuto/kachaka_ws/install/kachaka_description/share/kachaka_description/package.dsv
-- Up-to-date: /home/yuto/kachaka_ws/install/kachaka_description/share/ament_index/resource_index/packages/kachaka_description
-- Up-to-date: /home/yuto/kachaka_ws/install/kachaka_description/share/kachaka_description/cmake/ament_cmake_export_dependencies-extras.cmake
-- Up-to-date: /home/yuto/kachaka_ws/install/kachaka_description/share/kachaka_description/cmake/kachaka_descriptionConfig.cmake
-- Up-to-date: /home/yuto/kachaka_ws/install/kachaka_description/share/kachaka_description/cmake/kachaka_descriptionConfig-version.cmake
-- Up-to-date: /home/yuto/kachaka_ws/install/kachaka_description/share/kachaka_description/package.xml
