[0.074s] Invoking command in '/home/yuto/kachaka_ws/build/kachaka_interfaces': CMAKE_PREFIX_PATH=/opt/ros/humble /usr/bin/cmake /home/yuto/kachaka_ws/src/kachaka_interfaces -DCMAKE_INSTALL_PREFIX=/home/yuto/kachaka_ws/install/kachaka_interfaces
[0.146s] -- The C compiler identification is GNU 11.4.0
[0.203s] -- The CXX compiler identification is GNU 11.4.0
[0.209s] -- Detecting C compiler ABI info
[0.256s] -- Detecting C compiler ABI info - done
[0.262s] -- Check for working C compiler: /usr/bin/cc - skipped
[0.262s] -- Detecting C compile features
[0.263s] -- Detecting C compile features - done
[0.264s] -- Detecting CXX compiler ABI info
[0.313s] -- Detecting CXX compiler ABI info - done
[0.317s] -- Check for working CXX compiler: /usr/bin/c++ - skipped
[0.317s] -- Detecting CXX compile features
[0.317s] -- Detecting CXX compile features - done
[0.319s] -- Found ament_cmake: 1.3.8 (/opt/ros/humble/share/ament_cmake/cmake)
[0.401s] -- Found Python3: /usr/bin/python3 (found version "3.10.12") found components: Interpreter 
[0.456s] -- Found ament_cmake_auto: 1.3.8 (/opt/ros/humble/share/ament_cmake_auto/cmake)
[0.508s] -- Found rosidl_generator_c: 3.1.5 (/opt/ros/humble/share/rosidl_generator_c/cmake)
[0.510s] -- Found rosidl_adapter: 3.1.5 (/opt/ros/humble/share/rosidl_adapter/cmake)
[0.514s] -- Found rosidl_generator_cpp: 3.1.5 (/opt/ros/humble/share/rosidl_generator_cpp/cmake)
[0.521s] -- Using all available rosidl_typesupport_c: rosidl_typesupport_fastrtps_c;rosidl_typesupport_introspection_c
[0.531s] -- Using all available rosidl_typesupport_cpp: rosidl_typesupport_fastrtps_cpp;rosidl_typesupport_introspection_cpp
[0.834s] -- Found ament_cmake_ros: 0.10.0 (/opt/ros/humble/share/ament_cmake_ros/cmake)
[1.087s] -- Using all available rosidl_typesupport_c: rosidl_typesupport_fastrtps_c;rosidl_typesupport_introspection_c
[1.187s] -- Using all available rosidl_typesupport_cpp: rosidl_typesupport_fastrtps_cpp;rosidl_typesupport_introspection_cpp
[1.199s] -- Found PythonInterp: /usr/bin/python3 (found suitable version "3.10.12", minimum required is "3.6") 
[1.199s] -- Found python_cmake_module: 0.10.0 (/opt/ros/humble/share/python_cmake_module/cmake)
[1.222s] -- Found PythonLibs: /usr/lib/x86_64-linux-gnu/libpython3.10.so (found suitable version "3.10.12", minimum required is "3.5") 
[1.222s] -- Using PYTHON_EXECUTABLE: /usr/bin/python3
[1.222s] -- Using PYTHON_INCLUDE_DIRS: /usr/include/python3.10
[1.223s] -- Using PYTHON_LIBRARIES: /usr/lib/x86_64-linux-gnu/libpython3.10.so
[1.234s] -- Found PythonExtra: .so  
[1.274s] -- Found ament_lint_auto: 0.12.10 (/opt/ros/humble/share/ament_lint_auto/cmake)
[1.303s] -- Using PYTHON_EXECUTABLE: /usr/bin/python3
[1.303s] -- Using PYTHON_INCLUDE_DIRS: /usr/include/python3.10
[1.303s] -- Using PYTHON_LIBRARIES: /usr/lib/x86_64-linux-gnu/libpython3.10.so
[1.310s] -- Added test 'copyright' to check source files copyright and LICENSE
[1.311s] -- Added test 'lint_cmake' to check CMake code style
[1.311s] -- Added test 'xmllint' to check XML markup files
[1.313s] -- Configuring done
[1.338s] -- Generating done
[1.340s] -- Build files have been written to: /home/yuto/kachaka_ws/build/kachaka_interfaces
[1.347s] Invoked command in '/home/yuto/kachaka_ws/build/kachaka_interfaces' returned '0': CMAKE_PREFIX_PATH=/opt/ros/humble /usr/bin/cmake /home/yuto/kachaka_ws/src/kachaka_interfaces -DCMAKE_INSTALL_PREFIX=/home/yuto/kachaka_ws/install/kachaka_interfaces
[1.348s] Invoking command in '/home/yuto/kachaka_ws/build/kachaka_interfaces': CMAKE_PREFIX_PATH=/opt/ros/humble /usr/bin/cmake --build /home/yuto/kachaka_ws/build/kachaka_interfaces -- -j12 -l12
[1.371s] [  1%] [34m[1mGenerating C code for ROS interfaces[0m
[1.377s] [  2%] [34m[1mGenerating C++ code for ROS interfaces[0m
[1.387s] [  2%] Built target ament_cmake_python_copy_kachaka_interfaces
[1.675s] running egg_info
[1.675s] creating kachaka_interfaces.egg-info
[1.675s] writing kachaka_interfaces.egg-info/PKG-INFO
[1.675s] writing dependency_links to kachaka_interfaces.egg-info/dependency_links.txt
[1.676s] writing top-level names to kachaka_interfaces.egg-info/top_level.txt
[1.676s] writing manifest file 'kachaka_interfaces.egg-info/SOURCES.txt'
[1.678s] reading manifest file 'kachaka_interfaces.egg-info/SOURCES.txt'
[1.678s] writing manifest file 'kachaka_interfaces.egg-info/SOURCES.txt'
[1.705s] [  2%] Built target ament_cmake_python_build_kachaka_interfaces_egg
[1.999s] [  2%] Built target kachaka_interfaces__cpp
[2.010s] [  3%] [34m[1mGenerating C++ type support dispatch for ROS interfaces[0m
[2.015s] [  4%] [34m[1mGenerating C++ type support for eProsima Fast-RTPS[0m
[2.023s] [  5%] [34m[1mGenerating C++ introspection for ROS interfaces[0m
[2.051s] [  6%] [32mBuilding C object CMakeFiles/kachaka_interfaces__rosidl_generator_c.dir/rosidl_generator_c/kachaka_interfaces/action/detail/exec_kachaka_command__functions.c.o[0m
[2.053s] [  7%] [32mBuilding C object CMakeFiles/kachaka_interfaces__rosidl_generator_c.dir/rosidl_generator_c/kachaka_interfaces/msg/detail/object_detection_list_stamped__functions.c.o[0m
[2.054s] [ 10%] [32mBuilding C object CMakeFiles/kachaka_interfaces__rosidl_generator_c.dir/rosidl_generator_c/kachaka_interfaces/msg/detail/kachaka_command__functions.c.o[0m
[2.054s] [ 10%] [32mBuilding C object CMakeFiles/kachaka_interfaces__rosidl_generator_c.dir/rosidl_generator_c/kachaka_interfaces/msg/detail/object_detection__functions.c.o[0m
[2.054s] [ 10%] [32mBuilding C object CMakeFiles/kachaka_interfaces__rosidl_generator_c.dir/rosidl_generator_c/kachaka_interfaces/msg/detail/location__functions.c.o[0m
[2.055s] [ 12%] [32mBuilding C object CMakeFiles/kachaka_interfaces__rosidl_generator_c.dir/rosidl_generator_c/kachaka_interfaces/msg/detail/shelf_list__functions.c.o[0m
[2.055s] [ 12%] [32mBuilding C object CMakeFiles/kachaka_interfaces__rosidl_generator_c.dir/rosidl_generator_c/kachaka_interfaces/msg/detail/location_list__functions.c.o[0m
[2.055s] [ 13%] [32mBuilding C object CMakeFiles/kachaka_interfaces__rosidl_generator_c.dir/rosidl_generator_c/kachaka_interfaces/msg/detail/shelf__functions.c.o[0m
[2.065s] [ 14%] [32mBuilding C object CMakeFiles/kachaka_interfaces__rosidl_generator_c.dir/rosidl_generator_c/kachaka_interfaces/msg/detail/shelf_size__functions.c.o[0m
[2.201s] [ 15%] [32m[1mLinking C shared library libkachaka_interfaces__rosidl_generator_c.so[0m
[2.236s] [ 15%] Built target kachaka_interfaces__rosidl_generator_c
[2.244s] [ 16%] [34m[1mGenerating C type support for eProsima Fast-RTPS[0m
[2.248s] [ 17%] [34m[1mGenerating C introspection for ROS interfaces[0m
[2.248s] [ 18%] [34m[1mGenerating C type support dispatch for ROS interfaces[0m
[2.538s] [ 20%] [32mBuilding CXX object CMakeFiles/kachaka_interfaces__rosidl_typesupport_cpp.dir/rosidl_typesupport_cpp/kachaka_interfaces/action/exec_kachaka_command__type_support.cpp.o[0m
[2.539s] [ 21%] [32mBuilding CXX object CMakeFiles/kachaka_interfaces__rosidl_typesupport_cpp.dir/rosidl_typesupport_cpp/kachaka_interfaces/msg/location__type_support.cpp.o[0m
[2.539s] [ 22%] [32mBuilding CXX object CMakeFiles/kachaka_interfaces__rosidl_typesupport_cpp.dir/rosidl_typesupport_cpp/kachaka_interfaces/msg/kachaka_command__type_support.cpp.o[0m
[2.541s] [ 24%] [32mBuilding CXX object CMakeFiles/kachaka_interfaces__rosidl_typesupport_cpp.dir/rosidl_typesupport_cpp/kachaka_interfaces/msg/object_detection__type_support.cpp.o[0m
[2.541s] [ 24%] [32mBuilding CXX object CMakeFiles/kachaka_interfaces__rosidl_typesupport_cpp.dir/rosidl_typesupport_cpp/kachaka_interfaces/msg/location_list__type_support.cpp.o[0m
[2.541s] [ 25%] [32mBuilding CXX object CMakeFiles/kachaka_interfaces__rosidl_typesupport_cpp.dir/rosidl_typesupport_cpp/kachaka_interfaces/msg/object_detection_list_stamped__type_support.cpp.o[0m
[2.558s] [ 26%] [32mBuilding CXX object CMakeFiles/kachaka_interfaces__rosidl_typesupport_cpp.dir/rosidl_typesupport_cpp/kachaka_interfaces/msg/shelf__type_support.cpp.o[0m
[2.953s] [ 28%] [32mBuilding CXX object CMakeFiles/kachaka_interfaces__rosidl_typesupport_cpp.dir/rosidl_typesupport_cpp/kachaka_interfaces/msg/shelf_size__type_support.cpp.o[0m
[2.953s] [ 28%] [32mBuilding CXX object CMakeFiles/kachaka_interfaces__rosidl_typesupport_cpp.dir/rosidl_typesupport_cpp/kachaka_interfaces/msg/shelf_list__type_support.cpp.o[0m
[3.159s] [ 29%] [32mBuilding CXX object CMakeFiles/kachaka_interfaces__rosidl_typesupport_introspection_cpp.dir/rosidl_typesupport_introspection_cpp/kachaka_interfaces/msg/detail/location__type_support.cpp.o[0m
[3.160s] [ 31%] [32mBuilding CXX object CMakeFiles/kachaka_interfaces__rosidl_typesupport_introspection_cpp.dir/rosidl_typesupport_introspection_cpp/kachaka_interfaces/action/detail/exec_kachaka_command__type_support.cpp.o[0m
[3.160s] [ 31%] [32mBuilding CXX object CMakeFiles/kachaka_interfaces__rosidl_typesupport_introspection_cpp.dir/rosidl_typesupport_introspection_cpp/kachaka_interfaces/msg/detail/kachaka_command__type_support.cpp.o[0m
[3.164s] [ 32%] [32mBuilding CXX object CMakeFiles/kachaka_interfaces__rosidl_typesupport_introspection_cpp.dir/rosidl_typesupport_introspection_cpp/kachaka_interfaces/msg/detail/location_list__type_support.cpp.o[0m
[3.182s] [ 33%] [32mBuilding CXX object CMakeFiles/kachaka_interfaces__rosidl_typesupport_introspection_cpp.dir/rosidl_typesupport_introspection_cpp/kachaka_interfaces/msg/detail/object_detection__type_support.cpp.o[0m
[3.288s] [ 34%] [32mBuilding CXX object CMakeFiles/kachaka_interfaces__rosidl_typesupport_c.dir/rosidl_typesupport_c/kachaka_interfaces/action/exec_kachaka_command__type_support.cpp.o[0m
[3.312s] [ 35%] [32mBuilding CXX object CMakeFiles/kachaka_interfaces__rosidl_typesupport_c.dir/rosidl_typesupport_c/kachaka_interfaces/msg/kachaka_command__type_support.cpp.o[0m
[3.330s] [ 36%] [32mBuilding CXX object CMakeFiles/kachaka_interfaces__rosidl_typesupport_c.dir/rosidl_typesupport_c/kachaka_interfaces/msg/location__type_support.cpp.o[0m
[3.344s] [ 37%] [32mBuilding CXX object CMakeFiles/kachaka_interfaces__rosidl_typesupport_fastrtps_cpp.dir/rosidl_typesupport_fastrtps_cpp/kachaka_interfaces/action/detail/dds_fastrtps/exec_kachaka_command__type_support.cpp.o[0m
[3.356s] [ 38%] [32mBuilding CXX object CMakeFiles/kachaka_interfaces__rosidl_typesupport_c.dir/rosidl_typesupport_c/kachaka_interfaces/msg/location_list__type_support.cpp.o[0m
[3.381s] [ 40%] [32mBuilding CXX object CMakeFiles/kachaka_interfaces__rosidl_typesupport_c.dir/rosidl_typesupport_c/kachaka_interfaces/msg/object_detection__type_support.cpp.o[0m
[3.390s] [ 41%] [32m[1mLinking CXX shared library libkachaka_interfaces__rosidl_typesupport_cpp.so[0m
[3.393s] [ 42%] [32mBuilding CXX object CMakeFiles/kachaka_interfaces__rosidl_typesupport_c.dir/rosidl_typesupport_c/kachaka_interfaces/msg/object_detection_list_stamped__type_support.cpp.o[0m
[3.404s] [ 43%] [32mBuilding CXX object CMakeFiles/kachaka_interfaces__rosidl_typesupport_c.dir/rosidl_typesupport_c/kachaka_interfaces/msg/shelf__type_support.cpp.o[0m
[3.427s] [ 44%] [32mBuilding CXX object CMakeFiles/kachaka_interfaces__rosidl_typesupport_c.dir/rosidl_typesupport_c/kachaka_interfaces/msg/shelf_list__type_support.cpp.o[0m
[3.439s] [ 45%] [32mBuilding CXX object CMakeFiles/kachaka_interfaces__rosidl_typesupport_c.dir/rosidl_typesupport_c/kachaka_interfaces/msg/shelf_size__type_support.cpp.o[0m
[3.464s] [ 46%] [32mBuilding CXX object CMakeFiles/kachaka_interfaces__rosidl_typesupport_introspection_cpp.dir/rosidl_typesupport_introspection_cpp/kachaka_interfaces/msg/detail/object_detection_list_stamped__type_support.cpp.o[0m
[3.464s] [ 46%] Built target kachaka_interfaces__rosidl_typesupport_cpp
[3.473s] [ 47%] [32mBuilding CXX object CMakeFiles/kachaka_interfaces__rosidl_typesupport_introspection_cpp.dir/rosidl_typesupport_introspection_cpp/kachaka_interfaces/msg/detail/shelf__type_support.cpp.o[0m
[3.481s] [ 48%] [32m[1mLinking CXX shared library libkachaka_interfaces__rosidl_typesupport_c.so[0m
[3.516s] [ 49%] [32mBuilding CXX object CMakeFiles/kachaka_interfaces__rosidl_typesupport_fastrtps_c.dir/rosidl_typesupport_fastrtps_c/kachaka_interfaces/action/detail/exec_kachaka_command__type_support_c.cpp.o[0m
[3.525s] [ 50%] [32mBuilding CXX object CMakeFiles/kachaka_interfaces__rosidl_typesupport_fastrtps_c.dir/rosidl_typesupport_fastrtps_c/kachaka_interfaces/msg/detail/kachaka_command__type_support_c.cpp.o[0m
[3.548s] [ 50%] Built target kachaka_interfaces__rosidl_typesupport_c
[3.560s] [ 51%] [32mBuilding CXX object CMakeFiles/kachaka_interfaces__rosidl_typesupport_fastrtps_c.dir/rosidl_typesupport_fastrtps_c/kachaka_interfaces/msg/detail/location__type_support_c.cpp.o[0m
[3.640s] [ 52%] [32mBuilding C object CMakeFiles/kachaka_interfaces__rosidl_typesupport_introspection_c.dir/rosidl_typesupport_introspection_c/kachaka_interfaces/action/detail/exec_kachaka_command__type_support.c.o[0m
[3.724s] [ 53%] [32mBuilding CXX object CMakeFiles/kachaka_interfaces__rosidl_typesupport_introspection_cpp.dir/rosidl_typesupport_introspection_cpp/kachaka_interfaces/msg/detail/shelf_list__type_support.cpp.o[0m
[3.763s] [ 54%] [32mBuilding C object CMakeFiles/kachaka_interfaces__rosidl_typesupport_introspection_c.dir/rosidl_typesupport_introspection_c/kachaka_interfaces/msg/detail/kachaka_command__type_support.c.o[0m
[3.783s] [ 55%] [32mBuilding CXX object CMakeFiles/kachaka_interfaces__rosidl_typesupport_introspection_cpp.dir/rosidl_typesupport_introspection_cpp/kachaka_interfaces/msg/detail/shelf_size__type_support.cpp.o[0m
[3.814s] [ 56%] [32mBuilding C object CMakeFiles/kachaka_interfaces__rosidl_typesupport_introspection_c.dir/rosidl_typesupport_introspection_c/kachaka_interfaces/msg/detail/location__type_support.c.o[0m
[3.828s] [ 57%] [32mBuilding CXX object CMakeFiles/kachaka_interfaces__rosidl_typesupport_fastrtps_c.dir/rosidl_typesupport_fastrtps_c/kachaka_interfaces/msg/detail/location_list__type_support_c.cpp.o[0m
[3.868s] [ 58%] [32mBuilding C object CMakeFiles/kachaka_interfaces__rosidl_typesupport_introspection_c.dir/rosidl_typesupport_introspection_c/kachaka_interfaces/msg/detail/location_list__type_support.c.o[0m
[3.922s] [ 60%] [32mBuilding C object CMakeFiles/kachaka_interfaces__rosidl_typesupport_introspection_c.dir/rosidl_typesupport_introspection_c/kachaka_interfaces/msg/detail/object_detection__type_support.c.o[0m
[3.926s] [ 61%] [32mBuilding C object CMakeFiles/kachaka_interfaces__rosidl_typesupport_introspection_c.dir/rosidl_typesupport_introspection_c/kachaka_interfaces/msg/detail/object_detection_list_stamped__type_support.c.o[0m
[3.975s] [ 62%] [32mBuilding C object CMakeFiles/kachaka_interfaces__rosidl_typesupport_introspection_c.dir/rosidl_typesupport_introspection_c/kachaka_interfaces/msg/detail/shelf__type_support.c.o[0m
[3.984s] [ 64%] [32mBuilding C object CMakeFiles/kachaka_interfaces__rosidl_typesupport_introspection_c.dir/rosidl_typesupport_introspection_c/kachaka_interfaces/msg/detail/shelf_list__type_support.c.o[0m
[3.984s] [ 64%] [32mBuilding CXX object CMakeFiles/kachaka_interfaces__rosidl_typesupport_fastrtps_cpp.dir/rosidl_typesupport_fastrtps_cpp/kachaka_interfaces/msg/detail/dds_fastrtps/kachaka_command__type_support.cpp.o[0m
[4.038s] [ 65%] [32mBuilding C object CMakeFiles/kachaka_interfaces__rosidl_typesupport_introspection_c.dir/rosidl_typesupport_introspection_c/kachaka_interfaces/msg/detail/shelf_size__type_support.c.o[0m
[4.039s] [ 66%] [32mBuilding CXX object CMakeFiles/kachaka_interfaces__rosidl_typesupport_fastrtps_cpp.dir/rosidl_typesupport_fastrtps_cpp/kachaka_interfaces/msg/detail/dds_fastrtps/location__type_support.cpp.o[0m
[4.099s] [ 67%] [32m[1mLinking C shared library libkachaka_interfaces__rosidl_typesupport_introspection_c.so[0m
[4.137s] [ 68%] [32mBuilding CXX object CMakeFiles/kachaka_interfaces__rosidl_typesupport_fastrtps_c.dir/rosidl_typesupport_fastrtps_c/kachaka_interfaces/msg/detail/object_detection__type_support_c.cpp.o[0m
[4.162s] [ 68%] Built target kachaka_interfaces__rosidl_typesupport_introspection_c
[4.175s] [ 69%] [32mBuilding CXX object CMakeFiles/kachaka_interfaces__rosidl_typesupport_fastrtps_c.dir/rosidl_typesupport_fastrtps_c/kachaka_interfaces/msg/detail/object_detection_list_stamped__type_support_c.cpp.o[0m
[4.178s] [ 70%] [32mBuilding CXX object CMakeFiles/kachaka_interfaces__rosidl_typesupport_fastrtps_c.dir/rosidl_typesupport_fastrtps_c/kachaka_interfaces/msg/detail/shelf__type_support_c.cpp.o[0m
[4.190s] [ 71%] [32mBuilding CXX object CMakeFiles/kachaka_interfaces__rosidl_typesupport_fastrtps_c.dir/rosidl_typesupport_fastrtps_c/kachaka_interfaces/msg/detail/shelf_list__type_support_c.cpp.o[0m
[4.224s] [ 72%] [32mBuilding CXX object CMakeFiles/kachaka_interfaces__rosidl_typesupport_fastrtps_c.dir/rosidl_typesupport_fastrtps_c/kachaka_interfaces/msg/detail/shelf_size__type_support_c.cpp.o[0m
[4.231s] [ 73%] [32mBuilding CXX object CMakeFiles/kachaka_interfaces__rosidl_typesupport_fastrtps_cpp.dir/rosidl_typesupport_fastrtps_cpp/kachaka_interfaces/msg/detail/dds_fastrtps/location_list__type_support.cpp.o[0m
[4.324s] [ 74%] [32mBuilding CXX object CMakeFiles/kachaka_interfaces__rosidl_typesupport_fastrtps_cpp.dir/rosidl_typesupport_fastrtps_cpp/kachaka_interfaces/msg/detail/dds_fastrtps/object_detection__type_support.cpp.o[0m
[4.356s] [ 75%] [32mBuilding CXX object CMakeFiles/kachaka_interfaces__rosidl_typesupport_fastrtps_cpp.dir/rosidl_typesupport_fastrtps_cpp/kachaka_interfaces/msg/detail/dds_fastrtps/object_detection_list_stamped__type_support.cpp.o[0m
[4.419s] [ 76%] [32mBuilding CXX object CMakeFiles/kachaka_interfaces__rosidl_typesupport_fastrtps_cpp.dir/rosidl_typesupport_fastrtps_cpp/kachaka_interfaces/msg/detail/dds_fastrtps/shelf__type_support.cpp.o[0m
[4.454s] [ 77%] [32m[1mLinking CXX shared library libkachaka_interfaces__rosidl_typesupport_introspection_cpp.so[0m
[4.615s] [ 77%] Built target kachaka_interfaces__rosidl_typesupport_introspection_cpp
[4.628s] [ 78%] [32mBuilding CXX object CMakeFiles/kachaka_interfaces__rosidl_typesupport_fastrtps_cpp.dir/rosidl_typesupport_fastrtps_cpp/kachaka_interfaces/msg/detail/dds_fastrtps/shelf_list__type_support.cpp.o[0m
[4.658s] [ 80%] [32mBuilding CXX object CMakeFiles/kachaka_interfaces__rosidl_typesupport_fastrtps_cpp.dir/rosidl_typesupport_fastrtps_cpp/kachaka_interfaces/msg/detail/dds_fastrtps/shelf_size__type_support.cpp.o[0m
[4.795s] [ 81%] [32m[1mLinking CXX shared library libkachaka_interfaces__rosidl_typesupport_fastrtps_c.so[0m
[4.898s] [ 81%] Built target kachaka_interfaces__rosidl_typesupport_fastrtps_c
[5.059s] [ 82%] [32m[1mLinking CXX shared library libkachaka_interfaces__rosidl_typesupport_fastrtps_cpp.so[0m
[5.107s] [ 82%] Built target kachaka_interfaces__rosidl_typesupport_fastrtps_cpp
[5.118s] [ 82%] Built target kachaka_interfaces
[5.130s] [ 83%] [34m[1mGenerating Python code for ROS interfaces[0m
[6.027s] [ 83%] Built target kachaka_interfaces__py
[6.039s] [ 84%] [32mBuilding C object CMakeFiles/kachaka_interfaces__rosidl_generator_py.dir/rosidl_generator_py/kachaka_interfaces/action/_exec_kachaka_command_s.c.o[0m
[6.039s] [ 85%] [32mBuilding C object CMakeFiles/kachaka_interfaces__rosidl_generator_py.dir/rosidl_generator_py/kachaka_interfaces/msg/_location_list_s.c.o[0m
[6.042s] [ 88%] [32mBuilding C object CMakeFiles/kachaka_interfaces__rosidl_generator_py.dir/rosidl_generator_py/kachaka_interfaces/msg/_kachaka_command_s.c.o[0m
[6.042s] [ 88%] [32mBuilding C object CMakeFiles/kachaka_interfaces__rosidl_generator_py.dir/rosidl_generator_py/kachaka_interfaces/msg/_object_detection_s.c.o[0m
[6.042s] [ 88%] [32mBuilding C object CMakeFiles/kachaka_interfaces__rosidl_generator_py.dir/rosidl_generator_py/kachaka_interfaces/msg/_location_s.c.o[0m
[6.043s] [ 91%] [32mBuilding C object CMakeFiles/kachaka_interfaces__rosidl_generator_py.dir/rosidl_generator_py/kachaka_interfaces/msg/_object_detection_list_stamped_s.c.o[0m
[6.043s] [ 91%] [32mBuilding C object CMakeFiles/kachaka_interfaces__rosidl_generator_py.dir/rosidl_generator_py/kachaka_interfaces/msg/_shelf_list_s.c.o[0m
[6.043s] [ 91%] [32mBuilding C object CMakeFiles/kachaka_interfaces__rosidl_generator_py.dir/rosidl_generator_py/kachaka_interfaces/msg/_shelf_s.c.o[0m
[6.043s] [ 92%] [32mBuilding C object CMakeFiles/kachaka_interfaces__rosidl_generator_py.dir/rosidl_generator_py/kachaka_interfaces/msg/_shelf_size_s.c.o[0m
[6.183s] [ 93%] [32m[1mLinking C shared library rosidl_generator_py/kachaka_interfaces/libkachaka_interfaces__rosidl_generator_py.so[0m
[6.215s] [ 93%] Built target kachaka_interfaces__rosidl_generator_py
[6.226s] [ 94%] [32mBuilding C object CMakeFiles/kachaka_interfaces__rosidl_typesupport_fastrtps_c__pyext.dir/rosidl_generator_py/kachaka_interfaces/_kachaka_interfaces_s.ep.rosidl_typesupport_fastrtps_c.c.o[0m
[6.228s] [ 95%] [32mBuilding C object CMakeFiles/kachaka_interfaces__rosidl_typesupport_introspection_c__pyext.dir/rosidl_generator_py/kachaka_interfaces/_kachaka_interfaces_s.ep.rosidl_typesupport_introspection_c.c.o[0m
[6.229s] [ 96%] [32mBuilding C object CMakeFiles/kachaka_interfaces__rosidl_typesupport_c__pyext.dir/rosidl_generator_py/kachaka_interfaces/_kachaka_interfaces_s.ep.rosidl_typesupport_c.c.o[0m
[6.317s] [ 97%] [32m[1mLinking C shared library rosidl_generator_py/kachaka_interfaces/kachaka_interfaces_s__rosidl_typesupport_fastrtps_c.cpython-310-x86_64-linux-gnu.so[0m
[6.318s] [ 98%] [32m[1mLinking C shared library rosidl_generator_py/kachaka_interfaces/kachaka_interfaces_s__rosidl_typesupport_c.cpython-310-x86_64-linux-gnu.so[0m
[6.348s] [ 98%] Built target kachaka_interfaces__rosidl_typesupport_fastrtps_c__pyext
[6.348s] [ 98%] Built target kachaka_interfaces__rosidl_typesupport_c__pyext
[6.375s] [100%] [32m[1mLinking C shared library rosidl_generator_py/kachaka_interfaces/kachaka_interfaces_s__rosidl_typesupport_introspection_c.cpython-310-x86_64-linux-gnu.so[0m
[6.401s] [100%] Built target kachaka_interfaces__rosidl_typesupport_introspection_c__pyext
[6.408s] Invoked command in '/home/yuto/kachaka_ws/build/kachaka_interfaces' returned '0': CMAKE_PREFIX_PATH=/opt/ros/humble /usr/bin/cmake --build /home/yuto/kachaka_ws/build/kachaka_interfaces -- -j12 -l12
[6.496s] Invoking command in '/home/yuto/kachaka_ws/build/kachaka_interfaces': CMAKE_PREFIX_PATH=/opt/ros/humble /usr/bin/cmake --install /home/yuto/kachaka_ws/build/kachaka_interfaces
[6.501s] -- Install configuration: ""
[6.501s] -- Installing: /home/yuto/kachaka_ws/install/kachaka_interfaces/share/ament_index/resource_index/rosidl_interfaces/kachaka_interfaces
[6.501s] -- Installing: /home/yuto/kachaka_ws/install/kachaka_interfaces/include/kachaka_interfaces/kachaka_interfaces
[6.501s] -- Installing: /home/yuto/kachaka_ws/install/kachaka_interfaces/include/kachaka_interfaces/kachaka_interfaces/msg
[6.502s] -- Installing: /home/yuto/kachaka_ws/install/kachaka_interfaces/include/kachaka_interfaces/kachaka_interfaces/msg/rosidl_generator_c__visibility_control.h
[6.502s] -- Installing: /home/yuto/kachaka_ws/install/kachaka_interfaces/include/kachaka_interfaces/kachaka_interfaces/msg/shelf_list.h
[6.502s] -- Installing: /home/yuto/kachaka_ws/install/kachaka_interfaces/include/kachaka_interfaces/kachaka_interfaces/msg/kachaka_command.h
[6.502s] -- Installing: /home/yuto/kachaka_ws/install/kachaka_interfaces/include/kachaka_interfaces/kachaka_interfaces/msg/shelf_size.h
[6.502s] -- Installing: /home/yuto/kachaka_ws/install/kachaka_interfaces/include/kachaka_interfaces/kachaka_interfaces/msg/shelf.h
[6.502s] -- Installing: /home/yuto/kachaka_ws/install/kachaka_interfaces/include/kachaka_interfaces/kachaka_interfaces/msg/detail
[6.502s] -- Installing: /home/yuto/kachaka_ws/install/kachaka_interfaces/include/kachaka_interfaces/kachaka_interfaces/msg/detail/shelf__struct.h
[6.502s] -- Installing: /home/yuto/kachaka_ws/install/kachaka_interfaces/include/kachaka_interfaces/kachaka_interfaces/msg/detail/location__struct.h
[6.502s] -- Installing: /home/yuto/kachaka_ws/install/kachaka_interfaces/include/kachaka_interfaces/kachaka_interfaces/msg/detail/shelf_size__functions.h
[6.502s] -- Installing: /home/yuto/kachaka_ws/install/kachaka_interfaces/include/kachaka_interfaces/kachaka_interfaces/msg/detail/object_detection_list_stamped__type_support.h
[6.502s] -- Installing: /home/yuto/kachaka_ws/install/kachaka_interfaces/include/kachaka_interfaces/kachaka_interfaces/msg/detail/object_detection_list_stamped__functions.c
[6.502s] -- Installing: /home/yuto/kachaka_ws/install/kachaka_interfaces/include/kachaka_interfaces/kachaka_interfaces/msg/detail/location_list__struct.h
[6.502s] -- Installing: /home/yuto/kachaka_ws/install/kachaka_interfaces/include/kachaka_interfaces/kachaka_interfaces/msg/detail/shelf__type_support.h
[6.502s] -- Installing: /home/yuto/kachaka_ws/install/kachaka_interfaces/include/kachaka_interfaces/kachaka_interfaces/msg/detail/shelf_list__functions.c
[6.502s] -- Installing: /home/yuto/kachaka_ws/install/kachaka_interfaces/include/kachaka_interfaces/kachaka_interfaces/msg/detail/object_detection__functions.h
[6.502s] -- Installing: /home/yuto/kachaka_ws/install/kachaka_interfaces/include/kachaka_interfaces/kachaka_interfaces/msg/detail/shelf_size__struct.h
[6.503s] -- Installing: /home/yuto/kachaka_ws/install/kachaka_interfaces/include/kachaka_interfaces/kachaka_interfaces/msg/detail/kachaka_command__functions.c
[6.503s] -- Installing: /home/yuto/kachaka_ws/install/kachaka_interfaces/include/kachaka_interfaces/kachaka_interfaces/msg/detail/location__functions.c
[6.503s] -- Installing: /home/yuto/kachaka_ws/install/kachaka_interfaces/include/kachaka_interfaces/kachaka_interfaces/msg/detail/shelf_list__type_support.h
[6.503s] -- Installing: /home/yuto/kachaka_ws/install/kachaka_interfaces/include/kachaka_interfaces/kachaka_interfaces/msg/detail/shelf_list__struct.h
[6.503s] -- Installing: /home/yuto/kachaka_ws/install/kachaka_interfaces/include/kachaka_interfaces/kachaka_interfaces/msg/detail/object_detection_list_stamped__functions.h
[6.503s] -- Installing: /home/yuto/kachaka_ws/install/kachaka_interfaces/include/kachaka_interfaces/kachaka_interfaces/msg/detail/object_detection__type_support.h
[6.503s] -- Installing: /home/yuto/kachaka_ws/install/kachaka_interfaces/include/kachaka_interfaces/kachaka_interfaces/msg/detail/location__functions.h
[6.503s] -- Installing: /home/yuto/kachaka_ws/install/kachaka_interfaces/include/kachaka_interfaces/kachaka_interfaces/msg/detail/shelf_list__functions.h
[6.503s] -- Installing: /home/yuto/kachaka_ws/install/kachaka_interfaces/include/kachaka_interfaces/kachaka_interfaces/msg/detail/kachaka_command__functions.h
[6.503s] -- Installing: /home/yuto/kachaka_ws/install/kachaka_interfaces/include/kachaka_interfaces/kachaka_interfaces/msg/detail/location_list__functions.h
[6.503s] -- Installing: /home/yuto/kachaka_ws/install/kachaka_interfaces/include/kachaka_interfaces/kachaka_interfaces/msg/detail/kachaka_command__type_support.h
[6.503s] -- Installing: /home/yuto/kachaka_ws/install/kachaka_interfaces/include/kachaka_interfaces/kachaka_interfaces/msg/detail/kachaka_command__struct.h
[6.503s] -- Installing: /home/yuto/kachaka_ws/install/kachaka_interfaces/include/kachaka_interfaces/kachaka_interfaces/msg/detail/shelf__functions.c
[6.504s] -- Installing: /home/yuto/kachaka_ws/install/kachaka_interfaces/include/kachaka_interfaces/kachaka_interfaces/msg/detail/object_detection__struct.h
[6.504s] -- Installing: /home/yuto/kachaka_ws/install/kachaka_interfaces/include/kachaka_interfaces/kachaka_interfaces/msg/detail/object_detection_list_stamped__struct.h
[6.504s] -- Installing: /home/yuto/kachaka_ws/install/kachaka_interfaces/include/kachaka_interfaces/kachaka_interfaces/msg/detail/location_list__type_support.h
[6.504s] -- Installing: /home/yuto/kachaka_ws/install/kachaka_interfaces/include/kachaka_interfaces/kachaka_interfaces/msg/detail/location__type_support.h
[6.504s] -- Installing: /home/yuto/kachaka_ws/install/kachaka_interfaces/include/kachaka_interfaces/kachaka_interfaces/msg/detail/shelf__functions.h
[6.504s] -- Installing: /home/yuto/kachaka_ws/install/kachaka_interfaces/include/kachaka_interfaces/kachaka_interfaces/msg/detail/object_detection__functions.c
[6.504s] -- Installing: /home/yuto/kachaka_ws/install/kachaka_interfaces/include/kachaka_interfaces/kachaka_interfaces/msg/detail/shelf_size__type_support.h
[6.504s] -- Installing: /home/yuto/kachaka_ws/install/kachaka_interfaces/include/kachaka_interfaces/kachaka_interfaces/msg/detail/location_list__functions.c
[6.504s] -- Installing: /home/yuto/kachaka_ws/install/kachaka_interfaces/include/kachaka_interfaces/kachaka_interfaces/msg/detail/shelf_size__functions.c
[6.504s] -- Installing: /home/yuto/kachaka_ws/install/kachaka_interfaces/include/kachaka_interfaces/kachaka_interfaces/msg/location.h
[6.504s] -- Installing: /home/yuto/kachaka_ws/install/kachaka_interfaces/include/kachaka_interfaces/kachaka_interfaces/msg/object_detection_list_stamped.h
[6.504s] -- Installing: /home/yuto/kachaka_ws/install/kachaka_interfaces/include/kachaka_interfaces/kachaka_interfaces/msg/object_detection.h
[6.504s] -- Installing: /home/yuto/kachaka_ws/install/kachaka_interfaces/include/kachaka_interfaces/kachaka_interfaces/msg/location_list.h
[6.504s] -- Installing: /home/yuto/kachaka_ws/install/kachaka_interfaces/include/kachaka_interfaces/kachaka_interfaces/action
[6.504s] -- Installing: /home/yuto/kachaka_ws/install/kachaka_interfaces/include/kachaka_interfaces/kachaka_interfaces/action/detail
[6.505s] -- Installing: /home/yuto/kachaka_ws/install/kachaka_interfaces/include/kachaka_interfaces/kachaka_interfaces/action/detail/exec_kachaka_command__type_support.h
[6.505s] -- Installing: /home/yuto/kachaka_ws/install/kachaka_interfaces/include/kachaka_interfaces/kachaka_interfaces/action/detail/exec_kachaka_command__struct.h
[6.505s] -- Installing: /home/yuto/kachaka_ws/install/kachaka_interfaces/include/kachaka_interfaces/kachaka_interfaces/action/detail/exec_kachaka_command__functions.c
[6.505s] -- Installing: /home/yuto/kachaka_ws/install/kachaka_interfaces/include/kachaka_interfaces/kachaka_interfaces/action/detail/exec_kachaka_command__functions.h
[6.505s] -- Installing: /home/yuto/kachaka_ws/install/kachaka_interfaces/include/kachaka_interfaces/kachaka_interfaces/action/exec_kachaka_command.h
[6.505s] -- Installing: /home/yuto/kachaka_ws/install/kachaka_interfaces/share/kachaka_interfaces/environment/library_path.sh
[6.505s] -- Installing: /home/yuto/kachaka_ws/install/kachaka_interfaces/share/kachaka_interfaces/environment/library_path.dsv
[6.505s] -- Installing: /home/yuto/kachaka_ws/install/kachaka_interfaces/lib/libkachaka_interfaces__rosidl_generator_c.so
[6.505s] -- Set runtime path of "/home/yuto/kachaka_ws/install/kachaka_interfaces/lib/libkachaka_interfaces__rosidl_generator_c.so" to ""
[6.505s] -- Up-to-date: /home/yuto/kachaka_ws/install/kachaka_interfaces/include/kachaka_interfaces/kachaka_interfaces
[6.505s] -- Up-to-date: /home/yuto/kachaka_ws/install/kachaka_interfaces/include/kachaka_interfaces/kachaka_interfaces/msg
[6.505s] -- Installing: /home/yuto/kachaka_ws/install/kachaka_interfaces/include/kachaka_interfaces/kachaka_interfaces/msg/rosidl_typesupport_fastrtps_c__visibility_control.h
[6.505s] -- Up-to-date: /home/yuto/kachaka_ws/install/kachaka_interfaces/include/kachaka_interfaces/kachaka_interfaces/msg/detail
[6.505s] -- Installing: /home/yuto/kachaka_ws/install/kachaka_interfaces/include/kachaka_interfaces/kachaka_interfaces/msg/detail/object_detection__rosidl_typesupport_fastrtps_c.h
[6.505s] -- Installing: /home/yuto/kachaka_ws/install/kachaka_interfaces/include/kachaka_interfaces/kachaka_interfaces/msg/detail/object_detection_list_stamped__rosidl_typesupport_fastrtps_c.h
[6.506s] -- Installing: /home/yuto/kachaka_ws/install/kachaka_interfaces/include/kachaka_interfaces/kachaka_interfaces/msg/detail/location_list__rosidl_typesupport_fastrtps_c.h
[6.506s] -- Installing: /home/yuto/kachaka_ws/install/kachaka_interfaces/include/kachaka_interfaces/kachaka_interfaces/msg/detail/shelf__rosidl_typesupport_fastrtps_c.h
[6.506s] -- Installing: /home/yuto/kachaka_ws/install/kachaka_interfaces/include/kachaka_interfaces/kachaka_interfaces/msg/detail/shelf_size__rosidl_typesupport_fastrtps_c.h
[6.506s] -- Installing: /home/yuto/kachaka_ws/install/kachaka_interfaces/include/kachaka_interfaces/kachaka_interfaces/msg/detail/location__rosidl_typesupport_fastrtps_c.h
[6.506s] -- Installing: /home/yuto/kachaka_ws/install/kachaka_interfaces/include/kachaka_interfaces/kachaka_interfaces/msg/detail/kachaka_command__rosidl_typesupport_fastrtps_c.h
[6.506s] -- Installing: /home/yuto/kachaka_ws/install/kachaka_interfaces/include/kachaka_interfaces/kachaka_interfaces/msg/detail/shelf_list__rosidl_typesupport_fastrtps_c.h
[6.506s] -- Up-to-date: /home/yuto/kachaka_ws/install/kachaka_interfaces/include/kachaka_interfaces/kachaka_interfaces/action
[6.506s] -- Up-to-date: /home/yuto/kachaka_ws/install/kachaka_interfaces/include/kachaka_interfaces/kachaka_interfaces/action/detail
[6.506s] -- Installing: /home/yuto/kachaka_ws/install/kachaka_interfaces/include/kachaka_interfaces/kachaka_interfaces/action/detail/exec_kachaka_command__rosidl_typesupport_fastrtps_c.h
[6.506s] -- Installing: /home/yuto/kachaka_ws/install/kachaka_interfaces/lib/libkachaka_interfaces__rosidl_typesupport_fastrtps_c.so
[6.506s] -- Set runtime path of "/home/yuto/kachaka_ws/install/kachaka_interfaces/lib/libkachaka_interfaces__rosidl_typesupport_fastrtps_c.so" to ""
[6.506s] -- Up-to-date: /home/yuto/kachaka_ws/install/kachaka_interfaces/include/kachaka_interfaces/kachaka_interfaces
[6.506s] -- Up-to-date: /home/yuto/kachaka_ws/install/kachaka_interfaces/include/kachaka_interfaces/kachaka_interfaces/msg
[6.506s] -- Installing: /home/yuto/kachaka_ws/install/kachaka_interfaces/include/kachaka_interfaces/kachaka_interfaces/msg/location_list.hpp
[6.506s] -- Installing: /home/yuto/kachaka_ws/install/kachaka_interfaces/include/kachaka_interfaces/kachaka_interfaces/msg/location.hpp
[6.506s] -- Installing: /home/yuto/kachaka_ws/install/kachaka_interfaces/include/kachaka_interfaces/kachaka_interfaces/msg/object_detection.hpp
[6.507s] -- Installing: /home/yuto/kachaka_ws/install/kachaka_interfaces/include/kachaka_interfaces/kachaka_interfaces/msg/shelf.hpp
[6.507s] -- Installing: /home/yuto/kachaka_ws/install/kachaka_interfaces/include/kachaka_interfaces/kachaka_interfaces/msg/shelf_list.hpp
[6.507s] -- Installing: /home/yuto/kachaka_ws/install/kachaka_interfaces/include/kachaka_interfaces/kachaka_interfaces/msg/object_detection_list_stamped.hpp
[6.507s] -- Up-to-date: /home/yuto/kachaka_ws/install/kachaka_interfaces/include/kachaka_interfaces/kachaka_interfaces/msg/detail
[6.507s] -- Installing: /home/yuto/kachaka_ws/install/kachaka_interfaces/include/kachaka_interfaces/kachaka_interfaces/msg/detail/location_list__struct.hpp
[6.507s] -- Installing: /home/yuto/kachaka_ws/install/kachaka_interfaces/include/kachaka_interfaces/kachaka_interfaces/msg/detail/shelf__struct.hpp
[6.507s] -- Installing: /home/yuto/kachaka_ws/install/kachaka_interfaces/include/kachaka_interfaces/kachaka_interfaces/msg/detail/shelf_size__struct.hpp
[6.507s] -- Installing: /home/yuto/kachaka_ws/install/kachaka_interfaces/include/kachaka_interfaces/kachaka_interfaces/msg/detail/location__builder.hpp
[6.507s] -- Installing: /home/yuto/kachaka_ws/install/kachaka_interfaces/include/kachaka_interfaces/kachaka_interfaces/msg/detail/location_list__builder.hpp
[6.507s] -- Installing: /home/yuto/kachaka_ws/install/kachaka_interfaces/include/kachaka_interfaces/kachaka_interfaces/msg/detail/kachaka_command__builder.hpp
[6.507s] -- Installing: /home/yuto/kachaka_ws/install/kachaka_interfaces/include/kachaka_interfaces/kachaka_interfaces/msg/detail/object_detection_list_stamped__builder.hpp
[6.507s] -- Installing: /home/yuto/kachaka_ws/install/kachaka_interfaces/include/kachaka_interfaces/kachaka_interfaces/msg/detail/object_detection_list_stamped__traits.hpp
[6.507s] -- Installing: /home/yuto/kachaka_ws/install/kachaka_interfaces/include/kachaka_interfaces/kachaka_interfaces/msg/detail/shelf_size__traits.hpp
[6.507s] -- Installing: /home/yuto/kachaka_ws/install/kachaka_interfaces/include/kachaka_interfaces/kachaka_interfaces/msg/detail/shelf_list__builder.hpp
[6.507s] -- Installing: /home/yuto/kachaka_ws/install/kachaka_interfaces/include/kachaka_interfaces/kachaka_interfaces/msg/detail/kachaka_command__struct.hpp
[6.508s] -- Installing: /home/yuto/kachaka_ws/install/kachaka_interfaces/include/kachaka_interfaces/kachaka_interfaces/msg/detail/object_detection_list_stamped__struct.hpp
[6.508s] -- Installing: /home/yuto/kachaka_ws/install/kachaka_interfaces/include/kachaka_interfaces/kachaka_interfaces/msg/detail/shelf_list__struct.hpp
[6.508s] -- Installing: /home/yuto/kachaka_ws/install/kachaka_interfaces/include/kachaka_interfaces/kachaka_interfaces/msg/detail/shelf__builder.hpp
[6.508s] -- Installing: /home/yuto/kachaka_ws/install/kachaka_interfaces/include/kachaka_interfaces/kachaka_interfaces/msg/detail/kachaka_command__traits.hpp
[6.508s] -- Installing: /home/yuto/kachaka_ws/install/kachaka_interfaces/include/kachaka_interfaces/kachaka_interfaces/msg/detail/object_detection__builder.hpp
[6.508s] -- Installing: /home/yuto/kachaka_ws/install/kachaka_interfaces/include/kachaka_interfaces/kachaka_interfaces/msg/detail/object_detection__struct.hpp
[6.508s] -- Installing: /home/yuto/kachaka_ws/install/kachaka_interfaces/include/kachaka_interfaces/kachaka_interfaces/msg/detail/shelf__traits.hpp
[6.508s] -- Installing: /home/yuto/kachaka_ws/install/kachaka_interfaces/include/kachaka_interfaces/kachaka_interfaces/msg/detail/location__traits.hpp
[6.508s] -- Installing: /home/yuto/kachaka_ws/install/kachaka_interfaces/include/kachaka_interfaces/kachaka_interfaces/msg/detail/location__struct.hpp
[6.508s] -- Installing: /home/yuto/kachaka_ws/install/kachaka_interfaces/include/kachaka_interfaces/kachaka_interfaces/msg/detail/shelf_list__traits.hpp
[6.508s] -- Installing: /home/yuto/kachaka_ws/install/kachaka_interfaces/include/kachaka_interfaces/kachaka_interfaces/msg/detail/shelf_size__builder.hpp
[6.508s] -- Installing: /home/yuto/kachaka_ws/install/kachaka_interfaces/include/kachaka_interfaces/kachaka_interfaces/msg/detail/location_list__traits.hpp
[6.508s] -- Installing: /home/yuto/kachaka_ws/install/kachaka_interfaces/include/kachaka_interfaces/kachaka_interfaces/msg/detail/object_detection__traits.hpp
[6.508s] -- Installing: /home/yuto/kachaka_ws/install/kachaka_interfaces/include/kachaka_interfaces/kachaka_interfaces/msg/kachaka_command.hpp
[6.508s] -- Installing: /home/yuto/kachaka_ws/install/kachaka_interfaces/include/kachaka_interfaces/kachaka_interfaces/msg/shelf_size.hpp
[6.509s] -- Up-to-date: /home/yuto/kachaka_ws/install/kachaka_interfaces/include/kachaka_interfaces/kachaka_interfaces/action
[6.509s] -- Up-to-date: /home/yuto/kachaka_ws/install/kachaka_interfaces/include/kachaka_interfaces/kachaka_interfaces/action/detail
[6.509s] -- Installing: /home/yuto/kachaka_ws/install/kachaka_interfaces/include/kachaka_interfaces/kachaka_interfaces/action/detail/exec_kachaka_command__struct.hpp
[6.509s] -- Installing: /home/yuto/kachaka_ws/install/kachaka_interfaces/include/kachaka_interfaces/kachaka_interfaces/action/detail/exec_kachaka_command__traits.hpp
[6.509s] -- Installing: /home/yuto/kachaka_ws/install/kachaka_interfaces/include/kachaka_interfaces/kachaka_interfaces/action/detail/exec_kachaka_command__builder.hpp
[6.509s] -- Installing: /home/yuto/kachaka_ws/install/kachaka_interfaces/include/kachaka_interfaces/kachaka_interfaces/action/exec_kachaka_command.hpp
[6.509s] -- Up-to-date: /home/yuto/kachaka_ws/install/kachaka_interfaces/include/kachaka_interfaces/kachaka_interfaces
[6.509s] -- Up-to-date: /home/yuto/kachaka_ws/install/kachaka_interfaces/include/kachaka_interfaces/kachaka_interfaces/msg
[6.509s] -- Installing: /home/yuto/kachaka_ws/install/kachaka_interfaces/include/kachaka_interfaces/kachaka_interfaces/msg/rosidl_typesupport_fastrtps_cpp__visibility_control.h
[6.509s] -- Up-to-date: /home/yuto/kachaka_ws/install/kachaka_interfaces/include/kachaka_interfaces/kachaka_interfaces/msg/detail
[6.509s] -- Installing: /home/yuto/kachaka_ws/install/kachaka_interfaces/include/kachaka_interfaces/kachaka_interfaces/msg/detail/location_list__rosidl_typesupport_fastrtps_cpp.hpp
[6.509s] -- Installing: /home/yuto/kachaka_ws/install/kachaka_interfaces/include/kachaka_interfaces/kachaka_interfaces/msg/detail/dds_fastrtps
[6.509s] -- Installing: /home/yuto/kachaka_ws/install/kachaka_interfaces/include/kachaka_interfaces/kachaka_interfaces/msg/detail/object_detection_list_stamped__rosidl_typesupport_fastrtps_cpp.hpp
[6.509s] -- Installing: /home/yuto/kachaka_ws/install/kachaka_interfaces/include/kachaka_interfaces/kachaka_interfaces/msg/detail/object_detection__rosidl_typesupport_fastrtps_cpp.hpp
[6.509s] -- Installing: /home/yuto/kachaka_ws/install/kachaka_interfaces/include/kachaka_interfaces/kachaka_interfaces/msg/detail/location__rosidl_typesupport_fastrtps_cpp.hpp
[6.510s] -- Installing: /home/yuto/kachaka_ws/install/kachaka_interfaces/include/kachaka_interfaces/kachaka_interfaces/msg/detail/shelf_list__rosidl_typesupport_fastrtps_cpp.hpp
[6.510s] -- Installing: /home/yuto/kachaka_ws/install/kachaka_interfaces/include/kachaka_interfaces/kachaka_interfaces/msg/detail/kachaka_command__rosidl_typesupport_fastrtps_cpp.hpp
[6.510s] -- Installing: /home/yuto/kachaka_ws/install/kachaka_interfaces/include/kachaka_interfaces/kachaka_interfaces/msg/detail/shelf_size__rosidl_typesupport_fastrtps_cpp.hpp
[6.510s] -- Installing: /home/yuto/kachaka_ws/install/kachaka_interfaces/include/kachaka_interfaces/kachaka_interfaces/msg/detail/shelf__rosidl_typesupport_fastrtps_cpp.hpp
[6.510s] -- Up-to-date: /home/yuto/kachaka_ws/install/kachaka_interfaces/include/kachaka_interfaces/kachaka_interfaces/action
[6.510s] -- Up-to-date: /home/yuto/kachaka_ws/install/kachaka_interfaces/include/kachaka_interfaces/kachaka_interfaces/action/detail
[6.510s] -- Installing: /home/yuto/kachaka_ws/install/kachaka_interfaces/include/kachaka_interfaces/kachaka_interfaces/action/detail/dds_fastrtps
[6.510s] -- Installing: /home/yuto/kachaka_ws/install/kachaka_interfaces/include/kachaka_interfaces/kachaka_interfaces/action/detail/exec_kachaka_command__rosidl_typesupport_fastrtps_cpp.hpp
[6.510s] -- Installing: /home/yuto/kachaka_ws/install/kachaka_interfaces/lib/libkachaka_interfaces__rosidl_typesupport_fastrtps_cpp.so
[6.510s] -- Set runtime path of "/home/yuto/kachaka_ws/install/kachaka_interfaces/lib/libkachaka_interfaces__rosidl_typesupport_fastrtps_cpp.so" to ""
[6.510s] -- Up-to-date: /home/yuto/kachaka_ws/install/kachaka_interfaces/include/kachaka_interfaces/kachaka_interfaces
[6.510s] -- Up-to-date: /home/yuto/kachaka_ws/install/kachaka_interfaces/include/kachaka_interfaces/kachaka_interfaces/msg
[6.510s] -- Installing: /home/yuto/kachaka_ws/install/kachaka_interfaces/include/kachaka_interfaces/kachaka_interfaces/msg/rosidl_typesupport_introspection_c__visibility_control.h
[6.510s] -- Up-to-date: /home/yuto/kachaka_ws/install/kachaka_interfaces/include/kachaka_interfaces/kachaka_interfaces/msg/detail
[6.510s] -- Installing: /home/yuto/kachaka_ws/install/kachaka_interfaces/include/kachaka_interfaces/kachaka_interfaces/msg/detail/shelf_list__rosidl_typesupport_introspection_c.h
[6.510s] -- Installing: /home/yuto/kachaka_ws/install/kachaka_interfaces/include/kachaka_interfaces/kachaka_interfaces/msg/detail/location_list__rosidl_typesupport_introspection_c.h
[6.510s] -- Installing: /home/yuto/kachaka_ws/install/kachaka_interfaces/include/kachaka_interfaces/kachaka_interfaces/msg/detail/shelf__type_support.c
[6.511s] -- Installing: /home/yuto/kachaka_ws/install/kachaka_interfaces/include/kachaka_interfaces/kachaka_interfaces/msg/detail/location__type_support.c
[6.511s] -- Installing: /home/yuto/kachaka_ws/install/kachaka_interfaces/include/kachaka_interfaces/kachaka_interfaces/msg/detail/shelf__rosidl_typesupport_introspection_c.h
[6.511s] -- Installing: /home/yuto/kachaka_ws/install/kachaka_interfaces/include/kachaka_interfaces/kachaka_interfaces/msg/detail/object_detection__rosidl_typesupport_introspection_c.h
[6.511s] -- Installing: /home/yuto/kachaka_ws/install/kachaka_interfaces/include/kachaka_interfaces/kachaka_interfaces/msg/detail/shelf_list__type_support.c
[6.511s] -- Installing: /home/yuto/kachaka_ws/install/kachaka_interfaces/include/kachaka_interfaces/kachaka_interfaces/msg/detail/object_detection__type_support.c
[6.511s] -- Installing: /home/yuto/kachaka_ws/install/kachaka_interfaces/include/kachaka_interfaces/kachaka_interfaces/msg/detail/shelf_size__type_support.c
[6.511s] -- Installing: /home/yuto/kachaka_ws/install/kachaka_interfaces/include/kachaka_interfaces/kachaka_interfaces/msg/detail/kachaka_command__rosidl_typesupport_introspection_c.h
[6.511s] -- Installing: /home/yuto/kachaka_ws/install/kachaka_interfaces/include/kachaka_interfaces/kachaka_interfaces/msg/detail/location_list__type_support.c
[6.511s] -- Installing: /home/yuto/kachaka_ws/install/kachaka_interfaces/include/kachaka_interfaces/kachaka_interfaces/msg/detail/object_detection_list_stamped__type_support.c
[6.511s] -- Installing: /home/yuto/kachaka_ws/install/kachaka_interfaces/include/kachaka_interfaces/kachaka_interfaces/msg/detail/kachaka_command__type_support.c
[6.511s] -- Installing: /home/yuto/kachaka_ws/install/kachaka_interfaces/include/kachaka_interfaces/kachaka_interfaces/msg/detail/location__rosidl_typesupport_introspection_c.h
[6.511s] -- Installing: /home/yuto/kachaka_ws/install/kachaka_interfaces/include/kachaka_interfaces/kachaka_interfaces/msg/detail/shelf_size__rosidl_typesupport_introspection_c.h
[6.511s] -- Installing: /home/yuto/kachaka_ws/install/kachaka_interfaces/include/kachaka_interfaces/kachaka_interfaces/msg/detail/object_detection_list_stamped__rosidl_typesupport_introspection_c.h
[6.511s] -- Up-to-date: /home/yuto/kachaka_ws/install/kachaka_interfaces/include/kachaka_interfaces/kachaka_interfaces/action
[6.511s] -- Up-to-date: /home/yuto/kachaka_ws/install/kachaka_interfaces/include/kachaka_interfaces/kachaka_interfaces/action/detail
[6.511s] -- Installing: /home/yuto/kachaka_ws/install/kachaka_interfaces/include/kachaka_interfaces/kachaka_interfaces/action/detail/exec_kachaka_command__type_support.c
[6.512s] -- Installing: /home/yuto/kachaka_ws/install/kachaka_interfaces/include/kachaka_interfaces/kachaka_interfaces/action/detail/exec_kachaka_command__rosidl_typesupport_introspection_c.h
[6.512s] -- Installing: /home/yuto/kachaka_ws/install/kachaka_interfaces/lib/libkachaka_interfaces__rosidl_typesupport_introspection_c.so
[6.512s] -- Set runtime path of "/home/yuto/kachaka_ws/install/kachaka_interfaces/lib/libkachaka_interfaces__rosidl_typesupport_introspection_c.so" to ""
[6.512s] -- Installing: /home/yuto/kachaka_ws/install/kachaka_interfaces/lib/libkachaka_interfaces__rosidl_typesupport_c.so
[6.512s] -- Set runtime path of "/home/yuto/kachaka_ws/install/kachaka_interfaces/lib/libkachaka_interfaces__rosidl_typesupport_c.so" to ""
[6.512s] -- Up-to-date: /home/yuto/kachaka_ws/install/kachaka_interfaces/include/kachaka_interfaces/kachaka_interfaces
[6.512s] -- Up-to-date: /home/yuto/kachaka_ws/install/kachaka_interfaces/include/kachaka_interfaces/kachaka_interfaces/msg
[6.512s] -- Up-to-date: /home/yuto/kachaka_ws/install/kachaka_interfaces/include/kachaka_interfaces/kachaka_interfaces/msg/detail
[6.512s] -- Installing: /home/yuto/kachaka_ws/install/kachaka_interfaces/include/kachaka_interfaces/kachaka_interfaces/msg/detail/shelf__type_support.cpp
[6.512s] -- Installing: /home/yuto/kachaka_ws/install/kachaka_interfaces/include/kachaka_interfaces/kachaka_interfaces/msg/detail/object_detection__type_support.cpp
[6.512s] -- Installing: /home/yuto/kachaka_ws/install/kachaka_interfaces/include/kachaka_interfaces/kachaka_interfaces/msg/detail/shelf_size__rosidl_typesupport_introspection_cpp.hpp
[6.512s] -- Installing: /home/yuto/kachaka_ws/install/kachaka_interfaces/include/kachaka_interfaces/kachaka_interfaces/msg/detail/shelf_list__type_support.cpp
[6.512s] -- Installing: /home/yuto/kachaka_ws/install/kachaka_interfaces/include/kachaka_interfaces/kachaka_interfaces/msg/detail/kachaka_command__rosidl_typesupport_introspection_cpp.hpp
[6.512s] -- Installing: /home/yuto/kachaka_ws/install/kachaka_interfaces/include/kachaka_interfaces/kachaka_interfaces/msg/detail/shelf__rosidl_typesupport_introspection_cpp.hpp
[6.512s] -- Installing: /home/yuto/kachaka_ws/install/kachaka_interfaces/include/kachaka_interfaces/kachaka_interfaces/msg/detail/location__type_support.cpp
[6.512s] -- Installing: /home/yuto/kachaka_ws/install/kachaka_interfaces/include/kachaka_interfaces/kachaka_interfaces/msg/detail/shelf_size__type_support.cpp
[6.512s] -- Installing: /home/yuto/kachaka_ws/install/kachaka_interfaces/include/kachaka_interfaces/kachaka_interfaces/msg/detail/location__rosidl_typesupport_introspection_cpp.hpp
[6.512s] -- Installing: /home/yuto/kachaka_ws/install/kachaka_interfaces/include/kachaka_interfaces/kachaka_interfaces/msg/detail/object_detection_list_stamped__rosidl_typesupport_introspection_cpp.hpp
[6.512s] -- Installing: /home/yuto/kachaka_ws/install/kachaka_interfaces/include/kachaka_interfaces/kachaka_interfaces/msg/detail/location_list__type_support.cpp
[6.512s] -- Installing: /home/yuto/kachaka_ws/install/kachaka_interfaces/include/kachaka_interfaces/kachaka_interfaces/msg/detail/location_list__rosidl_typesupport_introspection_cpp.hpp
[6.512s] -- Installing: /home/yuto/kachaka_ws/install/kachaka_interfaces/include/kachaka_interfaces/kachaka_interfaces/msg/detail/object_detection__rosidl_typesupport_introspection_cpp.hpp
[6.512s] -- Installing: /home/yuto/kachaka_ws/install/kachaka_interfaces/include/kachaka_interfaces/kachaka_interfaces/msg/detail/kachaka_command__type_support.cpp
[6.512s] -- Installing: /home/yuto/kachaka_ws/install/kachaka_interfaces/include/kachaka_interfaces/kachaka_interfaces/msg/detail/shelf_list__rosidl_typesupport_introspection_cpp.hpp
[6.512s] -- Installing: /home/yuto/kachaka_ws/install/kachaka_interfaces/include/kachaka_interfaces/kachaka_interfaces/msg/detail/object_detection_list_stamped__type_support.cpp
[6.513s] -- Up-to-date: /home/yuto/kachaka_ws/install/kachaka_interfaces/include/kachaka_interfaces/kachaka_interfaces/action
[6.513s] -- Up-to-date: /home/yuto/kachaka_ws/install/kachaka_interfaces/include/kachaka_interfaces/kachaka_interfaces/action/detail
[6.513s] -- Installing: /home/yuto/kachaka_ws/install/kachaka_interfaces/include/kachaka_interfaces/kachaka_interfaces/action/detail/exec_kachaka_command__type_support.cpp
[6.513s] -- Installing: /home/yuto/kachaka_ws/install/kachaka_interfaces/include/kachaka_interfaces/kachaka_interfaces/action/detail/exec_kachaka_command__rosidl_typesupport_introspection_cpp.hpp
[6.513s] -- Installing: /home/yuto/kachaka_ws/install/kachaka_interfaces/lib/libkachaka_interfaces__rosidl_typesupport_introspection_cpp.so
[6.513s] -- Set runtime path of "/home/yuto/kachaka_ws/install/kachaka_interfaces/lib/libkachaka_interfaces__rosidl_typesupport_introspection_cpp.so" to ""
[6.513s] -- Installing: /home/yuto/kachaka_ws/install/kachaka_interfaces/lib/libkachaka_interfaces__rosidl_typesupport_cpp.so
[6.513s] -- Set runtime path of "/home/yuto/kachaka_ws/install/kachaka_interfaces/lib/libkachaka_interfaces__rosidl_typesupport_cpp.so" to ""
[6.513s] -- Installing: /home/yuto/kachaka_ws/install/kachaka_interfaces/share/kachaka_interfaces/environment/pythonpath.sh
[6.513s] -- Installing: /home/yuto/kachaka_ws/install/kachaka_interfaces/share/kachaka_interfaces/environment/pythonpath.dsv
[6.513s] -- Installing: /home/yuto/kachaka_ws/install/kachaka_interfaces/local/lib/python3.10/dist-packages/kachaka_interfaces-0.0.0-py3.10.egg-info
[6.513s] -- Installing: /home/yuto/kachaka_ws/install/kachaka_interfaces/local/lib/python3.10/dist-packages/kachaka_interfaces-0.0.0-py3.10.egg-info/SOURCES.txt
[6.513s] -- Installing: /home/yuto/kachaka_ws/install/kachaka_interfaces/local/lib/python3.10/dist-packages/kachaka_interfaces-0.0.0-py3.10.egg-info/top_level.txt
[6.513s] -- Installing: /home/yuto/kachaka_ws/install/kachaka_interfaces/local/lib/python3.10/dist-packages/kachaka_interfaces-0.0.0-py3.10.egg-info/PKG-INFO
[6.513s] -- Installing: /home/yuto/kachaka_ws/install/kachaka_interfaces/local/lib/python3.10/dist-packages/kachaka_interfaces-0.0.0-py3.10.egg-info/dependency_links.txt
[6.513s] -- Installing: /home/yuto/kachaka_ws/install/kachaka_interfaces/local/lib/python3.10/dist-packages/kachaka_interfaces
[6.513s] -- Installing: /home/yuto/kachaka_ws/install/kachaka_interfaces/local/lib/python3.10/dist-packages/kachaka_interfaces/_kachaka_interfaces_s.ep.rosidl_typesupport_introspection_c.c
[6.513s] -- Installing: /home/yuto/kachaka_ws/install/kachaka_interfaces/local/lib/python3.10/dist-packages/kachaka_interfaces/_kachaka_interfaces_s.ep.rosidl_typesupport_c.c
[6.513s] -- Installing: /home/yuto/kachaka_ws/install/kachaka_interfaces/local/lib/python3.10/dist-packages/kachaka_interfaces/__init__.py
[6.513s] -- Installing: /home/yuto/kachaka_ws/install/kachaka_interfaces/local/lib/python3.10/dist-packages/kachaka_interfaces/kachaka_interfaces_s__rosidl_typesupport_c.cpython-310-x86_64-linux-gnu.so
[6.513s] -- Installing: /home/yuto/kachaka_ws/install/kachaka_interfaces/local/lib/python3.10/dist-packages/kachaka_interfaces/_kachaka_interfaces_s.ep.rosidl_typesupport_fastrtps_c.c
[6.513s] -- Installing: /home/yuto/kachaka_ws/install/kachaka_interfaces/local/lib/python3.10/dist-packages/kachaka_interfaces/msg
[6.513s] -- Installing: /home/yuto/kachaka_ws/install/kachaka_interfaces/local/lib/python3.10/dist-packages/kachaka_interfaces/msg/_shelf_list.py
[6.513s] -- Installing: /home/yuto/kachaka_ws/install/kachaka_interfaces/local/lib/python3.10/dist-packages/kachaka_interfaces/msg/_shelf_size_s.c
[6.513s] -- Installing: /home/yuto/kachaka_ws/install/kachaka_interfaces/local/lib/python3.10/dist-packages/kachaka_interfaces/msg/_location_list_s.c
[6.513s] -- Installing: /home/yuto/kachaka_ws/install/kachaka_interfaces/local/lib/python3.10/dist-packages/kachaka_interfaces/msg/_object_detection_s.c
[6.513s] -- Installing: /home/yuto/kachaka_ws/install/kachaka_interfaces/local/lib/python3.10/dist-packages/kachaka_interfaces/msg/__init__.py
[6.513s] -- Installing: /home/yuto/kachaka_ws/install/kachaka_interfaces/local/lib/python3.10/dist-packages/kachaka_interfaces/msg/_object_detection_list_stamped.py
[6.513s] -- Installing: /home/yuto/kachaka_ws/install/kachaka_interfaces/local/lib/python3.10/dist-packages/kachaka_interfaces/msg/_kachaka_command.py
[6.513s] -- Installing: /home/yuto/kachaka_ws/install/kachaka_interfaces/local/lib/python3.10/dist-packages/kachaka_interfaces/msg/_location_s.c
[6.513s] -- Installing: /home/yuto/kachaka_ws/install/kachaka_interfaces/local/lib/python3.10/dist-packages/kachaka_interfaces/msg/_kachaka_command_s.c
[6.513s] -- Installing: /home/yuto/kachaka_ws/install/kachaka_interfaces/local/lib/python3.10/dist-packages/kachaka_interfaces/msg/_shelf_s.c
[6.513s] -- Installing: /home/yuto/kachaka_ws/install/kachaka_interfaces/local/lib/python3.10/dist-packages/kachaka_interfaces/msg/_shelf.py
[6.513s] -- Installing: /home/yuto/kachaka_ws/install/kachaka_interfaces/local/lib/python3.10/dist-packages/kachaka_interfaces/msg/_location.py
[6.513s] -- Installing: /home/yuto/kachaka_ws/install/kachaka_interfaces/local/lib/python3.10/dist-packages/kachaka_interfaces/msg/_object_detection_list_stamped_s.c
[6.513s] -- Installing: /home/yuto/kachaka_ws/install/kachaka_interfaces/local/lib/python3.10/dist-packages/kachaka_interfaces/msg/_shelf_size.py
[6.513s] -- Installing: /home/yuto/kachaka_ws/install/kachaka_interfaces/local/lib/python3.10/dist-packages/kachaka_interfaces/msg/_object_detection.py
[6.513s] -- Installing: /home/yuto/kachaka_ws/install/kachaka_interfaces/local/lib/python3.10/dist-packages/kachaka_interfaces/msg/_location_list.py
[6.513s] -- Installing: /home/yuto/kachaka_ws/install/kachaka_interfaces/local/lib/python3.10/dist-packages/kachaka_interfaces/msg/_shelf_list_s.c
[6.513s] -- Installing: /home/yuto/kachaka_ws/install/kachaka_interfaces/local/lib/python3.10/dist-packages/kachaka_interfaces/libkachaka_interfaces__rosidl_generator_py.so
[6.513s] -- Installing: /home/yuto/kachaka_ws/install/kachaka_interfaces/local/lib/python3.10/dist-packages/kachaka_interfaces/kachaka_interfaces_s__rosidl_typesupport_fastrtps_c.cpython-310-x86_64-linux-gnu.so
[6.514s] -- Installing: /home/yuto/kachaka_ws/install/kachaka_interfaces/local/lib/python3.10/dist-packages/kachaka_interfaces/kachaka_interfaces_s__rosidl_typesupport_introspection_c.cpython-310-x86_64-linux-gnu.so
[6.514s] -- Installing: /home/yuto/kachaka_ws/install/kachaka_interfaces/local/lib/python3.10/dist-packages/kachaka_interfaces/action
[6.514s] -- Installing: /home/yuto/kachaka_ws/install/kachaka_interfaces/local/lib/python3.10/dist-packages/kachaka_interfaces/action/_exec_kachaka_command.py
[6.514s] -- Installing: /home/yuto/kachaka_ws/install/kachaka_interfaces/local/lib/python3.10/dist-packages/kachaka_interfaces/action/__init__.py
[6.514s] -- Installing: /home/yuto/kachaka_ws/install/kachaka_interfaces/local/lib/python3.10/dist-packages/kachaka_interfaces/action/_exec_kachaka_command_s.c
[6.536s] Listing '/home/yuto/kachaka_ws/install/kachaka_interfaces/local/lib/python3.10/dist-packages/kachaka_interfaces'...
[6.536s] Compiling '/home/yuto/kachaka_ws/install/kachaka_interfaces/local/lib/python3.10/dist-packages/kachaka_interfaces/__init__.py'...
[6.536s] Listing '/home/yuto/kachaka_ws/install/kachaka_interfaces/local/lib/python3.10/dist-packages/kachaka_interfaces/action'...
[6.536s] Compiling '/home/yuto/kachaka_ws/install/kachaka_interfaces/local/lib/python3.10/dist-packages/kachaka_interfaces/action/__init__.py'...
[6.536s] Compiling '/home/yuto/kachaka_ws/install/kachaka_interfaces/local/lib/python3.10/dist-packages/kachaka_interfaces/action/_exec_kachaka_command.py'...
[6.536s] Listing '/home/yuto/kachaka_ws/install/kachaka_interfaces/local/lib/python3.10/dist-packages/kachaka_interfaces/msg'...
[6.536s] Compiling '/home/yuto/kachaka_ws/install/kachaka_interfaces/local/lib/python3.10/dist-packages/kachaka_interfaces/msg/__init__.py'...
[6.537s] Compiling '/home/yuto/kachaka_ws/install/kachaka_interfaces/local/lib/python3.10/dist-packages/kachaka_interfaces/msg/_kachaka_command.py'...
[6.537s] Compiling '/home/yuto/kachaka_ws/install/kachaka_interfaces/local/lib/python3.10/dist-packages/kachaka_interfaces/msg/_location.py'...
[6.537s] Compiling '/home/yuto/kachaka_ws/install/kachaka_interfaces/local/lib/python3.10/dist-packages/kachaka_interfaces/msg/_location_list.py'...
[6.537s] Compiling '/home/yuto/kachaka_ws/install/kachaka_interfaces/local/lib/python3.10/dist-packages/kachaka_interfaces/msg/_object_detection.py'...
[6.537s] Compiling '/home/yuto/kachaka_ws/install/kachaka_interfaces/local/lib/python3.10/dist-packages/kachaka_interfaces/msg/_object_detection_list_stamped.py'...
[6.537s] Compiling '/home/yuto/kachaka_ws/install/kachaka_interfaces/local/lib/python3.10/dist-packages/kachaka_interfaces/msg/_shelf.py'...
[6.537s] Compiling '/home/yuto/kachaka_ws/install/kachaka_interfaces/local/lib/python3.10/dist-packages/kachaka_interfaces/msg/_shelf_list.py'...
[6.537s] Compiling '/home/yuto/kachaka_ws/install/kachaka_interfaces/local/lib/python3.10/dist-packages/kachaka_interfaces/msg/_shelf_size.py'...
[6.539s] -- Installing: /home/yuto/kachaka_ws/install/kachaka_interfaces/local/lib/python3.10/dist-packages/kachaka_interfaces/kachaka_interfaces_s__rosidl_typesupport_fastrtps_c.cpython-310-x86_64-linux-gnu.so
[6.539s] -- Set runtime path of "/home/yuto/kachaka_ws/install/kachaka_interfaces/local/lib/python3.10/dist-packages/kachaka_interfaces/kachaka_interfaces_s__rosidl_typesupport_fastrtps_c.cpython-310-x86_64-linux-gnu.so" to ""
[6.540s] -- Installing: /home/yuto/kachaka_ws/install/kachaka_interfaces/local/lib/python3.10/dist-packages/kachaka_interfaces/kachaka_interfaces_s__rosidl_typesupport_introspection_c.cpython-310-x86_64-linux-gnu.so
[6.540s] -- Set runtime path of "/home/yuto/kachaka_ws/install/kachaka_interfaces/local/lib/python3.10/dist-packages/kachaka_interfaces/kachaka_interfaces_s__rosidl_typesupport_introspection_c.cpython-310-x86_64-linux-gnu.so" to ""
[6.540s] -- Installing: /home/yuto/kachaka_ws/install/kachaka_interfaces/local/lib/python3.10/dist-packages/kachaka_interfaces/kachaka_interfaces_s__rosidl_typesupport_c.cpython-310-x86_64-linux-gnu.so
[6.540s] -- Set runtime path of "/home/yuto/kachaka_ws/install/kachaka_interfaces/local/lib/python3.10/dist-packages/kachaka_interfaces/kachaka_interfaces_s__rosidl_typesupport_c.cpython-310-x86_64-linux-gnu.so" to ""
[6.540s] -- Installing: /home/yuto/kachaka_ws/install/kachaka_interfaces/lib/libkachaka_interfaces__rosidl_generator_py.so
[6.540s] -- Set runtime path of "/home/yuto/kachaka_ws/install/kachaka_interfaces/lib/libkachaka_interfaces__rosidl_generator_py.so" to ""
[6.540s] -- Installing: /home/yuto/kachaka_ws/install/kachaka_interfaces/share/kachaka_interfaces/action/ExecKachakaCommand.idl
[6.540s] -- Installing: /home/yuto/kachaka_ws/install/kachaka_interfaces/share/kachaka_interfaces/msg/KachakaCommand.idl
[6.540s] -- Installing: /home/yuto/kachaka_ws/install/kachaka_interfaces/share/kachaka_interfaces/msg/Location.idl
[6.541s] -- Installing: /home/yuto/kachaka_ws/install/kachaka_interfaces/share/kachaka_interfaces/msg/LocationList.idl
[6.541s] -- Installing: /home/yuto/kachaka_ws/install/kachaka_interfaces/share/kachaka_interfaces/msg/ObjectDetection.idl
[6.541s] -- Installing: /home/yuto/kachaka_ws/install/kachaka_interfaces/share/kachaka_interfaces/msg/ObjectDetectionListStamped.idl
[6.541s] -- Installing: /home/yuto/kachaka_ws/install/kachaka_interfaces/share/kachaka_interfaces/msg/Shelf.idl
[6.541s] -- Installing: /home/yuto/kachaka_ws/install/kachaka_interfaces/share/kachaka_interfaces/msg/ShelfList.idl
[6.541s] -- Installing: /home/yuto/kachaka_ws/install/kachaka_interfaces/share/kachaka_interfaces/msg/ShelfSize.idl
[6.541s] -- Installing: /home/yuto/kachaka_ws/install/kachaka_interfaces/share/kachaka_interfaces/action/ExecKachakaCommand.action
[6.541s] -- Installing: /home/yuto/kachaka_ws/install/kachaka_interfaces/share/kachaka_interfaces/msg/KachakaCommand.msg
[6.542s] -- Installing: /home/yuto/kachaka_ws/install/kachaka_interfaces/share/kachaka_interfaces/msg/Location.msg
[6.542s] -- Installing: /home/yuto/kachaka_ws/install/kachaka_interfaces/share/kachaka_interfaces/msg/LocationList.msg
[6.542s] -- Installing: /home/yuto/kachaka_ws/install/kachaka_interfaces/share/kachaka_interfaces/msg/ObjectDetection.msg
[6.542s] -- Installing: /home/yuto/kachaka_ws/install/kachaka_interfaces/share/kachaka_interfaces/msg/ObjectDetectionListStamped.msg
[6.542s] -- Installing: /home/yuto/kachaka_ws/install/kachaka_interfaces/share/kachaka_interfaces/msg/Shelf.msg
[6.542s] -- Installing: /home/yuto/kachaka_ws/install/kachaka_interfaces/share/kachaka_interfaces/msg/ShelfList.msg
[6.542s] -- Installing: /home/yuto/kachaka_ws/install/kachaka_interfaces/share/kachaka_interfaces/msg/ShelfSize.msg
[6.542s] -- Installing: /home/yuto/kachaka_ws/install/kachaka_interfaces/share/ament_index/resource_index/package_run_dependencies/kachaka_interfaces
[6.543s] -- Installing: /home/yuto/kachaka_ws/install/kachaka_interfaces/share/ament_index/resource_index/parent_prefix_path/kachaka_interfaces
[6.543s] -- Installing: /home/yuto/kachaka_ws/install/kachaka_interfaces/share/kachaka_interfaces/environment/ament_prefix_path.sh
[6.543s] -- Installing: /home/yuto/kachaka_ws/install/kachaka_interfaces/share/kachaka_interfaces/environment/ament_prefix_path.dsv
[6.543s] -- Installing: /home/yuto/kachaka_ws/install/kachaka_interfaces/share/kachaka_interfaces/environment/path.sh
[6.543s] -- Installing: /home/yuto/kachaka_ws/install/kachaka_interfaces/share/kachaka_interfaces/environment/path.dsv
[6.543s] -- Installing: /home/yuto/kachaka_ws/install/kachaka_interfaces/share/kachaka_interfaces/local_setup.bash
[6.543s] -- Installing: /home/yuto/kachaka_ws/install/kachaka_interfaces/share/kachaka_interfaces/local_setup.sh
[6.543s] -- Installing: /home/yuto/kachaka_ws/install/kachaka_interfaces/share/kachaka_interfaces/local_setup.zsh
[6.543s] -- Installing: /home/yuto/kachaka_ws/install/kachaka_interfaces/share/kachaka_interfaces/local_setup.dsv
[6.543s] -- Installing: /home/yuto/kachaka_ws/install/kachaka_interfaces/share/kachaka_interfaces/package.dsv
[6.543s] -- Installing: /home/yuto/kachaka_ws/install/kachaka_interfaces/share/ament_index/resource_index/packages/kachaka_interfaces
[6.543s] -- Installing: /home/yuto/kachaka_ws/install/kachaka_interfaces/share/kachaka_interfaces/cmake/export_kachaka_interfaces__rosidl_generator_cExport.cmake
[6.543s] -- Installing: /home/yuto/kachaka_ws/install/kachaka_interfaces/share/kachaka_interfaces/cmake/export_kachaka_interfaces__rosidl_generator_cExport-noconfig.cmake
[6.544s] -- Installing: /home/yuto/kachaka_ws/install/kachaka_interfaces/share/kachaka_interfaces/cmake/export_kachaka_interfaces__rosidl_typesupport_fastrtps_cExport.cmake
[6.544s] -- Installing: /home/yuto/kachaka_ws/install/kachaka_interfaces/share/kachaka_interfaces/cmake/export_kachaka_interfaces__rosidl_typesupport_fastrtps_cExport-noconfig.cmake
[6.544s] -- Installing: /home/yuto/kachaka_ws/install/kachaka_interfaces/share/kachaka_interfaces/cmake/export_kachaka_interfaces__rosidl_generator_cppExport.cmake
[6.544s] -- Installing: /home/yuto/kachaka_ws/install/kachaka_interfaces/share/kachaka_interfaces/cmake/export_kachaka_interfaces__rosidl_typesupport_fastrtps_cppExport.cmake
[6.544s] -- Installing: /home/yuto/kachaka_ws/install/kachaka_interfaces/share/kachaka_interfaces/cmake/export_kachaka_interfaces__rosidl_typesupport_fastrtps_cppExport-noconfig.cmake
[6.545s] -- Installing: /home/yuto/kachaka_ws/install/kachaka_interfaces/share/kachaka_interfaces/cmake/kachaka_interfaces__rosidl_typesupport_introspection_cExport.cmake
[6.545s] -- Installing: /home/yuto/kachaka_ws/install/kachaka_interfaces/share/kachaka_interfaces/cmake/kachaka_interfaces__rosidl_typesupport_introspection_cExport-noconfig.cmake
[6.545s] -- Installing: /home/yuto/kachaka_ws/install/kachaka_interfaces/share/kachaka_interfaces/cmake/kachaka_interfaces__rosidl_typesupport_cExport.cmake
[6.545s] -- Installing: /home/yuto/kachaka_ws/install/kachaka_interfaces/share/kachaka_interfaces/cmake/kachaka_interfaces__rosidl_typesupport_cExport-noconfig.cmake
[6.545s] -- Installing: /home/yuto/kachaka_ws/install/kachaka_interfaces/share/kachaka_interfaces/cmake/kachaka_interfaces__rosidl_typesupport_introspection_cppExport.cmake
[6.545s] -- Installing: /home/yuto/kachaka_ws/install/kachaka_interfaces/share/kachaka_interfaces/cmake/kachaka_interfaces__rosidl_typesupport_introspection_cppExport-noconfig.cmake
[6.545s] -- Installing: /home/yuto/kachaka_ws/install/kachaka_interfaces/share/kachaka_interfaces/cmake/kachaka_interfaces__rosidl_typesupport_cppExport.cmake
[6.545s] -- Installing: /home/yuto/kachaka_ws/install/kachaka_interfaces/share/kachaka_interfaces/cmake/kachaka_interfaces__rosidl_typesupport_cppExport-noconfig.cmake
[6.545s] -- Installing: /home/yuto/kachaka_ws/install/kachaka_interfaces/share/kachaka_interfaces/cmake/export_kachaka_interfaces__rosidl_generator_pyExport.cmake
[6.545s] -- Installing: /home/yuto/kachaka_ws/install/kachaka_interfaces/share/kachaka_interfaces/cmake/export_kachaka_interfaces__rosidl_generator_pyExport-noconfig.cmake
[6.545s] -- Installing: /home/yuto/kachaka_ws/install/kachaka_interfaces/share/kachaka_interfaces/cmake/rosidl_cmake-extras.cmake
[6.545s] -- Installing: /home/yuto/kachaka_ws/install/kachaka_interfaces/share/kachaka_interfaces/cmake/ament_cmake_export_dependencies-extras.cmake
[6.545s] -- Installing: /home/yuto/kachaka_ws/install/kachaka_interfaces/share/kachaka_interfaces/cmake/ament_cmake_export_include_directories-extras.cmake
[6.545s] -- Installing: /home/yuto/kachaka_ws/install/kachaka_interfaces/share/kachaka_interfaces/cmake/ament_cmake_export_libraries-extras.cmake
[6.545s] -- Installing: /home/yuto/kachaka_ws/install/kachaka_interfaces/share/kachaka_interfaces/cmake/ament_cmake_export_targets-extras.cmake
[6.545s] -- Installing: /home/yuto/kachaka_ws/install/kachaka_interfaces/share/kachaka_interfaces/cmake/rosidl_cmake_export_typesupport_targets-extras.cmake
[6.545s] -- Installing: /home/yuto/kachaka_ws/install/kachaka_interfaces/share/kachaka_interfaces/cmake/rosidl_cmake_export_typesupport_libraries-extras.cmake
[6.545s] -- Installing: /home/yuto/kachaka_ws/install/kachaka_interfaces/share/kachaka_interfaces/cmake/kachaka_interfacesConfig.cmake
[6.545s] -- Installing: /home/yuto/kachaka_ws/install/kachaka_interfaces/share/kachaka_interfaces/cmake/kachaka_interfacesConfig-version.cmake
[6.545s] -- Installing: /home/yuto/kachaka_ws/install/kachaka_interfaces/share/kachaka_interfaces/package.xml
[6.546s] Invoked command in '/home/yuto/kachaka_ws/build/kachaka_interfaces' returned '0': CMAKE_PREFIX_PATH=/opt/ros/humble /usr/bin/cmake --install /home/yuto/kachaka_ws/build/kachaka_interfaces
