[0.423s] Invoking command in '/home/yuto/kachaka_ws/src/kachaka_follow': AMENT_PREFIX_PATH=/home/yuto/kachaka_ws/install/kachaka_interfaces:${AMENT_PREFIX_PATH} CMAKE_PREFIX_PATH=/home/yuto/kachaka_ws/install/kachaka_interfaces LD_LIBRARY_PATH=/home/yuto/kachaka_ws/install/kachaka_interfaces/lib:${LD_LIBRARY_PATH} PYTHONPATH=/home/yuto/kachaka_ws/build/kachaka_follow/prefix_override:/home/yuto/kachaka_ws/install/kachaka_follow/lib/python3.10/site-packages:/home/yuto/kachaka_ws/install/kachaka_interfaces/local/lib/python3.10/dist-packages:${PYTHONPATH} /usr/bin/python3 setup.py egg_info --egg-base ../../build/kachaka_follow build --build-base /home/yuto/kachaka_ws/build/kachaka_follow/build install --record /home/yuto/kachaka_ws/build/kachaka_follow/install.log --single-version-externally-managed
[0.567s] running egg_info
[0.568s] writing ../../build/kachaka_follow/kachaka_follow.egg-info/PKG-INFO
[0.568s] writing dependency_links to ../../build/kachaka_follow/kachaka_follow.egg-info/dependency_links.txt
[0.568s] writing entry points to ../../build/kachaka_follow/kachaka_follow.egg-info/entry_points.txt
[0.568s] writing requirements to ../../build/kachaka_follow/kachaka_follow.egg-info/requires.txt
[0.568s] writing top-level names to ../../build/kachaka_follow/kachaka_follow.egg-info/top_level.txt
[0.569s] reading manifest file '../../build/kachaka_follow/kachaka_follow.egg-info/SOURCES.txt'
[0.569s] writing manifest file '../../build/kachaka_follow/kachaka_follow.egg-info/SOURCES.txt'
[0.569s] running build
[0.570s] running build_py
[0.570s] running install
[0.570s] running install_lib
[0.570s] running install_data
[0.570s] running install_egg_info
[0.572s] removing '/home/yuto/kachaka_ws/install/kachaka_follow/lib/python3.10/site-packages/kachaka_follow-0.0.0-py3.10.egg-info' (and everything under it)
[0.572s] Copying ../../build/kachaka_follow/kachaka_follow.egg-info to /home/yuto/kachaka_ws/install/kachaka_follow/lib/python3.10/site-packages/kachaka_follow-0.0.0-py3.10.egg-info
[0.572s] running install_scripts
[0.585s] Installing follow script to /home/yuto/kachaka_ws/install/kachaka_follow/lib/kachaka_follow
[0.585s] writing list of installed files to '/home/yuto/kachaka_ws/build/kachaka_follow/install.log'
[0.603s] Invoked command in '/home/yuto/kachaka_ws/src/kachaka_follow' returned '0': AMENT_PREFIX_PATH=/home/yuto/kachaka_ws/install/kachaka_interfaces:${AMENT_PREFIX_PATH} CMAKE_PREFIX_PATH=/home/yuto/kachaka_ws/install/kachaka_interfaces LD_LIBRARY_PATH=/home/yuto/kachaka_ws/install/kachaka_interfaces/lib:${LD_LIBRARY_PATH} PYTHONPATH=/home/yuto/kachaka_ws/build/kachaka_follow/prefix_override:/home/yuto/kachaka_ws/install/kachaka_follow/lib/python3.10/site-packages:/home/yuto/kachaka_ws/install/kachaka_interfaces/local/lib/python3.10/dist-packages:${PYTHONPATH} /usr/bin/python3 setup.py egg_info --egg-base ../../build/kachaka_follow build --build-base /home/yuto/kachaka_ws/build/kachaka_follow/build install --record /home/yuto/kachaka_ws/build/kachaka_follow/install.log --single-version-externally-managed
