[0.515s] DEBUG:colcon:Command line arguments: ['/usr/bin/colcon', 'build']
[0.515s] DEBUG:colcon:Parsed command line arguments: Namespace(log_base=None, log_level=None, verb_name='build', build_base='build', install_base='install', merge_install=False, symlink_install=False, test_result_base=None, continue_on_error=False, executor='parallel', parallel_workers=12, event_handlers=None, ignore_user_meta=False, metas=['./colcon.meta'], base_paths=['.'], packages_ignore=None, packages_ignore_regex=None, paths=None, packages_up_to=None, packages_up_to_regex=None, packages_above=None, packages_above_and_dependencies=None, packages_above_depth=None, packages_select_by_dep=None, packages_skip_by_dep=None, packages_skip_up_to=None, packages_select_build_failed=False, packages_skip_build_finished=False, packages_select_test_failures=False, packages_skip_test_passed=False, packages_select=None, packages_skip=None, packages_select_regex=None, packages_skip_regex=None, packages_start=None, packages_end=None, allow_overriding=[], cmake_args=None, cmake_target=None, cmake_target_skip_unavailable=False, cmake_clean_cache=False, cmake_clean_first=False, cmake_force_configure=False, ament_cmake_args=None, catkin_cmake_args=None, catkin_skip_building_tests=False, verb_parser=<colcon_defaults.argument_parser.defaults.DefaultArgumentsDecorator object at 0x7f8b57c9c130>, verb_extension=<colcon_core.verb.build.BuildVerb object at 0x7f8b57f16080>, main=<bound method BuildVerb.main of <colcon_core.verb.build.BuildVerb object at 0x7f8b57f16080>>)
[0.539s] Level 1:colcon.colcon_core.package_discovery:discover_packages(colcon_meta) check parameters
[0.540s] Level 1:colcon.colcon_core.package_discovery:discover_packages(recursive) check parameters
[0.540s] Level 1:colcon.colcon_core.package_discovery:discover_packages(ignore) check parameters
[0.540s] Level 1:colcon.colcon_core.package_discovery:discover_packages(path) check parameters
[0.540s] Level 1:colcon.colcon_core.package_discovery:discover_packages(colcon_meta) discover
[0.540s] Level 1:colcon.colcon_core.package_discovery:discover_packages(recursive) discover
[0.540s] INFO:colcon.colcon_core.package_discovery:Crawling recursively for packages in '/home/yuto/kachaka_ws'
[0.540s] Level 1:colcon.colcon_core.package_identification:_identify(.) by extensions ['ignore', 'ignore_ament_install']
[0.540s] Level 1:colcon.colcon_core.package_identification:_identify(.) by extension 'ignore'
[0.540s] Level 1:colcon.colcon_core.package_identification:_identify(.) by extension 'ignore_ament_install'
[0.540s] Level 1:colcon.colcon_core.package_identification:_identify(.) by extensions ['colcon_pkg']
[0.540s] Level 1:colcon.colcon_core.package_identification:_identify(.) by extension 'colcon_pkg'
[0.540s] Level 1:colcon.colcon_core.package_identification:_identify(.) by extensions ['colcon_meta']
[0.540s] Level 1:colcon.colcon_core.package_identification:_identify(.) by extension 'colcon_meta'
[0.540s] Level 1:colcon.colcon_core.package_identification:_identify(.) by extensions ['ros']
[0.540s] Level 1:colcon.colcon_core.package_identification:_identify(.) by extension 'ros'
[0.546s] Level 1:colcon.colcon_core.package_identification:_identify(.) by extensions ['cmake', 'python']
[0.546s] Level 1:colcon.colcon_core.package_identification:_identify(.) by extension 'cmake'
[0.546s] Level 1:colcon.colcon_core.package_identification:_identify(.) by extension 'python'
[0.546s] Level 1:colcon.colcon_core.package_identification:_identify(.) by extensions ['python_setup_py']
[0.546s] Level 1:colcon.colcon_core.package_identification:_identify(.) by extension 'python_setup_py'
[0.547s] Level 1:colcon.colcon_core.package_identification:_identify(build) by extensions ['ignore', 'ignore_ament_install']
[0.547s] Level 1:colcon.colcon_core.package_identification:_identify(build) by extension 'ignore'
[0.547s] Level 1:colcon.colcon_core.package_identification:_identify(build) ignored
[0.547s] Level 1:colcon.colcon_core.package_identification:_identify(install) by extensions ['ignore', 'ignore_ament_install']
[0.547s] Level 1:colcon.colcon_core.package_identification:_identify(install) by extension 'ignore'
[0.547s] Level 1:colcon.colcon_core.package_identification:_identify(install) ignored
[0.547s] Level 1:colcon.colcon_core.package_identification:_identify(log) by extensions ['ignore', 'ignore_ament_install']
[0.547s] Level 1:colcon.colcon_core.package_identification:_identify(log) by extension 'ignore'
[0.547s] Level 1:colcon.colcon_core.package_identification:_identify(log) ignored
[0.547s] Level 1:colcon.colcon_core.package_identification:_identify(src) by extensions ['ignore', 'ignore_ament_install']
[0.547s] Level 1:colcon.colcon_core.package_identification:_identify(src) by extension 'ignore'
[0.547s] Level 1:colcon.colcon_core.package_identification:_identify(src) by extension 'ignore_ament_install'
[0.547s] Level 1:colcon.colcon_core.package_identification:_identify(src) by extensions ['colcon_pkg']
[0.547s] Level 1:colcon.colcon_core.package_identification:_identify(src) by extension 'colcon_pkg'
[0.547s] Level 1:colcon.colcon_core.package_identification:_identify(src) by extensions ['colcon_meta']
[0.547s] Level 1:colcon.colcon_core.package_identification:_identify(src) by extension 'colcon_meta'
[0.547s] Level 1:colcon.colcon_core.package_identification:_identify(src) by extensions ['ros']
[0.547s] Level 1:colcon.colcon_core.package_identification:_identify(src) by extension 'ros'
[0.547s] Level 1:colcon.colcon_core.package_identification:_identify(src) by extensions ['cmake', 'python']
[0.547s] Level 1:colcon.colcon_core.package_identification:_identify(src) by extension 'cmake'
[0.547s] Level 1:colcon.colcon_core.package_identification:_identify(src) by extension 'python'
[0.547s] Level 1:colcon.colcon_core.package_identification:_identify(src) by extensions ['python_setup_py']
[0.547s] Level 1:colcon.colcon_core.package_identification:_identify(src) by extension 'python_setup_py'
[0.547s] Level 1:colcon.colcon_core.package_identification:_identify(src/kachaka_bringup) by extensions ['ignore', 'ignore_ament_install']
[0.547s] Level 1:colcon.colcon_core.package_identification:_identify(src/kachaka_bringup) by extension 'ignore'
[0.547s] Level 1:colcon.colcon_core.package_identification:_identify(src/kachaka_bringup) by extension 'ignore_ament_install'
[0.547s] Level 1:colcon.colcon_core.package_identification:_identify(src/kachaka_bringup) by extensions ['colcon_pkg']
[0.547s] Level 1:colcon.colcon_core.package_identification:_identify(src/kachaka_bringup) by extension 'colcon_pkg'
[0.547s] Level 1:colcon.colcon_core.package_identification:_identify(src/kachaka_bringup) by extensions ['colcon_meta']
[0.547s] Level 1:colcon.colcon_core.package_identification:_identify(src/kachaka_bringup) by extension 'colcon_meta'
[0.547s] Level 1:colcon.colcon_core.package_identification:_identify(src/kachaka_bringup) by extensions ['ros']
[0.547s] Level 1:colcon.colcon_core.package_identification:_identify(src/kachaka_bringup) by extension 'ros'
[0.547s] Level 1:colcon.colcon_core.package_identification:_identify(src/kachaka_bringup) by extensions ['cmake', 'python']
[0.547s] Level 1:colcon.colcon_core.package_identification:_identify(src/kachaka_bringup) by extension 'cmake'
[0.547s] Level 1:colcon.colcon_core.package_identification:_identify(src/kachaka_bringup) by extension 'python'
[0.547s] Level 1:colcon.colcon_core.package_identification:_identify(src/kachaka_bringup) by extensions ['python_setup_py']
[0.547s] Level 1:colcon.colcon_core.package_identification:_identify(src/kachaka_bringup) by extension 'python_setup_py'
[0.548s] Level 1:colcon.colcon_core.package_identification:_identify(src/kachaka_bringup/bringup) by extensions ['ignore', 'ignore_ament_install']
[0.548s] Level 1:colcon.colcon_core.package_identification:_identify(src/kachaka_bringup/bringup) by extension 'ignore'
[0.548s] Level 1:colcon.colcon_core.package_identification:_identify(src/kachaka_bringup/bringup) by extension 'ignore_ament_install'
[0.548s] Level 1:colcon.colcon_core.package_identification:_identify(src/kachaka_bringup/bringup) by extensions ['colcon_pkg']
[0.548s] Level 1:colcon.colcon_core.package_identification:_identify(src/kachaka_bringup/bringup) by extension 'colcon_pkg'
[0.548s] Level 1:colcon.colcon_core.package_identification:_identify(src/kachaka_bringup/bringup) by extensions ['colcon_meta']
[0.548s] Level 1:colcon.colcon_core.package_identification:_identify(src/kachaka_bringup/bringup) by extension 'colcon_meta'
[0.548s] Level 1:colcon.colcon_core.package_identification:_identify(src/kachaka_bringup/bringup) by extensions ['ros']
[0.548s] Level 1:colcon.colcon_core.package_identification:_identify(src/kachaka_bringup/bringup) by extension 'ros'
[0.549s] DEBUG:colcon.colcon_core.package_identification:Package 'src/kachaka_bringup/bringup' with type 'ros.ament_cmake' and name 'kachaka_bringup'
[0.549s] Level 1:colcon.colcon_core.package_identification:_identify(src/kachaka_description) by extensions ['ignore', 'ignore_ament_install']
[0.549s] Level 1:colcon.colcon_core.package_identification:_identify(src/kachaka_description) by extension 'ignore'
[0.549s] Level 1:colcon.colcon_core.package_identification:_identify(src/kachaka_description) by extension 'ignore_ament_install'
[0.549s] Level 1:colcon.colcon_core.package_identification:_identify(src/kachaka_description) by extensions ['colcon_pkg']
[0.549s] Level 1:colcon.colcon_core.package_identification:_identify(src/kachaka_description) by extension 'colcon_pkg'
[0.549s] Level 1:colcon.colcon_core.package_identification:_identify(src/kachaka_description) by extensions ['colcon_meta']
[0.549s] Level 1:colcon.colcon_core.package_identification:_identify(src/kachaka_description) by extension 'colcon_meta'
[0.549s] Level 1:colcon.colcon_core.package_identification:_identify(src/kachaka_description) by extensions ['ros']
[0.549s] Level 1:colcon.colcon_core.package_identification:_identify(src/kachaka_description) by extension 'ros'
[0.550s] DEBUG:colcon.colcon_core.package_identification:Package 'src/kachaka_description' with type 'ros.ament_cmake' and name 'kachaka_description'
[0.550s] Level 1:colcon.colcon_core.package_identification:_identify(src/kachaka_follow) by extensions ['ignore', 'ignore_ament_install']
[0.550s] Level 1:colcon.colcon_core.package_identification:_identify(src/kachaka_follow) by extension 'ignore'
[0.550s] Level 1:colcon.colcon_core.package_identification:_identify(src/kachaka_follow) by extension 'ignore_ament_install'
[0.550s] Level 1:colcon.colcon_core.package_identification:_identify(src/kachaka_follow) by extensions ['colcon_pkg']
[0.550s] Level 1:colcon.colcon_core.package_identification:_identify(src/kachaka_follow) by extension 'colcon_pkg'
[0.550s] Level 1:colcon.colcon_core.package_identification:_identify(src/kachaka_follow) by extensions ['colcon_meta']
[0.550s] Level 1:colcon.colcon_core.package_identification:_identify(src/kachaka_follow) by extension 'colcon_meta'
[0.550s] Level 1:colcon.colcon_core.package_identification:_identify(src/kachaka_follow) by extensions ['ros']
[0.550s] Level 1:colcon.colcon_core.package_identification:_identify(src/kachaka_follow) by extension 'ros'
[0.550s] DEBUG:colcon.colcon_core.package_identification:Package 'src/kachaka_follow' with type 'ros.ament_python' and name 'kachaka_follow'
[0.550s] Level 1:colcon.colcon_core.package_identification:_identify(src/kachaka_interfaces) by extensions ['ignore', 'ignore_ament_install']
[0.551s] Level 1:colcon.colcon_core.package_identification:_identify(src/kachaka_interfaces) by extension 'ignore'
[0.551s] Level 1:colcon.colcon_core.package_identification:_identify(src/kachaka_interfaces) by extension 'ignore_ament_install'
[0.551s] Level 1:colcon.colcon_core.package_identification:_identify(src/kachaka_interfaces) by extensions ['colcon_pkg']
[0.551s] Level 1:colcon.colcon_core.package_identification:_identify(src/kachaka_interfaces) by extension 'colcon_pkg'
[0.551s] Level 1:colcon.colcon_core.package_identification:_identify(src/kachaka_interfaces) by extensions ['colcon_meta']
[0.551s] Level 1:colcon.colcon_core.package_identification:_identify(src/kachaka_interfaces) by extension 'colcon_meta'
[0.551s] Level 1:colcon.colcon_core.package_identification:_identify(src/kachaka_interfaces) by extensions ['ros']
[0.551s] Level 1:colcon.colcon_core.package_identification:_identify(src/kachaka_interfaces) by extension 'ros'
[0.551s] DEBUG:colcon.colcon_core.package_identification:Package 'src/kachaka_interfaces' with type 'ros.ament_cmake' and name 'kachaka_interfaces'
[0.551s] Level 1:colcon.colcon_core.package_discovery:discover_packages(recursive) using defaults
[0.551s] Level 1:colcon.colcon_core.package_discovery:discover_packages(ignore) discover
[0.551s] Level 1:colcon.colcon_core.package_discovery:discover_packages(ignore) using defaults
[0.551s] Level 1:colcon.colcon_core.package_discovery:discover_packages(path) discover
[0.551s] Level 1:colcon.colcon_core.package_discovery:discover_packages(path) using defaults
[0.595s] Level 1:colcon.colcon_core.package_discovery:discover_packages(prefix_path) check parameters
[0.595s] Level 1:colcon.colcon_core.package_discovery:discover_packages(prefix_path) discover
[0.609s] DEBUG:colcon.colcon_installed_package_information.package_discovery:Found 327 installed packages in /opt/ros/humble
[0.610s] Level 1:colcon.colcon_core.package_discovery:discover_packages(prefix_path) using defaults
[0.664s] Level 5:colcon.colcon_core.verb:set package 'kachaka_bringup' build argument 'cmake_args' from command line to 'None'
[0.664s] Level 5:colcon.colcon_core.verb:set package 'kachaka_bringup' build argument 'cmake_target' from command line to 'None'
[0.664s] Level 5:colcon.colcon_core.verb:set package 'kachaka_bringup' build argument 'cmake_target_skip_unavailable' from command line to 'False'
[0.664s] Level 5:colcon.colcon_core.verb:set package 'kachaka_bringup' build argument 'cmake_clean_cache' from command line to 'False'
[0.664s] Level 5:colcon.colcon_core.verb:set package 'kachaka_bringup' build argument 'cmake_clean_first' from command line to 'False'
[0.664s] Level 5:colcon.colcon_core.verb:set package 'kachaka_bringup' build argument 'cmake_force_configure' from command line to 'False'
[0.664s] Level 5:colcon.colcon_core.verb:set package 'kachaka_bringup' build argument 'ament_cmake_args' from command line to 'None'
[0.664s] Level 5:colcon.colcon_core.verb:set package 'kachaka_bringup' build argument 'catkin_cmake_args' from command line to 'None'
[0.664s] Level 5:colcon.colcon_core.verb:set package 'kachaka_bringup' build argument 'catkin_skip_building_tests' from command line to 'False'
[0.664s] DEBUG:colcon.colcon_core.verb:Building package 'kachaka_bringup' with the following arguments: {'ament_cmake_args': None, 'build_base': '/home/yuto/kachaka_ws/build/kachaka_bringup', 'catkin_cmake_args': None, 'catkin_skip_building_tests': False, 'cmake_args': None, 'cmake_clean_cache': False, 'cmake_clean_first': False, 'cmake_force_configure': False, 'cmake_target': None, 'cmake_target_skip_unavailable': False, 'install_base': '/home/yuto/kachaka_ws/install/kachaka_bringup', 'merge_install': False, 'path': '/home/yuto/kachaka_ws/src/kachaka_bringup/bringup', 'symlink_install': False, 'test_result_base': None}
[0.670s] Level 5:colcon.colcon_core.verb:set package 'kachaka_description' build argument 'cmake_args' from command line to 'None'
[0.670s] Level 5:colcon.colcon_core.verb:set package 'kachaka_description' build argument 'cmake_target' from command line to 'None'
[0.670s] Level 5:colcon.colcon_core.verb:set package 'kachaka_description' build argument 'cmake_target_skip_unavailable' from command line to 'False'
[0.670s] Level 5:colcon.colcon_core.verb:set package 'kachaka_description' build argument 'cmake_clean_cache' from command line to 'False'
[0.670s] Level 5:colcon.colcon_core.verb:set package 'kachaka_description' build argument 'cmake_clean_first' from command line to 'False'
[0.670s] Level 5:colcon.colcon_core.verb:set package 'kachaka_description' build argument 'cmake_force_configure' from command line to 'False'
[0.670s] Level 5:colcon.colcon_core.verb:set package 'kachaka_description' build argument 'ament_cmake_args' from command line to 'None'
[0.670s] Level 5:colcon.colcon_core.verb:set package 'kachaka_description' build argument 'catkin_cmake_args' from command line to 'None'
[0.670s] Level 5:colcon.colcon_core.verb:set package 'kachaka_description' build argument 'catkin_skip_building_tests' from command line to 'False'
[0.670s] DEBUG:colcon.colcon_core.verb:Building package 'kachaka_description' with the following arguments: {'ament_cmake_args': None, 'build_base': '/home/yuto/kachaka_ws/build/kachaka_description', 'catkin_cmake_args': None, 'catkin_skip_building_tests': False, 'cmake_args': None, 'cmake_clean_cache': False, 'cmake_clean_first': False, 'cmake_force_configure': False, 'cmake_target': None, 'cmake_target_skip_unavailable': False, 'install_base': '/home/yuto/kachaka_ws/install/kachaka_description', 'merge_install': False, 'path': '/home/yuto/kachaka_ws/src/kachaka_description', 'symlink_install': False, 'test_result_base': None}
[0.677s] Level 5:colcon.colcon_core.verb:set package 'kachaka_interfaces' build argument 'cmake_args' from command line to 'None'
[0.677s] Level 5:colcon.colcon_core.verb:set package 'kachaka_interfaces' build argument 'cmake_target' from command line to 'None'
[0.677s] Level 5:colcon.colcon_core.verb:set package 'kachaka_interfaces' build argument 'cmake_target_skip_unavailable' from command line to 'False'
[0.677s] Level 5:colcon.colcon_core.verb:set package 'kachaka_interfaces' build argument 'cmake_clean_cache' from command line to 'False'
[0.677s] Level 5:colcon.colcon_core.verb:set package 'kachaka_interfaces' build argument 'cmake_clean_first' from command line to 'False'
[0.677s] Level 5:colcon.colcon_core.verb:set package 'kachaka_interfaces' build argument 'cmake_force_configure' from command line to 'False'
[0.677s] Level 5:colcon.colcon_core.verb:set package 'kachaka_interfaces' build argument 'ament_cmake_args' from command line to 'None'
[0.677s] Level 5:colcon.colcon_core.verb:set package 'kachaka_interfaces' build argument 'catkin_cmake_args' from command line to 'None'
[0.677s] Level 5:colcon.colcon_core.verb:set package 'kachaka_interfaces' build argument 'catkin_skip_building_tests' from command line to 'False'
[0.677s] DEBUG:colcon.colcon_core.verb:Building package 'kachaka_interfaces' with the following arguments: {'ament_cmake_args': None, 'build_base': '/home/yuto/kachaka_ws/build/kachaka_interfaces', 'catkin_cmake_args': None, 'catkin_skip_building_tests': False, 'cmake_args': None, 'cmake_clean_cache': False, 'cmake_clean_first': False, 'cmake_force_configure': False, 'cmake_target': None, 'cmake_target_skip_unavailable': False, 'install_base': '/home/yuto/kachaka_ws/install/kachaka_interfaces', 'merge_install': False, 'path': '/home/yuto/kachaka_ws/src/kachaka_interfaces', 'symlink_install': False, 'test_result_base': None}
[0.683s] Level 5:colcon.colcon_core.verb:set package 'kachaka_follow' build argument 'cmake_args' from command line to 'None'
[0.683s] Level 5:colcon.colcon_core.verb:set package 'kachaka_follow' build argument 'cmake_target' from command line to 'None'
[0.683s] Level 5:colcon.colcon_core.verb:set package 'kachaka_follow' build argument 'cmake_target_skip_unavailable' from command line to 'False'
[0.683s] Level 5:colcon.colcon_core.verb:set package 'kachaka_follow' build argument 'cmake_clean_cache' from command line to 'False'
[0.683s] Level 5:colcon.colcon_core.verb:set package 'kachaka_follow' build argument 'cmake_clean_first' from command line to 'False'
[0.683s] Level 5:colcon.colcon_core.verb:set package 'kachaka_follow' build argument 'cmake_force_configure' from command line to 'False'
[0.683s] Level 5:colcon.colcon_core.verb:set package 'kachaka_follow' build argument 'ament_cmake_args' from command line to 'None'
[0.683s] Level 5:colcon.colcon_core.verb:set package 'kachaka_follow' build argument 'catkin_cmake_args' from command line to 'None'
[0.683s] Level 5:colcon.colcon_core.verb:set package 'kachaka_follow' build argument 'catkin_skip_building_tests' from command line to 'False'
[0.683s] DEBUG:colcon.colcon_core.verb:Building package 'kachaka_follow' with the following arguments: {'ament_cmake_args': None, 'build_base': '/home/yuto/kachaka_ws/build/kachaka_follow', 'catkin_cmake_args': None, 'catkin_skip_building_tests': False, 'cmake_args': None, 'cmake_clean_cache': False, 'cmake_clean_first': False, 'cmake_force_configure': False, 'cmake_target': None, 'cmake_target_skip_unavailable': False, 'install_base': '/home/yuto/kachaka_ws/install/kachaka_follow', 'merge_install': False, 'path': '/home/yuto/kachaka_ws/src/kachaka_follow', 'symlink_install': False, 'test_result_base': None}
[0.689s] INFO:colcon.colcon_core.executor:Executing jobs using 'parallel' executor
[0.696s] DEBUG:colcon.colcon_parallel_executor.executor.parallel:run_until_complete
[0.696s] INFO:colcon.colcon_ros.task.ament_cmake.build:Building ROS package in '/home/yuto/kachaka_ws/src/kachaka_interfaces' with build type 'ament_cmake'
[0.697s] INFO:colcon.colcon_cmake.task.cmake.build:Building CMake package in '/home/yuto/kachaka_ws/src/kachaka_interfaces'
[0.705s] INFO:colcon.colcon_core.plugin_system:Skipping extension 'colcon_core.shell.bat': Not used on non-Windows systems
[0.705s] INFO:colcon.colcon_core.shell:Skip shell extension 'powershell' for command environment: Not usable outside of PowerShell
[0.705s] DEBUG:colcon.colcon_core.shell:Skip shell extension 'dsv' for command environment
[0.719s] INFO:colcon.colcon_ros.task.ament_cmake.build:Building ROS package in '/home/yuto/kachaka_ws/src/kachaka_bringup/bringup' with build type 'ament_cmake'
[0.719s] INFO:colcon.colcon_cmake.task.cmake.build:Building CMake package in '/home/yuto/kachaka_ws/src/kachaka_bringup/bringup'
[0.727s] INFO:colcon.colcon_core.shell:Skip shell extension 'powershell' for command environment: Not usable outside of PowerShell
[0.727s] DEBUG:colcon.colcon_core.shell:Skip shell extension 'dsv' for command environment
[0.742s] INFO:colcon.colcon_ros.task.ament_cmake.build:Building ROS package in '/home/yuto/kachaka_ws/src/kachaka_description' with build type 'ament_cmake'
[0.742s] INFO:colcon.colcon_cmake.task.cmake.build:Building CMake package in '/home/yuto/kachaka_ws/src/kachaka_description'
[0.749s] INFO:colcon.colcon_core.shell:Skip shell extension 'powershell' for command environment: Not usable outside of PowerShell
[0.749s] DEBUG:colcon.colcon_core.shell:Skip shell extension 'dsv' for command environment
[0.767s] DEBUG:colcon.colcon_core.event_handler.log_command:Invoking command in '/home/yuto/kachaka_ws/build/kachaka_interfaces': CMAKE_PREFIX_PATH=/opt/ros/humble /usr/bin/cmake --build /home/yuto/kachaka_ws/build/kachaka_interfaces -- -j12 -l12
[0.769s] DEBUG:colcon.colcon_core.event_handler.log_command:Invoking command in '/home/yuto/kachaka_ws/build/kachaka_bringup': CMAKE_PREFIX_PATH=/opt/ros/humble /usr/bin/cmake --build /home/yuto/kachaka_ws/build/kachaka_bringup -- -j12 -l12
[0.773s] DEBUG:colcon.colcon_core.event_handler.log_command:Invoking command in '/home/yuto/kachaka_ws/build/kachaka_description': CMAKE_PREFIX_PATH=/opt/ros/humble /usr/bin/cmake --build /home/yuto/kachaka_ws/build/kachaka_description -- -j12 -l12
[0.793s] DEBUG:colcon.colcon_core.event_handler.log_command:Invoked command in '/home/yuto/kachaka_ws/build/kachaka_bringup' returned '0': CMAKE_PREFIX_PATH=/opt/ros/humble /usr/bin/cmake --build /home/yuto/kachaka_ws/build/kachaka_bringup -- -j12 -l12
[0.797s] DEBUG:colcon.colcon_core.event_handler.log_command:Invoked command in '/home/yuto/kachaka_ws/build/kachaka_description' returned '0': CMAKE_PREFIX_PATH=/opt/ros/humble /usr/bin/cmake --build /home/yuto/kachaka_ws/build/kachaka_description -- -j12 -l12
[0.822s] DEBUG:colcon.colcon_core.event_handler.log_command:Invoking command in '/home/yuto/kachaka_ws/build/kachaka_bringup': CMAKE_PREFIX_PATH=/opt/ros/humble /usr/bin/cmake --install /home/yuto/kachaka_ws/build/kachaka_bringup
[0.825s] DEBUG:colcon.colcon_core.event_handler.log_command:Invoking command in '/home/yuto/kachaka_ws/build/kachaka_description': CMAKE_PREFIX_PATH=/opt/ros/humble /usr/bin/cmake --install /home/yuto/kachaka_ws/build/kachaka_description
[0.835s] Level 1:colcon.colcon_core.environment:create_environment_scripts_only(kachaka_description)
[0.839s] DEBUG:colcon.colcon_core.event_handler.log_command:Invoked command in '/home/yuto/kachaka_ws/build/kachaka_description' returned '0': CMAKE_PREFIX_PATH=/opt/ros/humble /usr/bin/cmake --install /home/yuto/kachaka_ws/build/kachaka_description
[0.866s] Level 1:colcon.colcon_core.environment:checking '/home/yuto/kachaka_ws/install/kachaka_description' for CMake module files
[0.867s] Level 1:colcon.colcon_core.environment:checking '/home/yuto/kachaka_ws/install/kachaka_description' for CMake config files
[0.868s] Level 1:colcon.colcon_core.shell:create_environment_hook('kachaka_description', 'cmake_prefix_path')
[0.887s] INFO:colcon.colcon_core.shell:Creating environment hook '/home/yuto/kachaka_ws/install/kachaka_description/share/kachaka_description/hook/cmake_prefix_path.ps1'
[0.887s] INFO:colcon.colcon_core.shell:Creating environment descriptor '/home/yuto/kachaka_ws/install/kachaka_description/share/kachaka_description/hook/cmake_prefix_path.dsv'
[0.888s] INFO:colcon.colcon_core.shell:Creating environment hook '/home/yuto/kachaka_ws/install/kachaka_description/share/kachaka_description/hook/cmake_prefix_path.sh'
[0.889s] Level 1:colcon.colcon_core.environment:checking '/home/yuto/kachaka_ws/install/kachaka_description/bin'
[0.889s] Level 1:colcon.colcon_core.environment:checking '/home/yuto/kachaka_ws/install/kachaka_description/lib/pkgconfig/kachaka_description.pc'
[0.889s] Level 1:colcon.colcon_core.environment:checking '/home/yuto/kachaka_ws/install/kachaka_description/lib/python3.10/site-packages'
[0.889s] Level 1:colcon.colcon_core.environment:checking '/home/yuto/kachaka_ws/install/kachaka_description/bin'
[0.909s] INFO:colcon.colcon_core.shell:Creating package script '/home/yuto/kachaka_ws/install/kachaka_description/share/kachaka_description/package.ps1'
[0.910s] INFO:colcon.colcon_core.shell:Creating package descriptor '/home/yuto/kachaka_ws/install/kachaka_description/share/kachaka_description/package.dsv'
[0.911s] INFO:colcon.colcon_core.shell:Creating package script '/home/yuto/kachaka_ws/install/kachaka_description/share/kachaka_description/package.sh'
[0.911s] INFO:colcon.colcon_core.shell:Creating package script '/home/yuto/kachaka_ws/install/kachaka_description/share/kachaka_description/package.bash'
[0.912s] INFO:colcon.colcon_core.shell:Creating package script '/home/yuto/kachaka_ws/install/kachaka_description/share/kachaka_description/package.zsh'
[0.913s] Level 1:colcon.colcon_core.environment:create_file_with_runtime_dependencies(/home/yuto/kachaka_ws/install/kachaka_description/share/colcon-core/packages/kachaka_description)
[0.915s] Level 1:colcon.colcon_core.environment:create_environment_scripts_only(kachaka_bringup)
[0.915s] DEBUG:colcon.colcon_core.event_handler.log_command:Invoked command in '/home/yuto/kachaka_ws/build/kachaka_bringup' returned '0': CMAKE_PREFIX_PATH=/opt/ros/humble /usr/bin/cmake --install /home/yuto/kachaka_ws/build/kachaka_bringup
[0.930s] Level 1:colcon.colcon_core.environment:checking '/home/yuto/kachaka_ws/install/kachaka_bringup' for CMake module files
[0.931s] Level 1:colcon.colcon_core.environment:checking '/home/yuto/kachaka_ws/install/kachaka_bringup' for CMake config files
[0.931s] Level 1:colcon.colcon_core.shell:create_environment_hook('kachaka_bringup', 'cmake_prefix_path')
[0.939s] INFO:colcon.colcon_core.shell:Creating environment hook '/home/yuto/kachaka_ws/install/kachaka_bringup/share/kachaka_bringup/hook/cmake_prefix_path.ps1'
[0.940s] INFO:colcon.colcon_core.shell:Creating environment descriptor '/home/yuto/kachaka_ws/install/kachaka_bringup/share/kachaka_bringup/hook/cmake_prefix_path.dsv'
[0.940s] INFO:colcon.colcon_core.shell:Creating environment hook '/home/yuto/kachaka_ws/install/kachaka_bringup/share/kachaka_bringup/hook/cmake_prefix_path.sh'
[0.940s] Level 1:colcon.colcon_core.environment:checking '/home/yuto/kachaka_ws/install/kachaka_bringup/bin'
[0.940s] Level 1:colcon.colcon_core.environment:checking '/home/yuto/kachaka_ws/install/kachaka_bringup/lib/pkgconfig/kachaka_bringup.pc'
[0.941s] Level 1:colcon.colcon_core.environment:checking '/home/yuto/kachaka_ws/install/kachaka_bringup/lib/python3.10/site-packages'
[0.941s] Level 1:colcon.colcon_core.environment:checking '/home/yuto/kachaka_ws/install/kachaka_bringup/bin'
[0.949s] INFO:colcon.colcon_core.shell:Creating package script '/home/yuto/kachaka_ws/install/kachaka_bringup/share/kachaka_bringup/package.ps1'
[0.949s] INFO:colcon.colcon_core.shell:Creating package descriptor '/home/yuto/kachaka_ws/install/kachaka_bringup/share/kachaka_bringup/package.dsv'
[0.949s] INFO:colcon.colcon_core.shell:Creating package script '/home/yuto/kachaka_ws/install/kachaka_bringup/share/kachaka_bringup/package.sh'
[0.949s] INFO:colcon.colcon_core.shell:Creating package script '/home/yuto/kachaka_ws/install/kachaka_bringup/share/kachaka_bringup/package.bash'
[0.950s] INFO:colcon.colcon_core.shell:Creating package script '/home/yuto/kachaka_ws/install/kachaka_bringup/share/kachaka_bringup/package.zsh'
[0.950s] Level 1:colcon.colcon_core.environment:create_file_with_runtime_dependencies(/home/yuto/kachaka_ws/install/kachaka_bringup/share/colcon-core/packages/kachaka_bringup)
[0.959s] Level 1:colcon.colcon_core.environment:create_environment_scripts_only(kachaka_description)
[0.967s] Level 1:colcon.colcon_core.environment:checking '/home/yuto/kachaka_ws/install/kachaka_description' for CMake module files
[0.968s] Level 1:colcon.colcon_core.environment:checking '/home/yuto/kachaka_ws/install/kachaka_description' for CMake config files
[0.968s] Level 1:colcon.colcon_core.shell:create_environment_hook('kachaka_description', 'cmake_prefix_path')
[0.976s] INFO:colcon.colcon_core.shell:Creating environment hook '/home/yuto/kachaka_ws/install/kachaka_description/share/kachaka_description/hook/cmake_prefix_path.ps1'
[0.976s] INFO:colcon.colcon_core.shell:Creating environment descriptor '/home/yuto/kachaka_ws/install/kachaka_description/share/kachaka_description/hook/cmake_prefix_path.dsv'
[0.976s] INFO:colcon.colcon_core.shell:Creating environment hook '/home/yuto/kachaka_ws/install/kachaka_description/share/kachaka_description/hook/cmake_prefix_path.sh'
[0.977s] Level 1:colcon.colcon_core.environment:checking '/home/yuto/kachaka_ws/install/kachaka_description/bin'
[0.977s] Level 1:colcon.colcon_core.environment:checking '/home/yuto/kachaka_ws/install/kachaka_description/lib/pkgconfig/kachaka_description.pc'
[0.977s] Level 1:colcon.colcon_core.environment:checking '/home/yuto/kachaka_ws/install/kachaka_description/lib/python3.10/site-packages'
[0.977s] Level 1:colcon.colcon_core.environment:checking '/home/yuto/kachaka_ws/install/kachaka_description/bin'
[0.985s] INFO:colcon.colcon_core.shell:Creating package script '/home/yuto/kachaka_ws/install/kachaka_description/share/kachaka_description/package.ps1'
[0.985s] INFO:colcon.colcon_core.shell:Creating package descriptor '/home/yuto/kachaka_ws/install/kachaka_description/share/kachaka_description/package.dsv'
[0.986s] INFO:colcon.colcon_core.shell:Creating package script '/home/yuto/kachaka_ws/install/kachaka_description/share/kachaka_description/package.sh'
[0.986s] INFO:colcon.colcon_core.shell:Creating package script '/home/yuto/kachaka_ws/install/kachaka_description/share/kachaka_description/package.bash'
[0.986s] INFO:colcon.colcon_core.shell:Creating package script '/home/yuto/kachaka_ws/install/kachaka_description/share/kachaka_description/package.zsh'
[0.986s] Level 1:colcon.colcon_core.environment:create_file_with_runtime_dependencies(/home/yuto/kachaka_ws/install/kachaka_description/share/colcon-core/packages/kachaka_description)
[0.996s] Level 1:colcon.colcon_core.environment:create_environment_scripts_only(kachaka_bringup)
[1.005s] Level 1:colcon.colcon_core.environment:checking '/home/yuto/kachaka_ws/install/kachaka_bringup' for CMake module files
[1.006s] Level 1:colcon.colcon_core.environment:checking '/home/yuto/kachaka_ws/install/kachaka_bringup' for CMake config files
[1.006s] Level 1:colcon.colcon_core.shell:create_environment_hook('kachaka_bringup', 'cmake_prefix_path')
[1.014s] INFO:colcon.colcon_core.shell:Creating environment hook '/home/yuto/kachaka_ws/install/kachaka_bringup/share/kachaka_bringup/hook/cmake_prefix_path.ps1'
[1.014s] INFO:colcon.colcon_core.shell:Creating environment descriptor '/home/yuto/kachaka_ws/install/kachaka_bringup/share/kachaka_bringup/hook/cmake_prefix_path.dsv'
[1.015s] INFO:colcon.colcon_core.shell:Creating environment hook '/home/yuto/kachaka_ws/install/kachaka_bringup/share/kachaka_bringup/hook/cmake_prefix_path.sh'
[1.015s] Level 1:colcon.colcon_core.environment:checking '/home/yuto/kachaka_ws/install/kachaka_bringup/bin'
[1.015s] Level 1:colcon.colcon_core.environment:checking '/home/yuto/kachaka_ws/install/kachaka_bringup/lib/pkgconfig/kachaka_bringup.pc'
[1.015s] Level 1:colcon.colcon_core.environment:checking '/home/yuto/kachaka_ws/install/kachaka_bringup/lib/python3.10/site-packages'
[1.015s] Level 1:colcon.colcon_core.environment:checking '/home/yuto/kachaka_ws/install/kachaka_bringup/bin'
[1.024s] INFO:colcon.colcon_core.shell:Creating package script '/home/yuto/kachaka_ws/install/kachaka_bringup/share/kachaka_bringup/package.ps1'
[1.024s] INFO:colcon.colcon_core.shell:Creating package descriptor '/home/yuto/kachaka_ws/install/kachaka_bringup/share/kachaka_bringup/package.dsv'
[1.024s] INFO:colcon.colcon_core.shell:Creating package script '/home/yuto/kachaka_ws/install/kachaka_bringup/share/kachaka_bringup/package.sh'
[1.024s] INFO:colcon.colcon_core.shell:Creating package script '/home/yuto/kachaka_ws/install/kachaka_bringup/share/kachaka_bringup/package.bash'
[1.025s] INFO:colcon.colcon_core.shell:Creating package script '/home/yuto/kachaka_ws/install/kachaka_bringup/share/kachaka_bringup/package.zsh'
[1.025s] Level 1:colcon.colcon_core.environment:create_file_with_runtime_dependencies(/home/yuto/kachaka_ws/install/kachaka_bringup/share/colcon-core/packages/kachaka_bringup)
[1.027s] DEBUG:colcon.colcon_core.event_handler.log_command:Invoked command in '/home/yuto/kachaka_ws/build/kachaka_interfaces' returned '0': CMAKE_PREFIX_PATH=/opt/ros/humble /usr/bin/cmake --build /home/yuto/kachaka_ws/build/kachaka_interfaces -- -j12 -l12
[1.116s] DEBUG:colcon.colcon_core.event_handler.log_command:Invoking command in '/home/yuto/kachaka_ws/build/kachaka_interfaces': CMAKE_PREFIX_PATH=/opt/ros/humble /usr/bin/cmake --install /home/yuto/kachaka_ws/build/kachaka_interfaces
[1.156s] Level 1:colcon.colcon_core.environment:create_environment_scripts_only(kachaka_interfaces)
[1.157s] DEBUG:colcon.colcon_core.event_handler.log_command:Invoked command in '/home/yuto/kachaka_ws/build/kachaka_interfaces' returned '0': CMAKE_PREFIX_PATH=/opt/ros/humble /usr/bin/cmake --install /home/yuto/kachaka_ws/build/kachaka_interfaces
[1.163s] Level 1:colcon.colcon_core.environment:checking '/home/yuto/kachaka_ws/install/kachaka_interfaces' for CMake module files
[1.164s] Level 1:colcon.colcon_core.environment:checking '/home/yuto/kachaka_ws/install/kachaka_interfaces' for CMake config files
[1.166s] Level 1:colcon.colcon_core.shell:create_environment_hook('kachaka_interfaces', 'cmake_prefix_path')
[1.172s] INFO:colcon.colcon_core.shell:Creating environment hook '/home/yuto/kachaka_ws/install/kachaka_interfaces/share/kachaka_interfaces/hook/cmake_prefix_path.ps1'
[1.173s] INFO:colcon.colcon_core.shell:Creating environment descriptor '/home/yuto/kachaka_ws/install/kachaka_interfaces/share/kachaka_interfaces/hook/cmake_prefix_path.dsv'
[1.173s] INFO:colcon.colcon_core.shell:Creating environment hook '/home/yuto/kachaka_ws/install/kachaka_interfaces/share/kachaka_interfaces/hook/cmake_prefix_path.sh'
[1.173s] Level 1:colcon.colcon_core.environment:checking '/home/yuto/kachaka_ws/install/kachaka_interfaces/lib'
[1.173s] Level 1:colcon.colcon_core.shell:create_environment_hook('kachaka_interfaces', 'ld_library_path_lib')
[1.180s] INFO:colcon.colcon_core.shell:Creating environment hook '/home/yuto/kachaka_ws/install/kachaka_interfaces/share/kachaka_interfaces/hook/ld_library_path_lib.ps1'
[1.180s] INFO:colcon.colcon_core.shell:Creating environment descriptor '/home/yuto/kachaka_ws/install/kachaka_interfaces/share/kachaka_interfaces/hook/ld_library_path_lib.dsv'
[1.180s] INFO:colcon.colcon_core.shell:Creating environment hook '/home/yuto/kachaka_ws/install/kachaka_interfaces/share/kachaka_interfaces/hook/ld_library_path_lib.sh'
[1.180s] Level 1:colcon.colcon_core.environment:checking '/home/yuto/kachaka_ws/install/kachaka_interfaces/bin'
[1.180s] Level 1:colcon.colcon_core.environment:checking '/home/yuto/kachaka_ws/install/kachaka_interfaces/lib/pkgconfig/kachaka_interfaces.pc'
[1.180s] Level 1:colcon.colcon_core.environment:checking '/home/yuto/kachaka_ws/install/kachaka_interfaces/lib/python3.10/site-packages'
[1.180s] Level 1:colcon.colcon_core.environment:checking '/home/yuto/kachaka_ws/install/kachaka_interfaces/bin'
[1.186s] INFO:colcon.colcon_core.shell:Creating package script '/home/yuto/kachaka_ws/install/kachaka_interfaces/share/kachaka_interfaces/package.ps1'
[1.187s] INFO:colcon.colcon_core.shell:Creating package descriptor '/home/yuto/kachaka_ws/install/kachaka_interfaces/share/kachaka_interfaces/package.dsv'
[1.187s] INFO:colcon.colcon_core.shell:Creating package script '/home/yuto/kachaka_ws/install/kachaka_interfaces/share/kachaka_interfaces/package.sh'
[1.187s] INFO:colcon.colcon_core.shell:Creating package script '/home/yuto/kachaka_ws/install/kachaka_interfaces/share/kachaka_interfaces/package.bash'
[1.187s] INFO:colcon.colcon_core.shell:Creating package script '/home/yuto/kachaka_ws/install/kachaka_interfaces/share/kachaka_interfaces/package.zsh'
[1.187s] Level 1:colcon.colcon_core.environment:create_file_with_runtime_dependencies(/home/yuto/kachaka_ws/install/kachaka_interfaces/share/colcon-core/packages/kachaka_interfaces)
[1.284s] Level 1:colcon.colcon_core.environment:create_environment_scripts_only(kachaka_interfaces)
[1.291s] Level 1:colcon.colcon_core.environment:checking '/home/yuto/kachaka_ws/install/kachaka_interfaces' for CMake module files
[1.291s] Level 1:colcon.colcon_core.environment:checking '/home/yuto/kachaka_ws/install/kachaka_interfaces' for CMake config files
[1.291s] Level 1:colcon.colcon_core.shell:create_environment_hook('kachaka_interfaces', 'cmake_prefix_path')
[1.297s] INFO:colcon.colcon_core.shell:Creating environment hook '/home/yuto/kachaka_ws/install/kachaka_interfaces/share/kachaka_interfaces/hook/cmake_prefix_path.ps1'
[1.298s] INFO:colcon.colcon_core.shell:Creating environment descriptor '/home/yuto/kachaka_ws/install/kachaka_interfaces/share/kachaka_interfaces/hook/cmake_prefix_path.dsv'
[1.298s] INFO:colcon.colcon_core.shell:Creating environment hook '/home/yuto/kachaka_ws/install/kachaka_interfaces/share/kachaka_interfaces/hook/cmake_prefix_path.sh'
[1.298s] Level 1:colcon.colcon_core.environment:checking '/home/yuto/kachaka_ws/install/kachaka_interfaces/lib'
[1.298s] Level 1:colcon.colcon_core.shell:create_environment_hook('kachaka_interfaces', 'ld_library_path_lib')
[1.304s] INFO:colcon.colcon_core.shell:Creating environment hook '/home/yuto/kachaka_ws/install/kachaka_interfaces/share/kachaka_interfaces/hook/ld_library_path_lib.ps1'
[1.305s] INFO:colcon.colcon_core.shell:Creating environment descriptor '/home/yuto/kachaka_ws/install/kachaka_interfaces/share/kachaka_interfaces/hook/ld_library_path_lib.dsv'
[1.305s] INFO:colcon.colcon_core.shell:Creating environment hook '/home/yuto/kachaka_ws/install/kachaka_interfaces/share/kachaka_interfaces/hook/ld_library_path_lib.sh'
[1.305s] Level 1:colcon.colcon_core.environment:checking '/home/yuto/kachaka_ws/install/kachaka_interfaces/bin'
[1.305s] Level 1:colcon.colcon_core.environment:checking '/home/yuto/kachaka_ws/install/kachaka_interfaces/lib/pkgconfig/kachaka_interfaces.pc'
[1.305s] Level 1:colcon.colcon_core.environment:checking '/home/yuto/kachaka_ws/install/kachaka_interfaces/lib/python3.10/site-packages'
[1.305s] Level 1:colcon.colcon_core.environment:checking '/home/yuto/kachaka_ws/install/kachaka_interfaces/bin'
[1.311s] INFO:colcon.colcon_core.shell:Creating package script '/home/yuto/kachaka_ws/install/kachaka_interfaces/share/kachaka_interfaces/package.ps1'
[1.312s] INFO:colcon.colcon_core.shell:Creating package descriptor '/home/yuto/kachaka_ws/install/kachaka_interfaces/share/kachaka_interfaces/package.dsv'
[1.312s] INFO:colcon.colcon_core.shell:Creating package script '/home/yuto/kachaka_ws/install/kachaka_interfaces/share/kachaka_interfaces/package.sh'
[1.312s] INFO:colcon.colcon_core.shell:Creating package script '/home/yuto/kachaka_ws/install/kachaka_interfaces/share/kachaka_interfaces/package.bash'
[1.312s] INFO:colcon.colcon_core.shell:Creating package script '/home/yuto/kachaka_ws/install/kachaka_interfaces/share/kachaka_interfaces/package.zsh'
[1.312s] Level 1:colcon.colcon_core.environment:create_file_with_runtime_dependencies(/home/yuto/kachaka_ws/install/kachaka_interfaces/share/colcon-core/packages/kachaka_interfaces)
[1.313s] INFO:colcon.colcon_ros.task.ament_python.build:Building ROS package in '/home/yuto/kachaka_ws/src/kachaka_follow' with build type 'ament_python'
[1.313s] Level 1:colcon.colcon_core.shell:create_environment_hook('kachaka_follow', 'ament_prefix_path')
[1.319s] INFO:colcon.colcon_core.shell:Creating environment hook '/home/yuto/kachaka_ws/install/kachaka_follow/share/kachaka_follow/hook/ament_prefix_path.ps1'
[1.319s] INFO:colcon.colcon_core.shell:Creating environment descriptor '/home/yuto/kachaka_ws/install/kachaka_follow/share/kachaka_follow/hook/ament_prefix_path.dsv'
[1.319s] INFO:colcon.colcon_core.shell:Creating environment hook '/home/yuto/kachaka_ws/install/kachaka_follow/share/kachaka_follow/hook/ament_prefix_path.sh'
[1.326s] INFO:colcon.colcon_core.shell:Skip shell extension 'powershell' for command environment: Not usable outside of PowerShell
[1.326s] DEBUG:colcon.colcon_core.shell:Skip shell extension 'dsv' for command environment
[1.486s] INFO:colcon.colcon_core.task.python.build:Building Python package in '/home/yuto/kachaka_ws/src/kachaka_follow'
[1.492s] INFO:colcon.colcon_core.shell:Skip shell extension 'powershell' for command environment: Not usable outside of PowerShell
[1.492s] DEBUG:colcon.colcon_core.shell:Skip shell extension 'dsv' for command environment
[1.691s] DEBUG:colcon.colcon_core.event_handler.log_command:Invoking command in '/home/yuto/kachaka_ws/src/kachaka_follow': AMENT_PREFIX_PATH=/home/yuto/kachaka_ws/install/kachaka_interfaces:${AMENT_PREFIX_PATH} CMAKE_PREFIX_PATH=/home/yuto/kachaka_ws/install/kachaka_interfaces LD_LIBRARY_PATH=/home/yuto/kachaka_ws/install/kachaka_interfaces/lib:${LD_LIBRARY_PATH} PYTHONPATH=/home/yuto/kachaka_ws/build/kachaka_follow/prefix_override:/home/yuto/kachaka_ws/install/kachaka_follow/lib/python3.10/site-packages:/home/yuto/kachaka_ws/install/kachaka_interfaces/local/lib/python3.10/dist-packages:${PYTHONPATH} /usr/bin/python3 setup.py egg_info --egg-base ../../build/kachaka_follow build --build-base /home/yuto/kachaka_ws/build/kachaka_follow/build install --record /home/yuto/kachaka_ws/build/kachaka_follow/install.log --single-version-externally-managed
[1.855s] DEBUG:colcon.colcon_core.event_handler.log_command:Invoked command in '/home/yuto/kachaka_ws/src/kachaka_follow' returned '0': AMENT_PREFIX_PATH=/home/yuto/kachaka_ws/install/kachaka_interfaces:${AMENT_PREFIX_PATH} CMAKE_PREFIX_PATH=/home/yuto/kachaka_ws/install/kachaka_interfaces LD_LIBRARY_PATH=/home/yuto/kachaka_ws/install/kachaka_interfaces/lib:${LD_LIBRARY_PATH} PYTHONPATH=/home/yuto/kachaka_ws/build/kachaka_follow/prefix_override:/home/yuto/kachaka_ws/install/kachaka_follow/lib/python3.10/site-packages:/home/yuto/kachaka_ws/install/kachaka_interfaces/local/lib/python3.10/dist-packages:${PYTHONPATH} /usr/bin/python3 setup.py egg_info --egg-base ../../build/kachaka_follow build --build-base /home/yuto/kachaka_ws/build/kachaka_follow/build install --record /home/yuto/kachaka_ws/build/kachaka_follow/install.log --single-version-externally-managed
[1.862s] Level 1:colcon.colcon_core.environment:checking '/home/yuto/kachaka_ws/install/kachaka_follow' for CMake module files
[1.862s] Level 1:colcon.colcon_core.environment:checking '/home/yuto/kachaka_ws/install/kachaka_follow' for CMake config files
[1.864s] Level 1:colcon.colcon_core.environment:checking '/home/yuto/kachaka_ws/install/kachaka_follow/lib'
[1.864s] Level 1:colcon.colcon_core.environment:checking '/home/yuto/kachaka_ws/install/kachaka_follow/bin'
[1.864s] Level 1:colcon.colcon_core.environment:checking '/home/yuto/kachaka_ws/install/kachaka_follow/lib/pkgconfig/kachaka_follow.pc'
[1.864s] Level 1:colcon.colcon_core.environment:checking '/home/yuto/kachaka_ws/install/kachaka_follow/lib/python3.10/site-packages'
[1.864s] Level 1:colcon.colcon_core.shell:create_environment_hook('kachaka_follow', 'pythonpath')
[1.870s] INFO:colcon.colcon_core.shell:Creating environment hook '/home/yuto/kachaka_ws/install/kachaka_follow/share/kachaka_follow/hook/pythonpath.ps1'
[1.871s] INFO:colcon.colcon_core.shell:Creating environment descriptor '/home/yuto/kachaka_ws/install/kachaka_follow/share/kachaka_follow/hook/pythonpath.dsv'
[1.871s] INFO:colcon.colcon_core.shell:Creating environment hook '/home/yuto/kachaka_ws/install/kachaka_follow/share/kachaka_follow/hook/pythonpath.sh'
[1.871s] Level 1:colcon.colcon_core.environment:checking '/home/yuto/kachaka_ws/install/kachaka_follow/bin'
[1.871s] Level 1:colcon.colcon_core.environment:create_environment_scripts_only(kachaka_follow)
[1.877s] INFO:colcon.colcon_core.shell:Creating package script '/home/yuto/kachaka_ws/install/kachaka_follow/share/kachaka_follow/package.ps1'
[1.877s] INFO:colcon.colcon_core.shell:Creating package descriptor '/home/yuto/kachaka_ws/install/kachaka_follow/share/kachaka_follow/package.dsv'
[1.878s] INFO:colcon.colcon_core.shell:Creating package script '/home/yuto/kachaka_ws/install/kachaka_follow/share/kachaka_follow/package.sh'
[1.878s] INFO:colcon.colcon_core.shell:Creating package script '/home/yuto/kachaka_ws/install/kachaka_follow/share/kachaka_follow/package.bash'
[1.878s] INFO:colcon.colcon_core.shell:Creating package script '/home/yuto/kachaka_ws/install/kachaka_follow/share/kachaka_follow/package.zsh'
[1.878s] Level 1:colcon.colcon_core.environment:create_file_with_runtime_dependencies(/home/yuto/kachaka_ws/install/kachaka_follow/share/colcon-core/packages/kachaka_follow)
[1.878s] DEBUG:colcon.colcon_parallel_executor.executor.parallel:closing loop
[1.878s] DEBUG:colcon.colcon_parallel_executor.executor.parallel:loop closed
[1.878s] DEBUG:colcon.colcon_parallel_executor.executor.parallel:run_until_complete finished with '0'
[1.878s] DEBUG:colcon.colcon_core.event_reactor:joining thread
[1.895s] INFO:colcon.colcon_core.plugin_system:Skipping extension 'colcon_notification.desktop_notification.terminal_notifier': Not used on non-Darwin systems
[1.895s] INFO:colcon.colcon_core.plugin_system:Skipping extension 'colcon_notification.desktop_notification.win32': Not used on non-Windows systems
[1.895s] INFO:colcon.colcon_notification.desktop_notification:Sending desktop notification using 'notify2'
[1.906s] DEBUG:colcon.colcon_core.event_reactor:joined thread
[1.913s] INFO:colcon.colcon_core.shell:Creating prefix script '/home/yuto/kachaka_ws/install/local_setup.ps1'
[1.913s] INFO:colcon.colcon_core.shell:Creating prefix util module '/home/yuto/kachaka_ws/install/_local_setup_util_ps1.py'
[1.914s] INFO:colcon.colcon_core.shell:Creating prefix chain script '/home/yuto/kachaka_ws/install/setup.ps1'
[1.921s] INFO:colcon.colcon_core.shell:Creating prefix script '/home/yuto/kachaka_ws/install/local_setup.sh'
[1.921s] INFO:colcon.colcon_core.shell:Creating prefix util module '/home/yuto/kachaka_ws/install/_local_setup_util_sh.py'
[1.922s] INFO:colcon.colcon_core.shell:Creating prefix chain script '/home/yuto/kachaka_ws/install/setup.sh'
[1.928s] INFO:colcon.colcon_core.shell:Creating prefix script '/home/yuto/kachaka_ws/install/local_setup.bash'
[1.929s] INFO:colcon.colcon_core.shell:Creating prefix chain script '/home/yuto/kachaka_ws/install/setup.bash'
[1.943s] INFO:colcon.colcon_core.shell:Creating prefix script '/home/yuto/kachaka_ws/install/local_setup.zsh'
[1.944s] INFO:colcon.colcon_core.shell:Creating prefix chain script '/home/yuto/kachaka_ws/install/setup.zsh'
