[0.032s] Invoking command in '/home/yuto/kachaka_ws/build/kachaka_description': CMAKE_PREFIX_PATH=${CMAKE_PREFIX_PATH}:/opt/ros/humble /usr/bin/cmake /home/yuto/kachaka_ws/src/kachaka_description -DCMAKE_INSTALL_PREFIX=/home/yuto/kachaka_ws/install/kachaka_description
[0.065s] -- The C compiler identification is GNU 11.4.0
[0.099s] -- The CXX compiler identification is GNU 11.4.0
[0.104s] -- Detecting C compiler ABI info
[0.146s] -- Detecting C compiler ABI info - done
[0.154s] -- Check for working C compiler: /usr/bin/cc - skipped
[0.154s] -- Detecting C compile features
[0.154s] -- Detecting C compile features - done
[0.157s] -- Detecting CXX compiler ABI info
[0.206s] -- Detecting CXX compiler ABI info - done
[0.213s] -- Check for working CXX compiler: /usr/bin/c++ - skipped
[0.213s] -- Detecting CXX compile features
[0.213s] -- Detecting CXX compile features - done
[0.214s] -- Found ament_cmake: 1.3.8 (/opt/ros/humble/share/ament_cmake/cmake)
[0.313s] -- Found Python3: /usr/bin/python3 (found version "3.10.12") found components: Interpreter 
[0.369s] -- Found ament_cmake_auto: 1.3.8 (/opt/ros/humble/share/ament_cmake_auto/cmake)
[0.448s] -- Found rosidl_generator_c: 3.1.5 (/opt/ros/humble/share/rosidl_generator_c/cmake)
[0.451s] -- Found rosidl_adapter: 3.1.5 (/opt/ros/humble/share/rosidl_adapter/cmake)
[0.456s] -- Found rosidl_generator_cpp: 3.1.5 (/opt/ros/humble/share/rosidl_generator_cpp/cmake)
[0.463s] -- Using all available rosidl_typesupport_c: rosidl_typesupport_fastrtps_c;rosidl_typesupport_introspection_c
[0.475s] -- Using all available rosidl_typesupport_cpp: rosidl_typesupport_fastrtps_cpp;rosidl_typesupport_introspection_cpp
[0.564s] -- Found eigen3_cmake_module: 0.1.1 (/opt/ros/humble/share/eigen3_cmake_module/cmake)
[0.565s] -- Found Eigen3: TRUE (found version "3.4.0") 
[0.566s] -- Ensuring Eigen3 include directory is part of orocos-kdl CMake target
[0.607s] -- Found rmw_implementation_cmake: 6.1.1 (/opt/ros/humble/share/rmw_implementation_cmake/cmake)
[0.609s] -- Found rmw_fastrtps_cpp: 6.2.6 (/opt/ros/humble/share/rmw_fastrtps_cpp/cmake)
[0.664s] -- Found OpenSSL: /usr/lib/x86_64-linux-gnu/libcrypto.so (found version "3.0.2")  
[0.682s] -- Found FastRTPS: /opt/ros/humble/include  
[0.711s] -- Using RMW implementation 'rmw_fastrtps_cpp' as default
[0.716s] -- Looking for pthread.h
[0.757s] -- Looking for pthread.h - found
[0.757s] -- Performing Test CMAKE_HAVE_LIBC_PTHREAD
[0.799s] -- Performing Test CMAKE_HAVE_LIBC_PTHREAD - Success
[0.800s] -- Found Threads: TRUE  
[1.147s] -- Found ament_lint_auto: 0.12.10 (/opt/ros/humble/share/ament_lint_auto/cmake)
[1.156s] -- Added test 'copyright' to check source files copyright and LICENSE
[1.157s] -- Added test 'lint_cmake' to check CMake code style
[1.157s] -- Added test 'xmllint' to check XML markup files
[1.158s] -- Configuring done
[1.161s] -- Generating done
[1.161s] -- Build files have been written to: /home/yuto/kachaka_ws/build/kachaka_description
[1.168s] Invoked command in '/home/yuto/kachaka_ws/build/kachaka_description' returned '0': CMAKE_PREFIX_PATH=${CMAKE_PREFIX_PATH}:/opt/ros/humble /usr/bin/cmake /home/yuto/kachaka_ws/src/kachaka_description -DCMAKE_INSTALL_PREFIX=/home/yuto/kachaka_ws/install/kachaka_description
[1.170s] Invoking command in '/home/yuto/kachaka_ws/build/kachaka_description': CMAKE_PREFIX_PATH=${CMAKE_PREFIX_PATH}:/opt/ros/humble /usr/bin/cmake --build /home/yuto/kachaka_ws/build/kachaka_description -- -j12 -l12
[1.193s] Invoked command in '/home/yuto/kachaka_ws/build/kachaka_description' returned '0': CMAKE_PREFIX_PATH=${CMAKE_PREFIX_PATH}:/opt/ros/humble /usr/bin/cmake --build /home/yuto/kachaka_ws/build/kachaka_description -- -j12 -l12
[1.206s] Invoking command in '/home/yuto/kachaka_ws/build/kachaka_description': CMAKE_PREFIX_PATH=${CMAKE_PREFIX_PATH}:/opt/ros/humble /usr/bin/cmake --install /home/yuto/kachaka_ws/build/kachaka_description
[1.210s] -- Install configuration: ""
[1.210s] -- Installing: /home/yuto/kachaka_ws/install/kachaka_description/share/kachaka_description/config
[1.210s] -- Installing: /home/yuto/kachaka_ws/install/kachaka_description/share/kachaka_description/config/kachaka.rviz
[1.211s] -- Installing: /home/yuto/kachaka_ws/install/kachaka_description/share/kachaka_description/launch
[1.211s] -- Installing: /home/yuto/kachaka_ws/install/kachaka_description/share/kachaka_description/launch/robot_description.launch.xml
[1.211s] -- Installing: /home/yuto/kachaka_ws/install/kachaka_description/share/kachaka_description/robot
[1.211s] -- Installing: /home/yuto/kachaka_ws/install/kachaka_description/share/kachaka_description/robot/kachaka.urdf.xacro
[1.211s] -- Installing: /home/yuto/kachaka_ws/install/kachaka_description/share/kachaka_description/robot/kachaka.urdf
[1.211s] -- Installing: /home/yuto/kachaka_ws/install/kachaka_description/share/ament_index/resource_index/package_run_dependencies/kachaka_description
[1.211s] -- Installing: /home/yuto/kachaka_ws/install/kachaka_description/share/ament_index/resource_index/parent_prefix_path/kachaka_description
[1.211s] -- Installing: /home/yuto/kachaka_ws/install/kachaka_description/share/kachaka_description/environment/ament_prefix_path.sh
[1.211s] -- Installing: /home/yuto/kachaka_ws/install/kachaka_description/share/kachaka_description/environment/ament_prefix_path.dsv
[1.211s] -- Installing: /home/yuto/kachaka_ws/install/kachaka_description/share/kachaka_description/environment/path.sh
[1.211s] -- Installing: /home/yuto/kachaka_ws/install/kachaka_description/share/kachaka_description/environment/path.dsv
[1.211s] -- Installing: /home/yuto/kachaka_ws/install/kachaka_description/share/kachaka_description/local_setup.bash
[1.211s] -- Installing: /home/yuto/kachaka_ws/install/kachaka_description/share/kachaka_description/local_setup.sh
[1.211s] -- Installing: /home/yuto/kachaka_ws/install/kachaka_description/share/kachaka_description/local_setup.zsh
[1.211s] -- Installing: /home/yuto/kachaka_ws/install/kachaka_description/share/kachaka_description/local_setup.dsv
[1.212s] -- Installing: /home/yuto/kachaka_ws/install/kachaka_description/share/kachaka_description/package.dsv
[1.212s] -- Installing: /home/yuto/kachaka_ws/install/kachaka_description/share/ament_index/resource_index/packages/kachaka_description
[1.212s] -- Installing: /home/yuto/kachaka_ws/install/kachaka_description/share/kachaka_description/cmake/ament_cmake_export_dependencies-extras.cmake
[1.212s] -- Installing: /home/yuto/kachaka_ws/install/kachaka_description/share/kachaka_description/cmake/kachaka_descriptionConfig.cmake
[1.212s] -- Installing: /home/yuto/kachaka_ws/install/kachaka_description/share/kachaka_description/cmake/kachaka_descriptionConfig-version.cmake
[1.212s] -- Installing: /home/yuto/kachaka_ws/install/kachaka_description/share/kachaka_description/package.xml
[1.213s] Invoked command in '/home/yuto/kachaka_ws/build/kachaka_description' returned '0': CMAKE_PREFIX_PATH=${CMAKE_PREFIX_PATH}:/opt/ros/humble /usr/bin/cmake --install /home/yuto/kachaka_ws/build/kachaka_description
