[0.049s] Invoking command in '/home/yuto/kachaka_ws/build/kachaka_bringup': CMAKE_PREFIX_PATH=/opt/ros/humble /usr/bin/cmake --build /home/yuto/kachaka_ws/build/kachaka_bringup -- -j12 -l12
[0.073s] Invoked command in '/home/yuto/kachaka_ws/build/kachaka_bringup' returned '0': CMAKE_PREFIX_PATH=/opt/ros/humble /usr/bin/cmake --build /home/yuto/kachaka_ws/build/kachaka_bringup -- -j12 -l12
[0.102s] Invoking command in '/home/yuto/kachaka_ws/build/kachaka_bringup': CMAKE_PREFIX_PATH=/opt/ros/humble /usr/bin/cmake --install /home/yuto/kachaka_ws/build/kachaka_bringup
[0.111s] -- Install configuration: "Release"
[0.112s] -- Up-to-date: /home/yuto/kachaka_ws/install/kachaka_bringup/share/kachaka_bringup/launch
[0.113s] -- Up-to-date: /home/yuto/kachaka_ws/install/kachaka_bringup/share/kachaka_bringup/launch/navigation_launch.py
[0.113s] -- Up-to-date: /home/yuto/kachaka_ws/install/kachaka_bringup/share/kachaka_bringup/rviz
[0.113s] -- Up-to-date: /home/yuto/kachaka_ws/install/kachaka_bringup/share/kachaka_bringup/rviz/kachaka-nav.rviz
[0.114s] -- Up-to-date: /home/yuto/kachaka_ws/install/kachaka_bringup/share/kachaka_bringup/params
[0.115s] -- Up-to-date: /home/yuto/kachaka_ws/install/kachaka_bringup/share/kachaka_bringup/params/nav2_params.yaml
[0.117s] -- Up-to-date: /home/yuto/kachaka_ws/install/kachaka_bringup/share/ament_index/resource_index/package_run_dependencies/kachaka_bringup
[0.117s] -- Up-to-date: /home/yuto/kachaka_ws/install/kachaka_bringup/share/ament_index/resource_index/parent_prefix_path/kachaka_bringup
[0.117s] -- Up-to-date: /home/yuto/kachaka_ws/install/kachaka_bringup/share/kachaka_bringup/environment/ament_prefix_path.sh
[0.117s] -- Up-to-date: /home/yuto/kachaka_ws/install/kachaka_bringup/share/kachaka_bringup/environment/ament_prefix_path.dsv
[0.117s] -- Up-to-date: /home/yuto/kachaka_ws/install/kachaka_bringup/share/kachaka_bringup/environment/path.sh
[0.117s] -- Up-to-date: /home/yuto/kachaka_ws/install/kachaka_bringup/share/kachaka_bringup/environment/path.dsv
[0.117s] -- Up-to-date: /home/yuto/kachaka_ws/install/kachaka_bringup/share/kachaka_bringup/local_setup.bash
[0.118s] -- Up-to-date: /home/yuto/kachaka_ws/install/kachaka_bringup/share/kachaka_bringup/local_setup.sh
[0.118s] -- Up-to-date: /home/yuto/kachaka_ws/install/kachaka_bringup/share/kachaka_bringup/local_setup.zsh
[0.118s] -- Up-to-date: /home/yuto/kachaka_ws/install/kachaka_bringup/share/kachaka_bringup/local_setup.dsv
[0.118s] -- Installing: /home/yuto/kachaka_ws/install/kachaka_bringup/share/kachaka_bringup/package.dsv
[0.119s] -- Up-to-date: /home/yuto/kachaka_ws/install/kachaka_bringup/share/ament_index/resource_index/packages/kachaka_bringup
[0.119s] -- Up-to-date: /home/yuto/kachaka_ws/install/kachaka_bringup/share/kachaka_bringup/cmake/kachaka_bringupConfig.cmake
[0.119s] -- Up-to-date: /home/yuto/kachaka_ws/install/kachaka_bringup/share/kachaka_bringup/cmake/kachaka_bringupConfig-version.cmake
[0.119s] -- Up-to-date: /home/yuto/kachaka_ws/install/kachaka_bringup/share/kachaka_bringup/package.xml
[0.195s] Invoked command in '/home/yuto/kachaka_ws/build/kachaka_bringup' returned '0': CMAKE_PREFIX_PATH=/opt/ros/humble /usr/bin/cmake --install /home/yuto/kachaka_ws/build/kachaka_bringup
