-- Install configuration: "Release"
-- Up-to-date: /home/yuto/kachaka_ws/install/kachaka_bringup/share/kachaka_bringup/launch
-- Up-to-date: /home/yuto/kachaka_ws/install/kachaka_bringup/share/kachaka_bringup/launch/navigation_launch.py
-- Up-to-date: /home/yuto/kachaka_ws/install/kachaka_bringup/share/kachaka_bringup/rviz
-- Installing: /home/yuto/kachaka_ws/install/kachaka_bringup/share/kachaka_bringup/rviz/kachaka-nav.rviz
-- Up-to-date: /home/yuto/kachaka_ws/install/kachaka_bringup/share/kachaka_bringup/params
-- Up-to-date: /home/yuto/kachaka_ws/install/kachaka_bringup/share/kachaka_bringup/params/nav2_params.yaml
-- Up-to-date: /home/yuto/kachaka_ws/install/kachaka_bringup/share/ament_index/resource_index/package_run_dependencies/kachaka_bringup
-- Up-to-date: /home/yuto/kachaka_ws/install/kachaka_bringup/share/ament_index/resource_index/parent_prefix_path/kachaka_bringup
-- Up-to-date: /home/yuto/kachaka_ws/install/kachaka_bringup/share/kachaka_bringup/environment/ament_prefix_path.sh
-- Up-to-date: /home/yuto/kachaka_ws/install/kachaka_bringup/share/kachaka_bringup/environment/ament_prefix_path.dsv
-- Up-to-date: /home/yuto/kachaka_ws/install/kachaka_bringup/share/kachaka_bringup/environment/path.sh
-- Up-to-date: /home/yuto/kachaka_ws/install/kachaka_bringup/share/kachaka_bringup/environment/path.dsv
-- Up-to-date: /home/yuto/kachaka_ws/install/kachaka_bringup/share/kachaka_bringup/local_setup.bash
-- Up-to-date: /home/yuto/kachaka_ws/install/kachaka_bringup/share/kachaka_bringup/local_setup.sh
-- Up-to-date: /home/yuto/kachaka_ws/install/kachaka_bringup/share/kachaka_bringup/local_setup.zsh
-- Up-to-date: /home/yuto/kachaka_ws/install/kachaka_bringup/share/kachaka_bringup/local_setup.dsv
-- Installing: /home/yuto/kachaka_ws/install/kachaka_bringup/share/kachaka_bringup/package.dsv
-- Up-to-date: /home/yuto/kachaka_ws/install/kachaka_bringup/share/ament_index/resource_index/packages/kachaka_bringup
-- Up-to-date: /home/yuto/kachaka_ws/install/kachaka_bringup/share/kachaka_bringup/cmake/kachaka_bringupConfig.cmake
-- Up-to-date: /home/yuto/kachaka_ws/install/kachaka_bringup/share/kachaka_bringup/cmake/kachaka_bringupConfig-version.cmake
-- Up-to-date: /home/yuto/kachaka_ws/install/kachaka_bringup/share/kachaka_bringup/package.xml
